[2024-07-13T20:51:17.250+0100] {local_task_job_runner.py:120} INFO - ::group::Pre task execution logs
[2024-07-13T20:51:17.300+0100] {taskinstance.py:2076} INFO - Dependencies all met for dep_context=non-requeueable deps ti=<TaskInstance: pleaserun.fit_prediction scheduled__2024-07-13T19:42:00+00:00 [queued]>
[2024-07-13T20:51:17.503+0100] {taskinstance.py:2076} INFO - Dependencies all met for dep_context=requeueable deps ti=<TaskInstance: pleaserun.fit_prediction scheduled__2024-07-13T19:42:00+00:00 [queued]>
[2024-07-13T20:51:17.504+0100] {taskinstance.py:2306} INFO - Starting attempt 1 of 1
[2024-07-13T20:51:17.516+0100] {taskinstance.py:2330} INFO - Executing <Task(_PythonDecoratedOperator): fit_prediction> on 2024-07-13 19:42:00+00:00
[2024-07-13T20:51:17.534+0100] {logging_mixin.py:188} WARNING - /Library/Frameworks/Python.framework/Versions/3.12/lib/python3.12/site-packages/airflow/task/task_runner/standard_task_runner.py:61 DeprecationWarning: This process (pid=13348) is multi-threaded, use of fork() may lead to deadlocks in the child.
[2024-07-13T20:51:17.535+0100] {standard_task_runner.py:63} INFO - Started process 13361 to run task
[2024-07-13T20:51:17.536+0100] {standard_task_runner.py:90} INFO - Running: ['airflow', 'tasks', 'run', 'pleaserun', 'fit_prediction', 'scheduled__2024-07-13T19:42:00+00:00', '--job-id', '5', '--raw', '--subdir', 'DAGS_FOLDER/dag2.py', '--cfg-path', '/var/folders/ml/zd6cs33j1gs1prd5lpns9pnc0000gn/T/tmp1nl04bj7']
[2024-07-13T20:51:17.538+0100] {standard_task_runner.py:91} INFO - Job 5: Subtask fit_prediction
[2024-07-13T20:51:17.612+0100] {task_command.py:426} INFO - Running <TaskInstance: pleaserun.fit_prediction scheduled__2024-07-13T19:42:00+00:00 [running]> on host MAKs-MacBook-Pro.local
[2024-07-13T20:51:17.816+0100] {taskinstance.py:2648} INFO - Exporting env vars: AIRFLOW_CTX_DAG_OWNER='airflow' AIRFLOW_CTX_DAG_ID='pleaserun' AIRFLOW_CTX_TASK_ID='fit_prediction' AIRFLOW_CTX_EXECUTION_DATE='2024-07-13T19:42:00+00:00' AIRFLOW_CTX_TRY_NUMBER='1' AIRFLOW_CTX_DAG_RUN_ID='scheduled__2024-07-13T19:42:00+00:00'
[2024-07-13T20:51:17.818+0100] {taskinstance.py:430} INFO - ::endgroup::
[2024-07-13T20:51:18.357+0100] {forecaster.py:961} INFO - Disabling daily seasonality. Run prophet with daily_seasonality=True to override this.
[2024-07-13T20:51:18.720+0100] {filesystem.py:118} DEBUG - input tempfile: /var/folders/ml/zd6cs33j1gs1prd5lpns9pnc0000gn/T/tmpftnk0hak/gqa8qans.json
[2024-07-13T20:51:21.181+0100] {filesystem.py:118} DEBUG - input tempfile: /var/folders/ml/zd6cs33j1gs1prd5lpns9pnc0000gn/T/tmpftnk0hak/t92bd5y2.json
[2024-07-13T20:51:21.183+0100] {model.py:2042} DEBUG - idx 0
[2024-07-13T20:51:21.184+0100] {model.py:2043} DEBUG - running CmdStan, num_threads: None
[2024-07-13T20:51:21.184+0100] {model.py:2055} DEBUG - CmdStan args: ['/Library/Frameworks/Python.framework/Versions/3.12/lib/python3.12/site-packages/prophet/stan_model/prophet_model.bin', 'random', 'seed=46570', 'data', 'file=/var/folders/ml/zd6cs33j1gs1prd5lpns9pnc0000gn/T/tmpftnk0hak/gqa8qans.json', 'init=/var/folders/ml/zd6cs33j1gs1prd5lpns9pnc0000gn/T/tmpftnk0hak/t92bd5y2.json', 'output', 'file=/var/folders/ml/zd6cs33j1gs1prd5lpns9pnc0000gn/T/tmpftnk0hak/prophet_modelx5t2w0g6/prophet_model-20240713205121.csv', 'method=optimize', 'algorithm=lbfgs', 'iter=10000']
[2024-07-13T20:51:21.185+0100] {logging_mixin.py:188} WARNING - 20:51:21 - cmdstanpy - INFO - Chain [1] start processing
[2024-07-13T20:51:21.184+0100] {model.py:2058} INFO - Chain [1] start processing
[2024-07-13T20:52:39.468+0100] {logging_mixin.py:188} WARNING - 20:52:39 - cmdstanpy - INFO - Chain [1] done processing
[2024-07-13T20:52:39.467+0100] {model.py:2115} INFO - Chain [1] done processing
[2024-07-13T20:52:39.666+0100] {python.py:237} INFO - Done. Returned value was: None
[2024-07-13T20:52:39.667+0100] {taskinstance.py:441} INFO - ::group::Post task execution logs
[2024-07-13T20:52:39.675+0100] {taskinstance.py:1206} INFO - Marking task as SUCCESS. dag_id=pleaserun, task_id=fit_prediction, run_id=scheduled__2024-07-13T19:42:00+00:00, execution_date=20240713T194200, start_date=20240713T195117, end_date=20240713T195239
[2024-07-13T20:52:39.739+0100] {local_task_job_runner.py:240} INFO - Task exited with return code 0
[2024-07-13T20:52:39.757+0100] {taskinstance.py:3503} INFO - 0 downstream tasks scheduled from follow-on schedule check
[2024-07-13T20:52:39.757+0100] {local_task_job_runner.py:222} INFO - ::endgroup::
