[2024-07-16T11:36:16.120+0100] {processor.py:161} INFO - Started process (PID=8141) to work on /Users/mak/Desktop/Code_With_Me/Sentiment project/dags/dag1.py
[2024-07-16T11:36:16.122+0100] {processor.py:830} INFO - Processing file /Users/mak/Desktop/Code_With_Me/Sentiment project/dags/dag1.py for tasks to queue
[2024-07-16T11:36:16.123+0100] {logging_mixin.py:188} INFO - [2024-07-16T11:36:16.123+0100] {dagbag.py:545} INFO - Filling up the DagBag from /Users/mak/Desktop/Code_With_Me/Sentiment project/dags/dag1.py
[2024-07-16T11:36:20.873+0100] {logging_mixin.py:188} INFO - [2024-07-16T11:36:20.873+0100] {config.py:58} INFO - PyTorch version 2.2.2 available.
[2024-07-16T11:36:20.876+0100] {logging_mixin.py:188} INFO - [2024-07-16T11:36:20.876+0100] {config.py:70} INFO - Polars version 1.1.0 available.
[2024-07-16T11:36:29.582+0100] {processor.py:840} INFO - DAG(s) 'morning' retrieved from /Users/mak/Desktop/Code_With_Me/Sentiment project/dags/dag1.py
[2024-07-16T11:36:29.943+0100] {logging_mixin.py:188} INFO - [2024-07-16T11:36:29.943+0100] {dag.py:3096} INFO - Sync 1 DAGs
[2024-07-16T11:36:29.963+0100] {logging_mixin.py:188} INFO - [2024-07-16T11:36:29.963+0100] {dag.py:3954} INFO - Setting next_dagrun for morning to 2024-07-15 06:00:00+00:00, run_after=2024-07-16 06:00:00+00:00
[2024-07-16T11:36:29.995+0100] {processor.py:183} INFO - Processing /Users/mak/Desktop/Code_With_Me/Sentiment project/dags/dag1.py took 13.877 seconds
[2024-07-16T11:37:04.589+0100] {processor.py:161} INFO - Started process (PID=8191) to work on /Users/mak/Desktop/Code_With_Me/Sentiment project/dags/dag1.py
[2024-07-16T11:37:04.591+0100] {processor.py:830} INFO - Processing file /Users/mak/Desktop/Code_With_Me/Sentiment project/dags/dag1.py for tasks to queue
[2024-07-16T11:37:04.592+0100] {logging_mixin.py:188} INFO - [2024-07-16T11:37:04.592+0100] {dagbag.py:545} INFO - Filling up the DagBag from /Users/mak/Desktop/Code_With_Me/Sentiment project/dags/dag1.py
[2024-07-16T11:37:09.025+0100] {logging_mixin.py:188} INFO - [2024-07-16T11:37:09.025+0100] {config.py:58} INFO - PyTorch version 2.2.2 available.
[2024-07-16T11:37:09.027+0100] {logging_mixin.py:188} INFO - [2024-07-16T11:37:09.027+0100] {config.py:70} INFO - Polars version 1.1.0 available.
[2024-07-16T11:37:15.339+0100] {processor.py:840} INFO - DAG(s) 'morning' retrieved from /Users/mak/Desktop/Code_With_Me/Sentiment project/dags/dag1.py
[2024-07-16T11:37:15.525+0100] {logging_mixin.py:188} INFO - [2024-07-16T11:37:15.525+0100] {dag.py:3096} INFO - Sync 1 DAGs
[2024-07-16T11:37:15.546+0100] {logging_mixin.py:188} INFO - [2024-07-16T11:37:15.546+0100] {dag.py:3954} INFO - Setting next_dagrun for morning to 2024-07-15 06:00:00+00:00, run_after=2024-07-16 06:00:00+00:00
[2024-07-16T11:37:15.567+0100] {processor.py:183} INFO - Processing /Users/mak/Desktop/Code_With_Me/Sentiment project/dags/dag1.py took 10.980 seconds
[2024-07-16T11:37:55.555+0100] {processor.py:161} INFO - Started process (PID=8245) to work on /Users/mak/Desktop/Code_With_Me/Sentiment project/dags/dag1.py
[2024-07-16T11:37:55.558+0100] {processor.py:830} INFO - Processing file /Users/mak/Desktop/Code_With_Me/Sentiment project/dags/dag1.py for tasks to queue
[2024-07-16T11:37:55.558+0100] {logging_mixin.py:188} INFO - [2024-07-16T11:37:55.558+0100] {dagbag.py:545} INFO - Filling up the DagBag from /Users/mak/Desktop/Code_With_Me/Sentiment project/dags/dag1.py
[2024-07-16T11:38:00.546+0100] {logging_mixin.py:188} INFO - [2024-07-16T11:38:00.545+0100] {config.py:58} INFO - PyTorch version 2.2.2 available.
[2024-07-16T11:38:00.548+0100] {logging_mixin.py:188} INFO - [2024-07-16T11:38:00.548+0100] {config.py:70} INFO - Polars version 1.1.0 available.
[2024-07-16T11:38:08.698+0100] {processor.py:840} INFO - DAG(s) 'morning' retrieved from /Users/mak/Desktop/Code_With_Me/Sentiment project/dags/dag1.py
[2024-07-16T11:38:08.869+0100] {logging_mixin.py:188} INFO - [2024-07-16T11:38:08.868+0100] {dag.py:3096} INFO - Sync 1 DAGs
[2024-07-16T11:38:08.896+0100] {logging_mixin.py:188} INFO - [2024-07-16T11:38:08.895+0100] {dag.py:3954} INFO - Setting next_dagrun for morning to 2024-07-15 06:00:00+00:00, run_after=2024-07-16 06:00:00+00:00
[2024-07-16T11:38:08.919+0100] {processor.py:183} INFO - Processing /Users/mak/Desktop/Code_With_Me/Sentiment project/dags/dag1.py took 13.366 seconds
[2024-07-16T11:39:31.181+0100] {processor.py:161} INFO - Started process (PID=8317) to work on /Users/mak/Desktop/Code_With_Me/Sentiment project/dags/dag1.py
[2024-07-16T11:39:31.183+0100] {processor.py:830} INFO - Processing file /Users/mak/Desktop/Code_With_Me/Sentiment project/dags/dag1.py for tasks to queue
[2024-07-16T11:39:31.183+0100] {logging_mixin.py:188} INFO - [2024-07-16T11:39:31.183+0100] {dagbag.py:545} INFO - Filling up the DagBag from /Users/mak/Desktop/Code_With_Me/Sentiment project/dags/dag1.py
[2024-07-16T11:39:36.072+0100] {logging_mixin.py:188} INFO - [2024-07-16T11:39:36.071+0100] {config.py:58} INFO - PyTorch version 2.2.2 available.
[2024-07-16T11:39:36.074+0100] {logging_mixin.py:188} INFO - [2024-07-16T11:39:36.074+0100] {config.py:70} INFO - Polars version 1.1.0 available.
[2024-07-16T11:39:40.337+0100] {processor.py:840} INFO - DAG(s) 'morning' retrieved from /Users/mak/Desktop/Code_With_Me/Sentiment project/dags/dag1.py
[2024-07-16T11:39:40.497+0100] {logging_mixin.py:188} INFO - [2024-07-16T11:39:40.497+0100] {dag.py:3096} INFO - Sync 1 DAGs
[2024-07-16T11:39:40.521+0100] {logging_mixin.py:188} INFO - [2024-07-16T11:39:40.521+0100] {dag.py:3954} INFO - Setting next_dagrun for morning to 2024-07-16 06:00:00+00:00, run_after=2024-07-17 06:00:00+00:00
[2024-07-16T11:39:40.545+0100] {processor.py:183} INFO - Processing /Users/mak/Desktop/Code_With_Me/Sentiment project/dags/dag1.py took 9.367 seconds
[2024-07-16T11:40:22.758+0100] {processor.py:161} INFO - Started process (PID=8358) to work on /Users/mak/Desktop/Code_With_Me/Sentiment project/dags/dag1.py
[2024-07-16T11:40:22.760+0100] {processor.py:830} INFO - Processing file /Users/mak/Desktop/Code_With_Me/Sentiment project/dags/dag1.py for tasks to queue
[2024-07-16T11:40:22.761+0100] {logging_mixin.py:188} INFO - [2024-07-16T11:40:22.761+0100] {dagbag.py:545} INFO - Filling up the DagBag from /Users/mak/Desktop/Code_With_Me/Sentiment project/dags/dag1.py
[2024-07-16T11:40:29.656+0100] {logging_mixin.py:188} INFO - [2024-07-16T11:40:29.656+0100] {config.py:58} INFO - PyTorch version 2.2.2 available.
[2024-07-16T11:40:29.658+0100] {logging_mixin.py:188} INFO - [2024-07-16T11:40:29.658+0100] {config.py:70} INFO - Polars version 1.1.0 available.
[2024-07-16T11:40:36.243+0100] {processor.py:840} INFO - DAG(s) 'morning' retrieved from /Users/mak/Desktop/Code_With_Me/Sentiment project/dags/dag1.py
[2024-07-16T11:40:36.459+0100] {logging_mixin.py:188} INFO - [2024-07-16T11:40:36.457+0100] {dag.py:3096} INFO - Sync 1 DAGs
[2024-07-16T11:40:36.483+0100] {logging_mixin.py:188} INFO - [2024-07-16T11:40:36.483+0100] {dag.py:3954} INFO - Setting next_dagrun for morning to 2024-07-16 06:00:00+00:00, run_after=2024-07-17 06:00:00+00:00
[2024-07-16T11:40:36.507+0100] {processor.py:183} INFO - Processing /Users/mak/Desktop/Code_With_Me/Sentiment project/dags/dag1.py took 13.751 seconds
[2024-07-16T11:41:19.427+0100] {processor.py:161} INFO - Started process (PID=8441) to work on /Users/mak/Desktop/Code_With_Me/Sentiment project/dags/dag1.py
[2024-07-16T11:41:19.428+0100] {processor.py:830} INFO - Processing file /Users/mak/Desktop/Code_With_Me/Sentiment project/dags/dag1.py for tasks to queue
[2024-07-16T11:41:19.429+0100] {logging_mixin.py:188} INFO - [2024-07-16T11:41:19.429+0100] {dagbag.py:545} INFO - Filling up the DagBag from /Users/mak/Desktop/Code_With_Me/Sentiment project/dags/dag1.py
[2024-07-16T11:41:23.525+0100] {logging_mixin.py:188} INFO - [2024-07-16T11:41:23.524+0100] {config.py:58} INFO - PyTorch version 2.2.2 available.
[2024-07-16T11:41:23.526+0100] {logging_mixin.py:188} INFO - [2024-07-16T11:41:23.526+0100] {config.py:70} INFO - Polars version 1.1.0 available.
[2024-07-16T11:41:27.295+0100] {processor.py:840} INFO - DAG(s) 'morning' retrieved from /Users/mak/Desktop/Code_With_Me/Sentiment project/dags/dag1.py
[2024-07-16T11:41:27.500+0100] {logging_mixin.py:188} INFO - [2024-07-16T11:41:27.499+0100] {dag.py:3096} INFO - Sync 1 DAGs
[2024-07-16T11:41:27.524+0100] {logging_mixin.py:188} INFO - [2024-07-16T11:41:27.523+0100] {dag.py:3954} INFO - Setting next_dagrun for morning to 2024-07-16 06:00:00+00:00, run_after=2024-07-17 06:00:00+00:00
[2024-07-16T11:41:27.547+0100] {processor.py:183} INFO - Processing /Users/mak/Desktop/Code_With_Me/Sentiment project/dags/dag1.py took 8.123 seconds
[2024-07-16T11:42:03.222+0100] {processor.py:161} INFO - Started process (PID=8486) to work on /Users/mak/Desktop/Code_With_Me/Sentiment project/dags/dag1.py
[2024-07-16T11:42:03.224+0100] {processor.py:830} INFO - Processing file /Users/mak/Desktop/Code_With_Me/Sentiment project/dags/dag1.py for tasks to queue
[2024-07-16T11:42:03.225+0100] {logging_mixin.py:188} INFO - [2024-07-16T11:42:03.224+0100] {dagbag.py:545} INFO - Filling up the DagBag from /Users/mak/Desktop/Code_With_Me/Sentiment project/dags/dag1.py
[2024-07-16T11:42:07.150+0100] {logging_mixin.py:188} INFO - [2024-07-16T11:42:07.150+0100] {config.py:58} INFO - PyTorch version 2.2.2 available.
[2024-07-16T11:42:07.153+0100] {logging_mixin.py:188} INFO - [2024-07-16T11:42:07.152+0100] {config.py:70} INFO - Polars version 1.1.0 available.
[2024-07-16T11:42:10.680+0100] {processor.py:840} INFO - DAG(s) 'morning' retrieved from /Users/mak/Desktop/Code_With_Me/Sentiment project/dags/dag1.py
[2024-07-16T11:42:10.812+0100] {logging_mixin.py:188} INFO - [2024-07-16T11:42:10.812+0100] {dag.py:3096} INFO - Sync 1 DAGs
[2024-07-16T11:42:10.832+0100] {logging_mixin.py:188} INFO - [2024-07-16T11:42:10.832+0100] {dag.py:3954} INFO - Setting next_dagrun for morning to 2024-07-16 06:00:00+00:00, run_after=2024-07-17 06:00:00+00:00
[2024-07-16T11:42:10.853+0100] {processor.py:183} INFO - Processing /Users/mak/Desktop/Code_With_Me/Sentiment project/dags/dag1.py took 7.634 seconds
[2024-07-16T11:42:52.626+0100] {processor.py:161} INFO - Started process (PID=8535) to work on /Users/mak/Desktop/Code_With_Me/Sentiment project/dags/dag1.py
[2024-07-16T11:42:52.628+0100] {processor.py:830} INFO - Processing file /Users/mak/Desktop/Code_With_Me/Sentiment project/dags/dag1.py for tasks to queue
[2024-07-16T11:42:52.629+0100] {logging_mixin.py:188} INFO - [2024-07-16T11:42:52.629+0100] {dagbag.py:545} INFO - Filling up the DagBag from /Users/mak/Desktop/Code_With_Me/Sentiment project/dags/dag1.py
[2024-07-16T11:42:57.411+0100] {logging_mixin.py:188} INFO - [2024-07-16T11:42:57.410+0100] {config.py:58} INFO - PyTorch version 2.2.2 available.
[2024-07-16T11:42:57.412+0100] {logging_mixin.py:188} INFO - [2024-07-16T11:42:57.412+0100] {config.py:70} INFO - Polars version 1.1.0 available.
[2024-07-16T11:43:05.199+0100] {processor.py:840} INFO - DAG(s) 'morning' retrieved from /Users/mak/Desktop/Code_With_Me/Sentiment project/dags/dag1.py
[2024-07-16T11:43:05.423+0100] {logging_mixin.py:188} INFO - [2024-07-16T11:43:05.422+0100] {dag.py:3096} INFO - Sync 1 DAGs
[2024-07-16T11:43:05.454+0100] {logging_mixin.py:188} INFO - [2024-07-16T11:43:05.454+0100] {dag.py:3954} INFO - Setting next_dagrun for morning to 2024-07-16 06:00:00+00:00, run_after=2024-07-17 06:00:00+00:00
[2024-07-16T11:43:05.481+0100] {processor.py:183} INFO - Processing /Users/mak/Desktop/Code_With_Me/Sentiment project/dags/dag1.py took 12.859 seconds
[2024-07-16T11:43:40.129+0100] {processor.py:161} INFO - Started process (PID=8575) to work on /Users/mak/Desktop/Code_With_Me/Sentiment project/dags/dag1.py
[2024-07-16T11:43:40.130+0100] {processor.py:830} INFO - Processing file /Users/mak/Desktop/Code_With_Me/Sentiment project/dags/dag1.py for tasks to queue
[2024-07-16T11:43:40.131+0100] {logging_mixin.py:188} INFO - [2024-07-16T11:43:40.131+0100] {dagbag.py:545} INFO - Filling up the DagBag from /Users/mak/Desktop/Code_With_Me/Sentiment project/dags/dag1.py
[2024-07-16T11:43:43.930+0100] {logging_mixin.py:188} INFO - [2024-07-16T11:43:43.929+0100] {config.py:58} INFO - PyTorch version 2.2.2 available.
[2024-07-16T11:43:43.931+0100] {logging_mixin.py:188} INFO - [2024-07-16T11:43:43.931+0100] {config.py:70} INFO - Polars version 1.1.0 available.
[2024-07-16T11:43:47.089+0100] {processor.py:840} INFO - DAG(s) 'morning' retrieved from /Users/mak/Desktop/Code_With_Me/Sentiment project/dags/dag1.py
[2024-07-16T11:43:47.214+0100] {logging_mixin.py:188} INFO - [2024-07-16T11:43:47.214+0100] {dag.py:3096} INFO - Sync 1 DAGs
[2024-07-16T11:43:47.235+0100] {logging_mixin.py:188} INFO - [2024-07-16T11:43:47.235+0100] {dag.py:3954} INFO - Setting next_dagrun for morning to 2024-07-16 06:00:00+00:00, run_after=2024-07-17 06:00:00+00:00
[2024-07-16T11:43:47.258+0100] {processor.py:183} INFO - Processing /Users/mak/Desktop/Code_With_Me/Sentiment project/dags/dag1.py took 7.132 seconds
[2024-07-16T11:44:21.161+0100] {processor.py:161} INFO - Started process (PID=8626) to work on /Users/mak/Desktop/Code_With_Me/Sentiment project/dags/dag1.py
[2024-07-16T11:44:21.163+0100] {processor.py:830} INFO - Processing file /Users/mak/Desktop/Code_With_Me/Sentiment project/dags/dag1.py for tasks to queue
[2024-07-16T11:44:21.164+0100] {logging_mixin.py:188} INFO - [2024-07-16T11:44:21.164+0100] {dagbag.py:545} INFO - Filling up the DagBag from /Users/mak/Desktop/Code_With_Me/Sentiment project/dags/dag1.py
[2024-07-16T11:44:24.925+0100] {logging_mixin.py:188} INFO - [2024-07-16T11:44:24.924+0100] {config.py:58} INFO - PyTorch version 2.2.2 available.
[2024-07-16T11:44:24.926+0100] {logging_mixin.py:188} INFO - [2024-07-16T11:44:24.926+0100] {config.py:70} INFO - Polars version 1.1.0 available.
[2024-07-16T11:44:28.482+0100] {processor.py:840} INFO - DAG(s) 'morning' retrieved from /Users/mak/Desktop/Code_With_Me/Sentiment project/dags/dag1.py
[2024-07-16T11:44:28.632+0100] {logging_mixin.py:188} INFO - [2024-07-16T11:44:28.631+0100] {dag.py:3096} INFO - Sync 1 DAGs
[2024-07-16T11:44:28.653+0100] {logging_mixin.py:188} INFO - [2024-07-16T11:44:28.653+0100] {dag.py:3954} INFO - Setting next_dagrun for morning to 2024-07-16 06:00:00+00:00, run_after=2024-07-17 06:00:00+00:00
[2024-07-16T11:44:28.676+0100] {processor.py:183} INFO - Processing /Users/mak/Desktop/Code_With_Me/Sentiment project/dags/dag1.py took 7.517 seconds
[2024-07-16T11:45:01.913+0100] {processor.py:161} INFO - Started process (PID=8663) to work on /Users/mak/Desktop/Code_With_Me/Sentiment project/dags/dag1.py
[2024-07-16T11:45:01.915+0100] {processor.py:830} INFO - Processing file /Users/mak/Desktop/Code_With_Me/Sentiment project/dags/dag1.py for tasks to queue
[2024-07-16T11:45:01.915+0100] {logging_mixin.py:188} INFO - [2024-07-16T11:45:01.915+0100] {dagbag.py:545} INFO - Filling up the DagBag from /Users/mak/Desktop/Code_With_Me/Sentiment project/dags/dag1.py
[2024-07-16T11:45:05.630+0100] {logging_mixin.py:188} INFO - [2024-07-16T11:45:05.630+0100] {config.py:58} INFO - PyTorch version 2.2.2 available.
[2024-07-16T11:45:05.632+0100] {logging_mixin.py:188} INFO - [2024-07-16T11:45:05.632+0100] {config.py:70} INFO - Polars version 1.1.0 available.
[2024-07-16T11:45:08.891+0100] {processor.py:840} INFO - DAG(s) 'morning' retrieved from /Users/mak/Desktop/Code_With_Me/Sentiment project/dags/dag1.py
[2024-07-16T11:45:09.028+0100] {logging_mixin.py:188} INFO - [2024-07-16T11:45:09.027+0100] {dag.py:3096} INFO - Sync 1 DAGs
[2024-07-16T11:45:09.048+0100] {logging_mixin.py:188} INFO - [2024-07-16T11:45:09.047+0100] {dag.py:3954} INFO - Setting next_dagrun for morning to 2024-07-16 06:00:00+00:00, run_after=2024-07-17 06:00:00+00:00
[2024-07-16T11:45:09.068+0100] {processor.py:183} INFO - Processing /Users/mak/Desktop/Code_With_Me/Sentiment project/dags/dag1.py took 7.157 seconds
[2024-07-16T11:45:42.903+0100] {processor.py:161} INFO - Started process (PID=8699) to work on /Users/mak/Desktop/Code_With_Me/Sentiment project/dags/dag1.py
[2024-07-16T11:45:42.904+0100] {processor.py:830} INFO - Processing file /Users/mak/Desktop/Code_With_Me/Sentiment project/dags/dag1.py for tasks to queue
[2024-07-16T11:45:42.905+0100] {logging_mixin.py:188} INFO - [2024-07-16T11:45:42.905+0100] {dagbag.py:545} INFO - Filling up the DagBag from /Users/mak/Desktop/Code_With_Me/Sentiment project/dags/dag1.py
[2024-07-16T11:45:46.608+0100] {logging_mixin.py:188} INFO - [2024-07-16T11:45:46.607+0100] {config.py:58} INFO - PyTorch version 2.2.2 available.
[2024-07-16T11:45:46.610+0100] {logging_mixin.py:188} INFO - [2024-07-16T11:45:46.609+0100] {config.py:70} INFO - Polars version 1.1.0 available.
[2024-07-16T11:45:52.206+0100] {processor.py:840} INFO - DAG(s) 'morning' retrieved from /Users/mak/Desktop/Code_With_Me/Sentiment project/dags/dag1.py
[2024-07-16T11:45:52.383+0100] {logging_mixin.py:188} INFO - [2024-07-16T11:45:52.382+0100] {dag.py:3096} INFO - Sync 1 DAGs
[2024-07-16T11:45:52.416+0100] {logging_mixin.py:188} INFO - [2024-07-16T11:45:52.416+0100] {dag.py:3954} INFO - Setting next_dagrun for morning to 2024-07-16 06:00:00+00:00, run_after=2024-07-17 06:00:00+00:00
[2024-07-16T11:45:52.439+0100] {processor.py:183} INFO - Processing /Users/mak/Desktop/Code_With_Me/Sentiment project/dags/dag1.py took 9.538 seconds
[2024-07-16T11:46:27.170+0100] {processor.py:161} INFO - Started process (PID=8748) to work on /Users/mak/Desktop/Code_With_Me/Sentiment project/dags/dag1.py
[2024-07-16T11:46:27.171+0100] {processor.py:830} INFO - Processing file /Users/mak/Desktop/Code_With_Me/Sentiment project/dags/dag1.py for tasks to queue
[2024-07-16T11:46:27.172+0100] {logging_mixin.py:188} INFO - [2024-07-16T11:46:27.172+0100] {dagbag.py:545} INFO - Filling up the DagBag from /Users/mak/Desktop/Code_With_Me/Sentiment project/dags/dag1.py
[2024-07-16T11:46:30.942+0100] {logging_mixin.py:188} INFO - [2024-07-16T11:46:30.941+0100] {config.py:58} INFO - PyTorch version 2.2.2 available.
[2024-07-16T11:46:30.943+0100] {logging_mixin.py:188} INFO - [2024-07-16T11:46:30.943+0100] {config.py:70} INFO - Polars version 1.1.0 available.
[2024-07-16T11:46:34.288+0100] {processor.py:840} INFO - DAG(s) 'morning' retrieved from /Users/mak/Desktop/Code_With_Me/Sentiment project/dags/dag1.py
[2024-07-16T11:46:34.421+0100] {logging_mixin.py:188} INFO - [2024-07-16T11:46:34.420+0100] {dag.py:3096} INFO - Sync 1 DAGs
[2024-07-16T11:46:34.444+0100] {logging_mixin.py:188} INFO - [2024-07-16T11:46:34.444+0100] {dag.py:3954} INFO - Setting next_dagrun for morning to 2024-07-16 06:00:00+00:00, run_after=2024-07-17 06:00:00+00:00
[2024-07-16T11:46:34.465+0100] {processor.py:183} INFO - Processing /Users/mak/Desktop/Code_With_Me/Sentiment project/dags/dag1.py took 7.298 seconds
[2024-07-16T11:47:08.464+0100] {processor.py:161} INFO - Started process (PID=8808) to work on /Users/mak/Desktop/Code_With_Me/Sentiment project/dags/dag1.py
[2024-07-16T11:47:08.466+0100] {processor.py:830} INFO - Processing file /Users/mak/Desktop/Code_With_Me/Sentiment project/dags/dag1.py for tasks to queue
[2024-07-16T11:47:08.467+0100] {logging_mixin.py:188} INFO - [2024-07-16T11:47:08.467+0100] {dagbag.py:545} INFO - Filling up the DagBag from /Users/mak/Desktop/Code_With_Me/Sentiment project/dags/dag1.py
[2024-07-16T11:47:13.448+0100] {logging_mixin.py:188} INFO - [2024-07-16T11:47:13.447+0100] {config.py:58} INFO - PyTorch version 2.2.2 available.
[2024-07-16T11:47:13.450+0100] {logging_mixin.py:188} INFO - [2024-07-16T11:47:13.449+0100] {config.py:70} INFO - Polars version 1.1.0 available.
[2024-07-16T11:47:18.501+0100] {processor.py:840} INFO - DAG(s) 'morning' retrieved from /Users/mak/Desktop/Code_With_Me/Sentiment project/dags/dag1.py
[2024-07-16T11:47:18.647+0100] {logging_mixin.py:188} INFO - [2024-07-16T11:47:18.646+0100] {dag.py:3096} INFO - Sync 1 DAGs
[2024-07-16T11:47:18.667+0100] {logging_mixin.py:188} INFO - [2024-07-16T11:47:18.667+0100] {dag.py:3954} INFO - Setting next_dagrun for morning to 2024-07-16 06:00:00+00:00, run_after=2024-07-17 06:00:00+00:00
[2024-07-16T11:47:18.688+0100] {processor.py:183} INFO - Processing /Users/mak/Desktop/Code_With_Me/Sentiment project/dags/dag1.py took 10.226 seconds
[2024-07-16T11:47:55.444+0100] {processor.py:161} INFO - Started process (PID=8856) to work on /Users/mak/Desktop/Code_With_Me/Sentiment project/dags/dag1.py
[2024-07-16T11:47:55.446+0100] {processor.py:830} INFO - Processing file /Users/mak/Desktop/Code_With_Me/Sentiment project/dags/dag1.py for tasks to queue
[2024-07-16T11:47:55.446+0100] {logging_mixin.py:188} INFO - [2024-07-16T11:47:55.446+0100] {dagbag.py:545} INFO - Filling up the DagBag from /Users/mak/Desktop/Code_With_Me/Sentiment project/dags/dag1.py
[2024-07-16T11:48:00.818+0100] {logging_mixin.py:188} INFO - [2024-07-16T11:48:00.817+0100] {config.py:58} INFO - PyTorch version 2.2.2 available.
[2024-07-16T11:48:00.821+0100] {logging_mixin.py:188} INFO - [2024-07-16T11:48:00.820+0100] {config.py:70} INFO - Polars version 1.1.0 available.
[2024-07-16T11:48:06.892+0100] {processor.py:840} INFO - DAG(s) 'morning' retrieved from /Users/mak/Desktop/Code_With_Me/Sentiment project/dags/dag1.py
[2024-07-16T11:48:07.050+0100] {logging_mixin.py:188} INFO - [2024-07-16T11:48:07.049+0100] {dag.py:3096} INFO - Sync 1 DAGs
[2024-07-16T11:48:07.075+0100] {logging_mixin.py:188} INFO - [2024-07-16T11:48:07.074+0100] {dag.py:3954} INFO - Setting next_dagrun for morning to 2024-07-16 06:00:00+00:00, run_after=2024-07-17 06:00:00+00:00
[2024-07-16T11:48:07.097+0100] {processor.py:183} INFO - Processing /Users/mak/Desktop/Code_With_Me/Sentiment project/dags/dag1.py took 11.657 seconds
[2024-07-16T11:48:43.846+0100] {processor.py:161} INFO - Started process (PID=8895) to work on /Users/mak/Desktop/Code_With_Me/Sentiment project/dags/dag1.py
[2024-07-16T11:48:43.862+0100] {processor.py:830} INFO - Processing file /Users/mak/Desktop/Code_With_Me/Sentiment project/dags/dag1.py for tasks to queue
[2024-07-16T11:48:43.864+0100] {logging_mixin.py:188} INFO - [2024-07-16T11:48:43.864+0100] {dagbag.py:545} INFO - Filling up the DagBag from /Users/mak/Desktop/Code_With_Me/Sentiment project/dags/dag1.py
[2024-07-16T11:48:58.404+0100] {logging_mixin.py:188} INFO - [2024-07-16T11:48:58.403+0100] {config.py:58} INFO - PyTorch version 2.2.2 available.
[2024-07-16T11:48:58.406+0100] {logging_mixin.py:188} INFO - [2024-07-16T11:48:58.406+0100] {config.py:70} INFO - Polars version 1.1.0 available.
[2024-07-16T11:49:10.056+0100] {processor.py:840} INFO - DAG(s) 'morning' retrieved from /Users/mak/Desktop/Code_With_Me/Sentiment project/dags/dag1.py
[2024-07-16T11:49:10.215+0100] {logging_mixin.py:188} INFO - [2024-07-16T11:49:10.215+0100] {dag.py:3096} INFO - Sync 1 DAGs
[2024-07-16T11:49:10.237+0100] {logging_mixin.py:188} INFO - [2024-07-16T11:49:10.237+0100] {dag.py:3954} INFO - Setting next_dagrun for morning to 2024-07-16 06:00:00+00:00, run_after=2024-07-17 06:00:00+00:00
[2024-07-16T11:49:10.267+0100] {processor.py:183} INFO - Processing /Users/mak/Desktop/Code_With_Me/Sentiment project/dags/dag1.py took 26.426 seconds
[2024-07-16T11:49:45.403+0100] {processor.py:161} INFO - Started process (PID=9000) to work on /Users/mak/Desktop/Code_With_Me/Sentiment project/dags/dag1.py
[2024-07-16T11:49:45.404+0100] {processor.py:830} INFO - Processing file /Users/mak/Desktop/Code_With_Me/Sentiment project/dags/dag1.py for tasks to queue
[2024-07-16T11:49:45.406+0100] {logging_mixin.py:188} INFO - [2024-07-16T11:49:45.405+0100] {dagbag.py:545} INFO - Filling up the DagBag from /Users/mak/Desktop/Code_With_Me/Sentiment project/dags/dag1.py
[2024-07-16T11:49:54.524+0100] {logging_mixin.py:188} INFO - [2024-07-16T11:49:54.523+0100] {config.py:58} INFO - PyTorch version 2.2.2 available.
[2024-07-16T11:49:54.525+0100] {logging_mixin.py:188} INFO - [2024-07-16T11:49:54.525+0100] {config.py:70} INFO - Polars version 1.1.0 available.
[2024-07-16T11:50:01.035+0100] {processor.py:840} INFO - DAG(s) 'morning' retrieved from /Users/mak/Desktop/Code_With_Me/Sentiment project/dags/dag1.py
[2024-07-16T11:50:01.208+0100] {logging_mixin.py:188} INFO - [2024-07-16T11:50:01.207+0100] {dag.py:3096} INFO - Sync 1 DAGs
[2024-07-16T11:50:01.237+0100] {logging_mixin.py:188} INFO - [2024-07-16T11:50:01.236+0100] {dag.py:3954} INFO - Setting next_dagrun for morning to 2024-07-16 06:00:00+00:00, run_after=2024-07-17 06:00:00+00:00
[2024-07-16T11:50:01.258+0100] {processor.py:183} INFO - Processing /Users/mak/Desktop/Code_With_Me/Sentiment project/dags/dag1.py took 15.858 seconds
[2024-07-16T11:50:36.803+0100] {processor.py:161} INFO - Started process (PID=9046) to work on /Users/mak/Desktop/Code_With_Me/Sentiment project/dags/dag1.py
[2024-07-16T11:50:36.805+0100] {processor.py:830} INFO - Processing file /Users/mak/Desktop/Code_With_Me/Sentiment project/dags/dag1.py for tasks to queue
[2024-07-16T11:50:36.806+0100] {logging_mixin.py:188} INFO - [2024-07-16T11:50:36.805+0100] {dagbag.py:545} INFO - Filling up the DagBag from /Users/mak/Desktop/Code_With_Me/Sentiment project/dags/dag1.py
[2024-07-16T11:50:44.121+0100] {logging_mixin.py:188} INFO - [2024-07-16T11:50:44.121+0100] {config.py:58} INFO - PyTorch version 2.2.2 available.
[2024-07-16T11:50:44.123+0100] {logging_mixin.py:188} INFO - [2024-07-16T11:50:44.123+0100] {config.py:70} INFO - Polars version 1.1.0 available.
[2024-07-16T11:50:50.784+0100] {processor.py:840} INFO - DAG(s) 'morning' retrieved from /Users/mak/Desktop/Code_With_Me/Sentiment project/dags/dag1.py
[2024-07-16T11:50:50.943+0100] {logging_mixin.py:188} INFO - [2024-07-16T11:50:50.943+0100] {dag.py:3096} INFO - Sync 1 DAGs
[2024-07-16T11:50:50.966+0100] {logging_mixin.py:188} INFO - [2024-07-16T11:50:50.965+0100] {dag.py:3954} INFO - Setting next_dagrun for morning to 2024-07-16 06:00:00+00:00, run_after=2024-07-17 06:00:00+00:00
[2024-07-16T11:50:50.989+0100] {processor.py:183} INFO - Processing /Users/mak/Desktop/Code_With_Me/Sentiment project/dags/dag1.py took 14.189 seconds
[2024-07-16T11:51:25.200+0100] {processor.py:161} INFO - Started process (PID=9080) to work on /Users/mak/Desktop/Code_With_Me/Sentiment project/dags/dag1.py
[2024-07-16T11:51:25.201+0100] {processor.py:830} INFO - Processing file /Users/mak/Desktop/Code_With_Me/Sentiment project/dags/dag1.py for tasks to queue
[2024-07-16T11:51:25.202+0100] {logging_mixin.py:188} INFO - [2024-07-16T11:51:25.202+0100] {dagbag.py:545} INFO - Filling up the DagBag from /Users/mak/Desktop/Code_With_Me/Sentiment project/dags/dag1.py
[2024-07-16T11:51:29.351+0100] {logging_mixin.py:188} INFO - [2024-07-16T11:51:29.351+0100] {config.py:58} INFO - PyTorch version 2.2.2 available.
[2024-07-16T11:51:29.353+0100] {logging_mixin.py:188} INFO - [2024-07-16T11:51:29.352+0100] {config.py:70} INFO - Polars version 1.1.0 available.
[2024-07-16T11:51:34.086+0100] {processor.py:840} INFO - DAG(s) 'morning' retrieved from /Users/mak/Desktop/Code_With_Me/Sentiment project/dags/dag1.py
[2024-07-16T11:51:34.224+0100] {logging_mixin.py:188} INFO - [2024-07-16T11:51:34.223+0100] {dag.py:3096} INFO - Sync 1 DAGs
[2024-07-16T11:51:34.245+0100] {logging_mixin.py:188} INFO - [2024-07-16T11:51:34.244+0100] {dag.py:3954} INFO - Setting next_dagrun for morning to 2024-07-16 06:00:00+00:00, run_after=2024-07-17 06:00:00+00:00
[2024-07-16T11:51:34.266+0100] {processor.py:183} INFO - Processing /Users/mak/Desktop/Code_With_Me/Sentiment project/dags/dag1.py took 9.068 seconds
[2024-07-16T11:52:08.253+0100] {processor.py:161} INFO - Started process (PID=9121) to work on /Users/mak/Desktop/Code_With_Me/Sentiment project/dags/dag1.py
[2024-07-16T11:52:08.255+0100] {processor.py:830} INFO - Processing file /Users/mak/Desktop/Code_With_Me/Sentiment project/dags/dag1.py for tasks to queue
[2024-07-16T11:52:08.257+0100] {logging_mixin.py:188} INFO - [2024-07-16T11:52:08.257+0100] {dagbag.py:545} INFO - Filling up the DagBag from /Users/mak/Desktop/Code_With_Me/Sentiment project/dags/dag1.py
[2024-07-16T11:52:12.607+0100] {logging_mixin.py:188} INFO - [2024-07-16T11:52:12.606+0100] {config.py:58} INFO - PyTorch version 2.2.2 available.
[2024-07-16T11:52:12.609+0100] {logging_mixin.py:188} INFO - [2024-07-16T11:52:12.608+0100] {config.py:70} INFO - Polars version 1.1.0 available.
[2024-07-16T11:52:19.498+0100] {processor.py:840} INFO - DAG(s) 'morning' retrieved from /Users/mak/Desktop/Code_With_Me/Sentiment project/dags/dag1.py
[2024-07-16T11:52:20.267+0100] {logging_mixin.py:188} INFO - [2024-07-16T11:52:20.267+0100] {dag.py:3096} INFO - Sync 1 DAGs
[2024-07-16T11:52:20.314+0100] {logging_mixin.py:188} INFO - [2024-07-16T11:52:20.314+0100] {dag.py:3954} INFO - Setting next_dagrun for morning to 2024-07-16 06:00:00+00:00, run_after=2024-07-17 06:00:00+00:00
[2024-07-16T11:52:20.367+0100] {processor.py:183} INFO - Processing /Users/mak/Desktop/Code_With_Me/Sentiment project/dags/dag1.py took 12.115 seconds
[2024-07-16T11:52:51.849+0100] {processor.py:161} INFO - Started process (PID=9174) to work on /Users/mak/Desktop/Code_With_Me/Sentiment project/dags/dag1.py
[2024-07-16T11:52:51.851+0100] {processor.py:830} INFO - Processing file /Users/mak/Desktop/Code_With_Me/Sentiment project/dags/dag1.py for tasks to queue
[2024-07-16T11:52:51.852+0100] {logging_mixin.py:188} INFO - [2024-07-16T11:52:51.851+0100] {dagbag.py:545} INFO - Filling up the DagBag from /Users/mak/Desktop/Code_With_Me/Sentiment project/dags/dag1.py
[2024-07-16T11:53:00.480+0100] {logging_mixin.py:188} INFO - [2024-07-16T11:53:00.480+0100] {config.py:58} INFO - PyTorch version 2.2.2 available.
[2024-07-16T11:53:00.482+0100] {logging_mixin.py:188} INFO - [2024-07-16T11:53:00.482+0100] {config.py:70} INFO - Polars version 1.1.0 available.
[2024-07-16T11:53:05.020+0100] {processor.py:840} INFO - DAG(s) 'morning' retrieved from /Users/mak/Desktop/Code_With_Me/Sentiment project/dags/dag1.py
[2024-07-16T11:53:05.210+0100] {logging_mixin.py:188} INFO - [2024-07-16T11:53:05.210+0100] {dag.py:3096} INFO - Sync 1 DAGs
[2024-07-16T11:53:05.232+0100] {logging_mixin.py:188} INFO - [2024-07-16T11:53:05.232+0100] {dag.py:3954} INFO - Setting next_dagrun for morning to 2024-07-16 06:00:00+00:00, run_after=2024-07-17 06:00:00+00:00
[2024-07-16T11:53:05.258+0100] {processor.py:183} INFO - Processing /Users/mak/Desktop/Code_With_Me/Sentiment project/dags/dag1.py took 13.411 seconds
[2024-07-16T11:53:40.136+0100] {processor.py:161} INFO - Started process (PID=9224) to work on /Users/mak/Desktop/Code_With_Me/Sentiment project/dags/dag1.py
[2024-07-16T11:53:40.138+0100] {processor.py:830} INFO - Processing file /Users/mak/Desktop/Code_With_Me/Sentiment project/dags/dag1.py for tasks to queue
[2024-07-16T11:53:40.139+0100] {logging_mixin.py:188} INFO - [2024-07-16T11:53:40.139+0100] {dagbag.py:545} INFO - Filling up the DagBag from /Users/mak/Desktop/Code_With_Me/Sentiment project/dags/dag1.py
[2024-07-16T11:53:44.158+0100] {logging_mixin.py:188} INFO - [2024-07-16T11:53:44.158+0100] {config.py:58} INFO - PyTorch version 2.2.2 available.
[2024-07-16T11:53:44.160+0100] {logging_mixin.py:188} INFO - [2024-07-16T11:53:44.159+0100] {config.py:70} INFO - Polars version 1.1.0 available.
[2024-07-16T11:53:47.534+0100] {processor.py:840} INFO - DAG(s) 'morning' retrieved from /Users/mak/Desktop/Code_With_Me/Sentiment project/dags/dag1.py
[2024-07-16T11:53:47.660+0100] {logging_mixin.py:188} INFO - [2024-07-16T11:53:47.659+0100] {dag.py:3096} INFO - Sync 1 DAGs
[2024-07-16T11:53:47.680+0100] {logging_mixin.py:188} INFO - [2024-07-16T11:53:47.680+0100] {dag.py:3954} INFO - Setting next_dagrun for morning to 2024-07-16 06:00:00+00:00, run_after=2024-07-17 06:00:00+00:00
[2024-07-16T11:53:47.702+0100] {processor.py:183} INFO - Processing /Users/mak/Desktop/Code_With_Me/Sentiment project/dags/dag1.py took 7.568 seconds
[2024-07-16T11:54:22.169+0100] {processor.py:161} INFO - Started process (PID=9269) to work on /Users/mak/Desktop/Code_With_Me/Sentiment project/dags/dag1.py
[2024-07-16T11:54:22.170+0100] {processor.py:830} INFO - Processing file /Users/mak/Desktop/Code_With_Me/Sentiment project/dags/dag1.py for tasks to queue
[2024-07-16T11:54:22.171+0100] {logging_mixin.py:188} INFO - [2024-07-16T11:54:22.171+0100] {dagbag.py:545} INFO - Filling up the DagBag from /Users/mak/Desktop/Code_With_Me/Sentiment project/dags/dag1.py
[2024-07-16T11:54:25.894+0100] {logging_mixin.py:188} INFO - [2024-07-16T11:54:25.893+0100] {config.py:58} INFO - PyTorch version 2.2.2 available.
[2024-07-16T11:54:25.896+0100] {logging_mixin.py:188} INFO - [2024-07-16T11:54:25.896+0100] {config.py:70} INFO - Polars version 1.1.0 available.
[2024-07-16T11:54:29.288+0100] {processor.py:840} INFO - DAG(s) 'morning' retrieved from /Users/mak/Desktop/Code_With_Me/Sentiment project/dags/dag1.py
[2024-07-16T11:54:29.425+0100] {logging_mixin.py:188} INFO - [2024-07-16T11:54:29.424+0100] {dag.py:3096} INFO - Sync 1 DAGs
[2024-07-16T11:54:29.445+0100] {logging_mixin.py:188} INFO - [2024-07-16T11:54:29.445+0100] {dag.py:3954} INFO - Setting next_dagrun for morning to 2024-07-16 06:00:00+00:00, run_after=2024-07-17 06:00:00+00:00
[2024-07-16T11:54:29.467+0100] {processor.py:183} INFO - Processing /Users/mak/Desktop/Code_With_Me/Sentiment project/dags/dag1.py took 7.300 seconds
[2024-07-16T11:55:03.635+0100] {processor.py:161} INFO - Started process (PID=9309) to work on /Users/mak/Desktop/Code_With_Me/Sentiment project/dags/dag1.py
[2024-07-16T11:55:03.637+0100] {processor.py:830} INFO - Processing file /Users/mak/Desktop/Code_With_Me/Sentiment project/dags/dag1.py for tasks to queue
[2024-07-16T11:55:03.637+0100] {logging_mixin.py:188} INFO - [2024-07-16T11:55:03.637+0100] {dagbag.py:545} INFO - Filling up the DagBag from /Users/mak/Desktop/Code_With_Me/Sentiment project/dags/dag1.py
[2024-07-16T11:55:07.403+0100] {logging_mixin.py:188} INFO - [2024-07-16T11:55:07.403+0100] {config.py:58} INFO - PyTorch version 2.2.2 available.
[2024-07-16T11:55:07.405+0100] {logging_mixin.py:188} INFO - [2024-07-16T11:55:07.405+0100] {config.py:70} INFO - Polars version 1.1.0 available.
[2024-07-16T11:55:10.526+0100] {processor.py:840} INFO - DAG(s) 'morning' retrieved from /Users/mak/Desktop/Code_With_Me/Sentiment project/dags/dag1.py
[2024-07-16T11:55:10.662+0100] {logging_mixin.py:188} INFO - [2024-07-16T11:55:10.661+0100] {dag.py:3096} INFO - Sync 1 DAGs
[2024-07-16T11:55:10.686+0100] {logging_mixin.py:188} INFO - [2024-07-16T11:55:10.686+0100] {dag.py:3954} INFO - Setting next_dagrun for morning to 2024-07-16 06:00:00+00:00, run_after=2024-07-17 06:00:00+00:00
[2024-07-16T11:55:10.707+0100] {processor.py:183} INFO - Processing /Users/mak/Desktop/Code_With_Me/Sentiment project/dags/dag1.py took 7.074 seconds
[2024-07-16T11:55:56.396+0100] {processor.py:161} INFO - Started process (PID=9373) to work on /Users/mak/Desktop/Code_With_Me/Sentiment project/dags/dag1.py
[2024-07-16T11:55:56.406+0100] {processor.py:830} INFO - Processing file /Users/mak/Desktop/Code_With_Me/Sentiment project/dags/dag1.py for tasks to queue
[2024-07-16T11:55:56.407+0100] {logging_mixin.py:188} INFO - [2024-07-16T11:55:56.406+0100] {dagbag.py:545} INFO - Filling up the DagBag from /Users/mak/Desktop/Code_With_Me/Sentiment project/dags/dag1.py
[2024-07-16T11:56:02.785+0100] {logging_mixin.py:188} INFO - [2024-07-16T11:56:02.784+0100] {config.py:58} INFO - PyTorch version 2.2.2 available.
[2024-07-16T11:56:02.786+0100] {logging_mixin.py:188} INFO - [2024-07-16T11:56:02.786+0100] {config.py:70} INFO - Polars version 1.1.0 available.
[2024-07-16T11:56:09.096+0100] {processor.py:840} INFO - DAG(s) 'morning' retrieved from /Users/mak/Desktop/Code_With_Me/Sentiment project/dags/dag1.py
[2024-07-16T11:56:10.189+0100] {logging_mixin.py:188} INFO - [2024-07-16T11:56:10.188+0100] {dag.py:3096} INFO - Sync 1 DAGs
[2024-07-16T11:56:10.328+0100] {logging_mixin.py:188} INFO - [2024-07-16T11:56:10.326+0100] {dag.py:3954} INFO - Setting next_dagrun for morning to 2024-07-16 06:00:00+00:00, run_after=2024-07-17 06:00:00+00:00
[2024-07-16T11:56:10.427+0100] {processor.py:183} INFO - Processing /Users/mak/Desktop/Code_With_Me/Sentiment project/dags/dag1.py took 14.035 seconds
[2024-07-16T11:58:20.511+0100] {processor.py:161} INFO - Started process (PID=9554) to work on /Users/mak/Desktop/Code_With_Me/Sentiment project/dags/dag1.py
[2024-07-16T11:58:20.513+0100] {processor.py:830} INFO - Processing file /Users/mak/Desktop/Code_With_Me/Sentiment project/dags/dag1.py for tasks to queue
[2024-07-16T11:58:20.514+0100] {logging_mixin.py:188} INFO - [2024-07-16T11:58:20.514+0100] {dagbag.py:545} INFO - Filling up the DagBag from /Users/mak/Desktop/Code_With_Me/Sentiment project/dags/dag1.py
[2024-07-16T11:58:28.870+0100] {logging_mixin.py:188} INFO - [2024-07-16T11:58:28.869+0100] {config.py:58} INFO - PyTorch version 2.2.2 available.
[2024-07-16T11:58:28.873+0100] {logging_mixin.py:188} INFO - [2024-07-16T11:58:28.873+0100] {config.py:70} INFO - Polars version 1.1.0 available.
[2024-07-16T11:58:43.578+0100] {processor.py:840} INFO - DAG(s) 'morning' retrieved from /Users/mak/Desktop/Code_With_Me/Sentiment project/dags/dag1.py
[2024-07-16T11:58:44.600+0100] {logging_mixin.py:188} INFO - [2024-07-16T11:58:44.599+0100] {dag.py:3096} INFO - Sync 1 DAGs
[2024-07-16T11:58:44.623+0100] {logging_mixin.py:188} INFO - [2024-07-16T11:58:44.622+0100] {dag.py:3954} INFO - Setting next_dagrun for morning to 2024-07-15 05:00:00+00:00, run_after=2024-07-16 05:00:00+00:00
[2024-07-16T11:58:44.656+0100] {processor.py:183} INFO - Processing /Users/mak/Desktop/Code_With_Me/Sentiment project/dags/dag1.py took 24.149 seconds
[2024-07-16T11:59:49.684+0100] {processor.py:161} INFO - Started process (PID=9695) to work on /Users/mak/Desktop/Code_With_Me/Sentiment project/dags/dag1.py
[2024-07-16T11:59:49.686+0100] {processor.py:830} INFO - Processing file /Users/mak/Desktop/Code_With_Me/Sentiment project/dags/dag1.py for tasks to queue
[2024-07-16T11:59:49.687+0100] {logging_mixin.py:188} INFO - [2024-07-16T11:59:49.687+0100] {dagbag.py:545} INFO - Filling up the DagBag from /Users/mak/Desktop/Code_With_Me/Sentiment project/dags/dag1.py
[2024-07-16T11:59:55.072+0100] {logging_mixin.py:188} INFO - [2024-07-16T11:59:55.072+0100] {config.py:58} INFO - PyTorch version 2.2.2 available.
[2024-07-16T11:59:55.079+0100] {logging_mixin.py:188} INFO - [2024-07-16T11:59:55.078+0100] {config.py:70} INFO - Polars version 1.1.0 available.
[2024-07-16T12:00:06.806+0100] {processor.py:840} INFO - DAG(s) 'morning' retrieved from /Users/mak/Desktop/Code_With_Me/Sentiment project/dags/dag1.py
[2024-07-16T12:00:07.156+0100] {logging_mixin.py:188} INFO - [2024-07-16T12:00:07.155+0100] {dag.py:3096} INFO - Sync 1 DAGs
[2024-07-16T12:00:07.202+0100] {logging_mixin.py:188} INFO - [2024-07-16T12:00:07.202+0100] {dag.py:3954} INFO - Setting next_dagrun for morning to 2024-07-16 05:00:00+00:00, run_after=2024-07-17 05:00:00+00:00
[2024-07-16T12:00:07.237+0100] {processor.py:183} INFO - Processing /Users/mak/Desktop/Code_With_Me/Sentiment project/dags/dag1.py took 17.554 seconds
[2024-07-16T12:01:12.407+0100] {processor.py:161} INFO - Started process (PID=9778) to work on /Users/mak/Desktop/Code_With_Me/Sentiment project/dags/dag1.py
[2024-07-16T12:01:12.409+0100] {processor.py:830} INFO - Processing file /Users/mak/Desktop/Code_With_Me/Sentiment project/dags/dag1.py for tasks to queue
[2024-07-16T12:01:12.409+0100] {logging_mixin.py:188} INFO - [2024-07-16T12:01:12.409+0100] {dagbag.py:545} INFO - Filling up the DagBag from /Users/mak/Desktop/Code_With_Me/Sentiment project/dags/dag1.py
[2024-07-16T12:01:17.192+0100] {logging_mixin.py:188} INFO - [2024-07-16T12:01:17.191+0100] {config.py:58} INFO - PyTorch version 2.2.2 available.
[2024-07-16T12:01:17.194+0100] {logging_mixin.py:188} INFO - [2024-07-16T12:01:17.194+0100] {config.py:70} INFO - Polars version 1.1.0 available.
[2024-07-16T12:01:22.137+0100] {processor.py:840} INFO - DAG(s) 'morning' retrieved from /Users/mak/Desktop/Code_With_Me/Sentiment project/dags/dag1.py
[2024-07-16T12:01:22.281+0100] {logging_mixin.py:188} INFO - [2024-07-16T12:01:22.280+0100] {dag.py:3096} INFO - Sync 1 DAGs
[2024-07-16T12:01:22.303+0100] {logging_mixin.py:188} INFO - [2024-07-16T12:01:22.303+0100] {dag.py:3954} INFO - Setting next_dagrun for morning to 2024-07-16 05:00:00+00:00, run_after=2024-07-17 05:00:00+00:00
[2024-07-16T12:01:22.326+0100] {processor.py:183} INFO - Processing /Users/mak/Desktop/Code_With_Me/Sentiment project/dags/dag1.py took 9.921 seconds
[2024-07-16T12:01:56.199+0100] {processor.py:161} INFO - Started process (PID=9817) to work on /Users/mak/Desktop/Code_With_Me/Sentiment project/dags/dag1.py
[2024-07-16T12:01:56.200+0100] {processor.py:830} INFO - Processing file /Users/mak/Desktop/Code_With_Me/Sentiment project/dags/dag1.py for tasks to queue
[2024-07-16T12:01:56.201+0100] {logging_mixin.py:188} INFO - [2024-07-16T12:01:56.201+0100] {dagbag.py:545} INFO - Filling up the DagBag from /Users/mak/Desktop/Code_With_Me/Sentiment project/dags/dag1.py
[2024-07-16T12:02:00.553+0100] {logging_mixin.py:188} INFO - [2024-07-16T12:02:00.552+0100] {config.py:58} INFO - PyTorch version 2.2.2 available.
[2024-07-16T12:02:00.554+0100] {logging_mixin.py:188} INFO - [2024-07-16T12:02:00.554+0100] {config.py:70} INFO - Polars version 1.1.0 available.
[2024-07-16T12:02:06.939+0100] {processor.py:840} INFO - DAG(s) 'morning' retrieved from /Users/mak/Desktop/Code_With_Me/Sentiment project/dags/dag1.py
[2024-07-16T12:02:07.085+0100] {logging_mixin.py:188} INFO - [2024-07-16T12:02:07.085+0100] {dag.py:3096} INFO - Sync 1 DAGs
[2024-07-16T12:02:07.107+0100] {logging_mixin.py:188} INFO - [2024-07-16T12:02:07.107+0100] {dag.py:3954} INFO - Setting next_dagrun for morning to 2024-07-16 05:00:00+00:00, run_after=2024-07-17 05:00:00+00:00
[2024-07-16T12:02:07.130+0100] {processor.py:183} INFO - Processing /Users/mak/Desktop/Code_With_Me/Sentiment project/dags/dag1.py took 10.933 seconds
[2024-07-16T12:02:40.558+0100] {processor.py:161} INFO - Started process (PID=9835) to work on /Users/mak/Desktop/Code_With_Me/Sentiment project/dags/dag1.py
[2024-07-16T12:02:40.560+0100] {processor.py:830} INFO - Processing file /Users/mak/Desktop/Code_With_Me/Sentiment project/dags/dag1.py for tasks to queue
[2024-07-16T12:02:40.561+0100] {logging_mixin.py:188} INFO - [2024-07-16T12:02:40.561+0100] {dagbag.py:545} INFO - Filling up the DagBag from /Users/mak/Desktop/Code_With_Me/Sentiment project/dags/dag1.py
[2024-07-16T12:02:44.842+0100] {logging_mixin.py:188} INFO - [2024-07-16T12:02:44.842+0100] {config.py:58} INFO - PyTorch version 2.2.2 available.
[2024-07-16T12:02:44.844+0100] {logging_mixin.py:188} INFO - [2024-07-16T12:02:44.844+0100] {config.py:70} INFO - Polars version 1.1.0 available.
[2024-07-16T12:02:48.104+0100] {processor.py:840} INFO - DAG(s) 'morning' retrieved from /Users/mak/Desktop/Code_With_Me/Sentiment project/dags/dag1.py
[2024-07-16T12:02:48.236+0100] {logging_mixin.py:188} INFO - [2024-07-16T12:02:48.236+0100] {dag.py:3096} INFO - Sync 1 DAGs
[2024-07-16T12:02:48.256+0100] {logging_mixin.py:188} INFO - [2024-07-16T12:02:48.256+0100] {dag.py:3954} INFO - Setting next_dagrun for morning to 2024-07-16 05:00:00+00:00, run_after=2024-07-17 05:00:00+00:00
[2024-07-16T12:02:48.275+0100] {processor.py:183} INFO - Processing /Users/mak/Desktop/Code_With_Me/Sentiment project/dags/dag1.py took 7.720 seconds
[2024-07-16T12:03:21.911+0100] {processor.py:161} INFO - Started process (PID=9853) to work on /Users/mak/Desktop/Code_With_Me/Sentiment project/dags/dag1.py
[2024-07-16T12:03:21.912+0100] {processor.py:830} INFO - Processing file /Users/mak/Desktop/Code_With_Me/Sentiment project/dags/dag1.py for tasks to queue
[2024-07-16T12:03:21.913+0100] {logging_mixin.py:188} INFO - [2024-07-16T12:03:21.913+0100] {dagbag.py:545} INFO - Filling up the DagBag from /Users/mak/Desktop/Code_With_Me/Sentiment project/dags/dag1.py
[2024-07-16T12:03:25.775+0100] {logging_mixin.py:188} INFO - [2024-07-16T12:03:25.775+0100] {config.py:58} INFO - PyTorch version 2.2.2 available.
[2024-07-16T12:03:25.776+0100] {logging_mixin.py:188} INFO - [2024-07-16T12:03:25.776+0100] {config.py:70} INFO - Polars version 1.1.0 available.
[2024-07-16T12:03:29.795+0100] {processor.py:840} INFO - DAG(s) 'morning' retrieved from /Users/mak/Desktop/Code_With_Me/Sentiment project/dags/dag1.py
[2024-07-16T12:03:29.992+0100] {logging_mixin.py:188} INFO - [2024-07-16T12:03:29.992+0100] {dag.py:3096} INFO - Sync 1 DAGs
[2024-07-16T12:03:30.014+0100] {logging_mixin.py:188} INFO - [2024-07-16T12:03:30.014+0100] {dag.py:3954} INFO - Setting next_dagrun for morning to 2024-07-16 05:00:00+00:00, run_after=2024-07-17 05:00:00+00:00
[2024-07-16T12:03:30.039+0100] {processor.py:183} INFO - Processing /Users/mak/Desktop/Code_With_Me/Sentiment project/dags/dag1.py took 8.131 seconds
[2024-07-16T12:04:04.634+0100] {processor.py:161} INFO - Started process (PID=9874) to work on /Users/mak/Desktop/Code_With_Me/Sentiment project/dags/dag1.py
[2024-07-16T12:04:04.635+0100] {processor.py:830} INFO - Processing file /Users/mak/Desktop/Code_With_Me/Sentiment project/dags/dag1.py for tasks to queue
[2024-07-16T12:04:04.636+0100] {logging_mixin.py:188} INFO - [2024-07-16T12:04:04.635+0100] {dagbag.py:545} INFO - Filling up the DagBag from /Users/mak/Desktop/Code_With_Me/Sentiment project/dags/dag1.py
[2024-07-16T12:04:09.864+0100] {logging_mixin.py:188} INFO - [2024-07-16T12:04:09.863+0100] {config.py:58} INFO - PyTorch version 2.2.2 available.
[2024-07-16T12:04:09.866+0100] {logging_mixin.py:188} INFO - [2024-07-16T12:04:09.865+0100] {config.py:70} INFO - Polars version 1.1.0 available.
[2024-07-16T12:04:16.370+0100] {processor.py:840} INFO - DAG(s) 'morning' retrieved from /Users/mak/Desktop/Code_With_Me/Sentiment project/dags/dag1.py
[2024-07-16T12:04:16.515+0100] {logging_mixin.py:188} INFO - [2024-07-16T12:04:16.515+0100] {dag.py:3096} INFO - Sync 1 DAGs
[2024-07-16T12:04:16.535+0100] {logging_mixin.py:188} INFO - [2024-07-16T12:04:16.535+0100] {dag.py:3954} INFO - Setting next_dagrun for morning to 2024-07-16 05:00:00+00:00, run_after=2024-07-17 05:00:00+00:00
[2024-07-16T12:04:16.555+0100] {processor.py:183} INFO - Processing /Users/mak/Desktop/Code_With_Me/Sentiment project/dags/dag1.py took 11.924 seconds
[2024-07-16T12:04:51.781+0100] {processor.py:161} INFO - Started process (PID=9975) to work on /Users/mak/Desktop/Code_With_Me/Sentiment project/dags/dag1.py
[2024-07-16T12:04:51.783+0100] {processor.py:830} INFO - Processing file /Users/mak/Desktop/Code_With_Me/Sentiment project/dags/dag1.py for tasks to queue
[2024-07-16T12:04:51.784+0100] {logging_mixin.py:188} INFO - [2024-07-16T12:04:51.784+0100] {dagbag.py:545} INFO - Filling up the DagBag from /Users/mak/Desktop/Code_With_Me/Sentiment project/dags/dag1.py
