[2024-07-16T11:35:55.320+0100] {processor.py:161} INFO - Started process (PID=8113) to work on /Users/mak/Desktop/Code_With_Me/Sentiment project/dags/dag2.py
[2024-07-16T11:35:55.321+0100] {processor.py:830} INFO - Processing file /Users/mak/Desktop/Code_With_Me/Sentiment project/dags/dag2.py for tasks to queue
[2024-07-16T11:35:55.322+0100] {logging_mixin.py:188} INFO - [2024-07-16T11:35:55.322+0100] {dagbag.py:545} INFO - Filling up the DagBag from /Users/mak/Desktop/Code_With_Me/Sentiment project/dags/dag2.py
[2024-07-16T11:35:59.670+0100] {logging_mixin.py:188} INFO - [2024-07-16T11:35:59.669+0100] {config.py:58} INFO - PyTorch version 2.2.2 available.
[2024-07-16T11:35:59.672+0100] {logging_mixin.py:188} INFO - [2024-07-16T11:35:59.671+0100] {config.py:70} INFO - Polars version 1.1.0 available.
[2024-07-16T11:36:09.561+0100] {processor.py:840} INFO - DAG(s) 'night' retrieved from /Users/mak/Desktop/Code_With_Me/Sentiment project/dags/dag2.py
[2024-07-16T11:36:10.524+0100] {logging_mixin.py:188} INFO - [2024-07-16T11:36:10.523+0100] {dag.py:3096} INFO - Sync 1 DAGs
[2024-07-16T11:36:10.546+0100] {logging_mixin.py:188} INFO - [2024-07-16T11:36:10.546+0100] {dag.py:3954} INFO - Setting next_dagrun for night to 2024-07-15 06:00:00+00:00, run_after=2024-07-16 06:00:00+00:00
[2024-07-16T11:36:10.574+0100] {processor.py:183} INFO - Processing /Users/mak/Desktop/Code_With_Me/Sentiment project/dags/dag2.py took 15.255 seconds
[2024-07-16T11:36:45.277+0100] {processor.py:161} INFO - Started process (PID=8171) to work on /Users/mak/Desktop/Code_With_Me/Sentiment project/dags/dag2.py
[2024-07-16T11:36:45.279+0100] {processor.py:830} INFO - Processing file /Users/mak/Desktop/Code_With_Me/Sentiment project/dags/dag2.py for tasks to queue
[2024-07-16T11:36:45.280+0100] {logging_mixin.py:188} INFO - [2024-07-16T11:36:45.279+0100] {dagbag.py:545} INFO - Filling up the DagBag from /Users/mak/Desktop/Code_With_Me/Sentiment project/dags/dag2.py
[2024-07-16T11:36:49.805+0100] {logging_mixin.py:188} INFO - [2024-07-16T11:36:49.805+0100] {config.py:58} INFO - PyTorch version 2.2.2 available.
[2024-07-16T11:36:49.807+0100] {logging_mixin.py:188} INFO - [2024-07-16T11:36:49.807+0100] {config.py:70} INFO - Polars version 1.1.0 available.
[2024-07-16T11:36:55.042+0100] {processor.py:840} INFO - DAG(s) 'night' retrieved from /Users/mak/Desktop/Code_With_Me/Sentiment project/dags/dag2.py
[2024-07-16T11:36:55.794+0100] {logging_mixin.py:188} INFO - [2024-07-16T11:36:55.793+0100] {dag.py:3096} INFO - Sync 1 DAGs
[2024-07-16T11:36:55.813+0100] {logging_mixin.py:188} INFO - [2024-07-16T11:36:55.813+0100] {dag.py:3954} INFO - Setting next_dagrun for night to 2024-07-15 06:00:00+00:00, run_after=2024-07-16 06:00:00+00:00
[2024-07-16T11:36:55.834+0100] {processor.py:183} INFO - Processing /Users/mak/Desktop/Code_With_Me/Sentiment project/dags/dag2.py took 10.561 seconds
[2024-07-16T11:37:30.057+0100] {processor.py:161} INFO - Started process (PID=8219) to work on /Users/mak/Desktop/Code_With_Me/Sentiment project/dags/dag2.py
[2024-07-16T11:37:30.059+0100] {processor.py:830} INFO - Processing file /Users/mak/Desktop/Code_With_Me/Sentiment project/dags/dag2.py for tasks to queue
[2024-07-16T11:37:30.060+0100] {logging_mixin.py:188} INFO - [2024-07-16T11:37:30.059+0100] {dagbag.py:545} INFO - Filling up the DagBag from /Users/mak/Desktop/Code_With_Me/Sentiment project/dags/dag2.py
[2024-07-16T11:37:35.290+0100] {logging_mixin.py:188} INFO - [2024-07-16T11:37:35.290+0100] {config.py:58} INFO - PyTorch version 2.2.2 available.
[2024-07-16T11:37:35.297+0100] {logging_mixin.py:188} INFO - [2024-07-16T11:37:35.296+0100] {config.py:70} INFO - Polars version 1.1.0 available.
[2024-07-16T11:37:47.545+0100] {processor.py:840} INFO - DAG(s) 'night' retrieved from /Users/mak/Desktop/Code_With_Me/Sentiment project/dags/dag2.py
[2024-07-16T11:37:48.187+0100] {logging_mixin.py:188} INFO - [2024-07-16T11:37:48.187+0100] {dag.py:3096} INFO - Sync 1 DAGs
[2024-07-16T11:37:48.212+0100] {logging_mixin.py:188} INFO - [2024-07-16T11:37:48.212+0100] {dag.py:3954} INFO - Setting next_dagrun for night to 2024-07-15 06:00:00+00:00, run_after=2024-07-16 06:00:00+00:00
[2024-07-16T11:37:48.238+0100] {processor.py:183} INFO - Processing /Users/mak/Desktop/Code_With_Me/Sentiment project/dags/dag2.py took 18.183 seconds
[2024-07-16T11:38:54.166+0100] {processor.py:161} INFO - Started process (PID=8291) to work on /Users/mak/Desktop/Code_With_Me/Sentiment project/dags/dag2.py
[2024-07-16T11:38:54.168+0100] {processor.py:830} INFO - Processing file /Users/mak/Desktop/Code_With_Me/Sentiment project/dags/dag2.py for tasks to queue
[2024-07-16T11:38:54.169+0100] {logging_mixin.py:188} INFO - [2024-07-16T11:38:54.168+0100] {dagbag.py:545} INFO - Filling up the DagBag from /Users/mak/Desktop/Code_With_Me/Sentiment project/dags/dag2.py
[2024-07-16T11:38:58.810+0100] {logging_mixin.py:188} INFO - [2024-07-16T11:38:58.810+0100] {config.py:58} INFO - PyTorch version 2.2.2 available.
[2024-07-16T11:38:58.812+0100] {logging_mixin.py:188} INFO - [2024-07-16T11:38:58.812+0100] {config.py:70} INFO - Polars version 1.1.0 available.
[2024-07-16T11:39:02.953+0100] {processor.py:840} INFO - DAG(s) 'night' retrieved from /Users/mak/Desktop/Code_With_Me/Sentiment project/dags/dag2.py
[2024-07-16T11:39:03.288+0100] {logging_mixin.py:188} INFO - [2024-07-16T11:39:03.288+0100] {dag.py:3096} INFO - Sync 1 DAGs
[2024-07-16T11:39:03.309+0100] {logging_mixin.py:188} INFO - [2024-07-16T11:39:03.308+0100] {dag.py:3954} INFO - Setting next_dagrun for night to 2024-07-15 06:00:00+00:00, run_after=2024-07-16 06:00:00+00:00
[2024-07-16T11:39:03.333+0100] {processor.py:183} INFO - Processing /Users/mak/Desktop/Code_With_Me/Sentiment project/dags/dag2.py took 9.169 seconds
[2024-07-16T11:40:07.375+0100] {processor.py:161} INFO - Started process (PID=8348) to work on /Users/mak/Desktop/Code_With_Me/Sentiment project/dags/dag2.py
[2024-07-16T11:40:07.378+0100] {processor.py:830} INFO - Processing file /Users/mak/Desktop/Code_With_Me/Sentiment project/dags/dag2.py for tasks to queue
[2024-07-16T11:40:07.378+0100] {logging_mixin.py:188} INFO - [2024-07-16T11:40:07.378+0100] {dagbag.py:545} INFO - Filling up the DagBag from /Users/mak/Desktop/Code_With_Me/Sentiment project/dags/dag2.py
[2024-07-16T11:40:12.048+0100] {logging_mixin.py:188} INFO - [2024-07-16T11:40:12.048+0100] {config.py:58} INFO - PyTorch version 2.2.2 available.
[2024-07-16T11:40:12.050+0100] {logging_mixin.py:188} INFO - [2024-07-16T11:40:12.050+0100] {config.py:70} INFO - Polars version 1.1.0 available.
[2024-07-16T11:40:17.205+0100] {processor.py:840} INFO - DAG(s) 'night' retrieved from /Users/mak/Desktop/Code_With_Me/Sentiment project/dags/dag2.py
[2024-07-16T11:40:17.718+0100] {logging_mixin.py:188} INFO - [2024-07-16T11:40:17.717+0100] {dag.py:3096} INFO - Sync 1 DAGs
[2024-07-16T11:40:17.737+0100] {logging_mixin.py:188} INFO - [2024-07-16T11:40:17.737+0100] {dag.py:3954} INFO - Setting next_dagrun for night to 2024-07-15 06:00:00+00:00, run_after=2024-07-16 06:00:00+00:00
[2024-07-16T11:40:17.758+0100] {processor.py:183} INFO - Processing /Users/mak/Desktop/Code_With_Me/Sentiment project/dags/dag2.py took 10.386 seconds
[2024-07-16T11:41:06.142+0100] {processor.py:161} INFO - Started process (PID=8432) to work on /Users/mak/Desktop/Code_With_Me/Sentiment project/dags/dag2.py
[2024-07-16T11:41:06.144+0100] {processor.py:830} INFO - Processing file /Users/mak/Desktop/Code_With_Me/Sentiment project/dags/dag2.py for tasks to queue
[2024-07-16T11:41:06.145+0100] {logging_mixin.py:188} INFO - [2024-07-16T11:41:06.145+0100] {dagbag.py:545} INFO - Filling up the DagBag from /Users/mak/Desktop/Code_With_Me/Sentiment project/dags/dag2.py
[2024-07-16T11:41:10.744+0100] {logging_mixin.py:188} INFO - [2024-07-16T11:41:10.743+0100] {config.py:58} INFO - PyTorch version 2.2.2 available.
[2024-07-16T11:41:10.745+0100] {logging_mixin.py:188} INFO - [2024-07-16T11:41:10.745+0100] {config.py:70} INFO - Polars version 1.1.0 available.
[2024-07-16T11:41:14.581+0100] {processor.py:840} INFO - DAG(s) 'night' retrieved from /Users/mak/Desktop/Code_With_Me/Sentiment project/dags/dag2.py
[2024-07-16T11:41:14.889+0100] {logging_mixin.py:188} INFO - [2024-07-16T11:41:14.888+0100] {dag.py:3096} INFO - Sync 1 DAGs
[2024-07-16T11:41:14.908+0100] {logging_mixin.py:188} INFO - [2024-07-16T11:41:14.908+0100] {dag.py:3954} INFO - Setting next_dagrun for night to 2024-07-16 06:00:00+00:00, run_after=2024-07-17 06:00:00+00:00
[2024-07-16T11:41:14.927+0100] {processor.py:183} INFO - Processing /Users/mak/Desktop/Code_With_Me/Sentiment project/dags/dag2.py took 8.787 seconds
[2024-07-16T11:41:48.818+0100] {processor.py:161} INFO - Started process (PID=8470) to work on /Users/mak/Desktop/Code_With_Me/Sentiment project/dags/dag2.py
[2024-07-16T11:41:48.820+0100] {processor.py:830} INFO - Processing file /Users/mak/Desktop/Code_With_Me/Sentiment project/dags/dag2.py for tasks to queue
[2024-07-16T11:41:48.821+0100] {logging_mixin.py:188} INFO - [2024-07-16T11:41:48.821+0100] {dagbag.py:545} INFO - Filling up the DagBag from /Users/mak/Desktop/Code_With_Me/Sentiment project/dags/dag2.py
[2024-07-16T11:41:52.915+0100] {logging_mixin.py:188} INFO - [2024-07-16T11:41:52.914+0100] {config.py:58} INFO - PyTorch version 2.2.2 available.
[2024-07-16T11:41:52.916+0100] {logging_mixin.py:188} INFO - [2024-07-16T11:41:52.916+0100] {config.py:70} INFO - Polars version 1.1.0 available.
[2024-07-16T11:41:57.725+0100] {processor.py:840} INFO - DAG(s) 'night' retrieved from /Users/mak/Desktop/Code_With_Me/Sentiment project/dags/dag2.py
[2024-07-16T11:41:58.305+0100] {logging_mixin.py:188} INFO - [2024-07-16T11:41:58.304+0100] {dag.py:3096} INFO - Sync 1 DAGs
[2024-07-16T11:41:58.334+0100] {logging_mixin.py:188} INFO - [2024-07-16T11:41:58.333+0100] {dag.py:3954} INFO - Setting next_dagrun for night to 2024-07-16 06:00:00+00:00, run_after=2024-07-17 06:00:00+00:00
[2024-07-16T11:41:58.365+0100] {processor.py:183} INFO - Processing /Users/mak/Desktop/Code_With_Me/Sentiment project/dags/dag2.py took 9.549 seconds
[2024-07-16T11:42:33.312+0100] {processor.py:161} INFO - Started process (PID=8512) to work on /Users/mak/Desktop/Code_With_Me/Sentiment project/dags/dag2.py
[2024-07-16T11:42:33.318+0100] {processor.py:830} INFO - Processing file /Users/mak/Desktop/Code_With_Me/Sentiment project/dags/dag2.py for tasks to queue
[2024-07-16T11:42:33.319+0100] {logging_mixin.py:188} INFO - [2024-07-16T11:42:33.319+0100] {dagbag.py:545} INFO - Filling up the DagBag from /Users/mak/Desktop/Code_With_Me/Sentiment project/dags/dag2.py
[2024-07-16T11:42:38.635+0100] {logging_mixin.py:188} INFO - [2024-07-16T11:42:38.634+0100] {config.py:58} INFO - PyTorch version 2.2.2 available.
[2024-07-16T11:42:38.637+0100] {logging_mixin.py:188} INFO - [2024-07-16T11:42:38.636+0100] {config.py:70} INFO - Polars version 1.1.0 available.
[2024-07-16T11:42:45.628+0100] {processor.py:840} INFO - DAG(s) 'night' retrieved from /Users/mak/Desktop/Code_With_Me/Sentiment project/dags/dag2.py
[2024-07-16T11:42:46.160+0100] {logging_mixin.py:188} INFO - [2024-07-16T11:42:46.159+0100] {dag.py:3096} INFO - Sync 1 DAGs
[2024-07-16T11:42:46.182+0100] {logging_mixin.py:188} INFO - [2024-07-16T11:42:46.181+0100] {dag.py:3954} INFO - Setting next_dagrun for night to 2024-07-16 06:00:00+00:00, run_after=2024-07-17 06:00:00+00:00
[2024-07-16T11:42:46.213+0100] {processor.py:183} INFO - Processing /Users/mak/Desktop/Code_With_Me/Sentiment project/dags/dag2.py took 12.906 seconds
[2024-07-16T11:43:21.658+0100] {processor.py:161} INFO - Started process (PID=8558) to work on /Users/mak/Desktop/Code_With_Me/Sentiment project/dags/dag2.py
[2024-07-16T11:43:21.660+0100] {processor.py:830} INFO - Processing file /Users/mak/Desktop/Code_With_Me/Sentiment project/dags/dag2.py for tasks to queue
[2024-07-16T11:43:21.660+0100] {logging_mixin.py:188} INFO - [2024-07-16T11:43:21.660+0100] {dagbag.py:545} INFO - Filling up the DagBag from /Users/mak/Desktop/Code_With_Me/Sentiment project/dags/dag2.py
[2024-07-16T11:43:25.928+0100] {logging_mixin.py:188} INFO - [2024-07-16T11:43:25.928+0100] {config.py:58} INFO - PyTorch version 2.2.2 available.
[2024-07-16T11:43:25.930+0100] {logging_mixin.py:188} INFO - [2024-07-16T11:43:25.929+0100] {config.py:70} INFO - Polars version 1.1.0 available.
[2024-07-16T11:43:29.439+0100] {processor.py:840} INFO - DAG(s) 'night' retrieved from /Users/mak/Desktop/Code_With_Me/Sentiment project/dags/dag2.py
[2024-07-16T11:43:29.741+0100] {logging_mixin.py:188} INFO - [2024-07-16T11:43:29.741+0100] {dag.py:3096} INFO - Sync 1 DAGs
[2024-07-16T11:43:29.765+0100] {logging_mixin.py:188} INFO - [2024-07-16T11:43:29.764+0100] {dag.py:3954} INFO - Setting next_dagrun for night to 2024-07-16 06:00:00+00:00, run_after=2024-07-17 06:00:00+00:00
[2024-07-16T11:43:29.786+0100] {processor.py:183} INFO - Processing /Users/mak/Desktop/Code_With_Me/Sentiment project/dags/dag2.py took 8.131 seconds
[2024-07-16T11:44:03.884+0100] {processor.py:161} INFO - Started process (PID=8612) to work on /Users/mak/Desktop/Code_With_Me/Sentiment project/dags/dag2.py
[2024-07-16T11:44:03.885+0100] {processor.py:830} INFO - Processing file /Users/mak/Desktop/Code_With_Me/Sentiment project/dags/dag2.py for tasks to queue
[2024-07-16T11:44:03.886+0100] {logging_mixin.py:188} INFO - [2024-07-16T11:44:03.885+0100] {dagbag.py:545} INFO - Filling up the DagBag from /Users/mak/Desktop/Code_With_Me/Sentiment project/dags/dag2.py
[2024-07-16T11:44:07.736+0100] {logging_mixin.py:188} INFO - [2024-07-16T11:44:07.735+0100] {config.py:58} INFO - PyTorch version 2.2.2 available.
[2024-07-16T11:44:07.737+0100] {logging_mixin.py:188} INFO - [2024-07-16T11:44:07.737+0100] {config.py:70} INFO - Polars version 1.1.0 available.
[2024-07-16T11:44:11.420+0100] {processor.py:840} INFO - DAG(s) 'night' retrieved from /Users/mak/Desktop/Code_With_Me/Sentiment project/dags/dag2.py
[2024-07-16T11:44:11.741+0100] {logging_mixin.py:188} INFO - [2024-07-16T11:44:11.741+0100] {dag.py:3096} INFO - Sync 1 DAGs
[2024-07-16T11:44:11.762+0100] {logging_mixin.py:188} INFO - [2024-07-16T11:44:11.762+0100] {dag.py:3954} INFO - Setting next_dagrun for night to 2024-07-16 06:00:00+00:00, run_after=2024-07-17 06:00:00+00:00
[2024-07-16T11:44:11.783+0100] {processor.py:183} INFO - Processing /Users/mak/Desktop/Code_With_Me/Sentiment project/dags/dag2.py took 7.902 seconds
[2024-07-16T11:44:44.907+0100] {processor.py:161} INFO - Started process (PID=8648) to work on /Users/mak/Desktop/Code_With_Me/Sentiment project/dags/dag2.py
[2024-07-16T11:44:44.909+0100] {processor.py:830} INFO - Processing file /Users/mak/Desktop/Code_With_Me/Sentiment project/dags/dag2.py for tasks to queue
[2024-07-16T11:44:44.910+0100] {logging_mixin.py:188} INFO - [2024-07-16T11:44:44.910+0100] {dagbag.py:545} INFO - Filling up the DagBag from /Users/mak/Desktop/Code_With_Me/Sentiment project/dags/dag2.py
[2024-07-16T11:44:48.679+0100] {logging_mixin.py:188} INFO - [2024-07-16T11:44:48.678+0100] {config.py:58} INFO - PyTorch version 2.2.2 available.
[2024-07-16T11:44:48.680+0100] {logging_mixin.py:188} INFO - [2024-07-16T11:44:48.680+0100] {config.py:70} INFO - Polars version 1.1.0 available.
[2024-07-16T11:44:52.297+0100] {processor.py:840} INFO - DAG(s) 'night' retrieved from /Users/mak/Desktop/Code_With_Me/Sentiment project/dags/dag2.py
[2024-07-16T11:44:52.620+0100] {logging_mixin.py:188} INFO - [2024-07-16T11:44:52.619+0100] {dag.py:3096} INFO - Sync 1 DAGs
[2024-07-16T11:44:52.640+0100] {logging_mixin.py:188} INFO - [2024-07-16T11:44:52.640+0100] {dag.py:3954} INFO - Setting next_dagrun for night to 2024-07-16 06:00:00+00:00, run_after=2024-07-17 06:00:00+00:00
[2024-07-16T11:44:52.661+0100] {processor.py:183} INFO - Processing /Users/mak/Desktop/Code_With_Me/Sentiment project/dags/dag2.py took 7.756 seconds
[2024-07-16T11:45:26.289+0100] {processor.py:161} INFO - Started process (PID=8686) to work on /Users/mak/Desktop/Code_With_Me/Sentiment project/dags/dag2.py
[2024-07-16T11:45:26.291+0100] {processor.py:830} INFO - Processing file /Users/mak/Desktop/Code_With_Me/Sentiment project/dags/dag2.py for tasks to queue
[2024-07-16T11:45:26.292+0100] {logging_mixin.py:188} INFO - [2024-07-16T11:45:26.292+0100] {dagbag.py:545} INFO - Filling up the DagBag from /Users/mak/Desktop/Code_With_Me/Sentiment project/dags/dag2.py
[2024-07-16T11:45:29.979+0100] {logging_mixin.py:188} INFO - [2024-07-16T11:45:29.978+0100] {config.py:58} INFO - PyTorch version 2.2.2 available.
[2024-07-16T11:45:29.980+0100] {logging_mixin.py:188} INFO - [2024-07-16T11:45:29.980+0100] {config.py:70} INFO - Polars version 1.1.0 available.
[2024-07-16T11:45:33.415+0100] {processor.py:840} INFO - DAG(s) 'night' retrieved from /Users/mak/Desktop/Code_With_Me/Sentiment project/dags/dag2.py
[2024-07-16T11:45:33.713+0100] {logging_mixin.py:188} INFO - [2024-07-16T11:45:33.712+0100] {dag.py:3096} INFO - Sync 1 DAGs
[2024-07-16T11:45:33.733+0100] {logging_mixin.py:188} INFO - [2024-07-16T11:45:33.733+0100] {dag.py:3954} INFO - Setting next_dagrun for night to 2024-07-16 06:00:00+00:00, run_after=2024-07-17 06:00:00+00:00
[2024-07-16T11:45:33.755+0100] {processor.py:183} INFO - Processing /Users/mak/Desktop/Code_With_Me/Sentiment project/dags/dag2.py took 7.468 seconds
[2024-07-16T11:46:07.388+0100] {processor.py:161} INFO - Started process (PID=8728) to work on /Users/mak/Desktop/Code_With_Me/Sentiment project/dags/dag2.py
[2024-07-16T11:46:07.390+0100] {processor.py:830} INFO - Processing file /Users/mak/Desktop/Code_With_Me/Sentiment project/dags/dag2.py for tasks to queue
[2024-07-16T11:46:07.391+0100] {logging_mixin.py:188} INFO - [2024-07-16T11:46:07.391+0100] {dagbag.py:545} INFO - Filling up the DagBag from /Users/mak/Desktop/Code_With_Me/Sentiment project/dags/dag2.py
[2024-07-16T11:46:10.987+0100] {logging_mixin.py:188} INFO - [2024-07-16T11:46:10.987+0100] {config.py:58} INFO - PyTorch version 2.2.2 available.
[2024-07-16T11:46:10.988+0100] {logging_mixin.py:188} INFO - [2024-07-16T11:46:10.988+0100] {config.py:70} INFO - Polars version 1.1.0 available.
[2024-07-16T11:46:14.594+0100] {processor.py:840} INFO - DAG(s) 'night' retrieved from /Users/mak/Desktop/Code_With_Me/Sentiment project/dags/dag2.py
[2024-07-16T11:46:14.893+0100] {logging_mixin.py:188} INFO - [2024-07-16T11:46:14.892+0100] {dag.py:3096} INFO - Sync 1 DAGs
[2024-07-16T11:46:14.912+0100] {logging_mixin.py:188} INFO - [2024-07-16T11:46:14.911+0100] {dag.py:3954} INFO - Setting next_dagrun for night to 2024-07-16 06:00:00+00:00, run_after=2024-07-17 06:00:00+00:00
[2024-07-16T11:46:14.931+0100] {processor.py:183} INFO - Processing /Users/mak/Desktop/Code_With_Me/Sentiment project/dags/dag2.py took 7.546 seconds
[2024-07-16T11:46:48.644+0100] {processor.py:161} INFO - Started process (PID=8785) to work on /Users/mak/Desktop/Code_With_Me/Sentiment project/dags/dag2.py
[2024-07-16T11:46:48.645+0100] {processor.py:830} INFO - Processing file /Users/mak/Desktop/Code_With_Me/Sentiment project/dags/dag2.py for tasks to queue
[2024-07-16T11:46:48.646+0100] {logging_mixin.py:188} INFO - [2024-07-16T11:46:48.646+0100] {dagbag.py:545} INFO - Filling up the DagBag from /Users/mak/Desktop/Code_With_Me/Sentiment project/dags/dag2.py
[2024-07-16T11:46:53.832+0100] {logging_mixin.py:188} INFO - [2024-07-16T11:46:53.831+0100] {config.py:58} INFO - PyTorch version 2.2.2 available.
[2024-07-16T11:46:53.834+0100] {logging_mixin.py:188} INFO - [2024-07-16T11:46:53.834+0100] {config.py:70} INFO - Polars version 1.1.0 available.
[2024-07-16T11:46:58.127+0100] {processor.py:840} INFO - DAG(s) 'night' retrieved from /Users/mak/Desktop/Code_With_Me/Sentiment project/dags/dag2.py
[2024-07-16T11:46:58.487+0100] {logging_mixin.py:188} INFO - [2024-07-16T11:46:58.486+0100] {dag.py:3096} INFO - Sync 1 DAGs
[2024-07-16T11:46:58.518+0100] {logging_mixin.py:188} INFO - [2024-07-16T11:46:58.517+0100] {dag.py:3954} INFO - Setting next_dagrun for night to 2024-07-16 06:00:00+00:00, run_after=2024-07-17 06:00:00+00:00
[2024-07-16T11:46:58.545+0100] {processor.py:183} INFO - Processing /Users/mak/Desktop/Code_With_Me/Sentiment project/dags/dag2.py took 9.903 seconds
[2024-07-16T11:47:33.909+0100] {processor.py:161} INFO - Started process (PID=8834) to work on /Users/mak/Desktop/Code_With_Me/Sentiment project/dags/dag2.py
[2024-07-16T11:47:33.911+0100] {processor.py:830} INFO - Processing file /Users/mak/Desktop/Code_With_Me/Sentiment project/dags/dag2.py for tasks to queue
[2024-07-16T11:47:33.911+0100] {logging_mixin.py:188} INFO - [2024-07-16T11:47:33.911+0100] {dagbag.py:545} INFO - Filling up the DagBag from /Users/mak/Desktop/Code_With_Me/Sentiment project/dags/dag2.py
[2024-07-16T11:47:39.401+0100] {logging_mixin.py:188} INFO - [2024-07-16T11:47:39.401+0100] {config.py:58} INFO - PyTorch version 2.2.2 available.
[2024-07-16T11:47:39.404+0100] {logging_mixin.py:188} INFO - [2024-07-16T11:47:39.404+0100] {config.py:70} INFO - Polars version 1.1.0 available.
[2024-07-16T11:47:49.293+0100] {processor.py:840} INFO - DAG(s) 'night' retrieved from /Users/mak/Desktop/Code_With_Me/Sentiment project/dags/dag2.py
[2024-07-16T11:47:50.250+0100] {logging_mixin.py:188} INFO - [2024-07-16T11:47:50.249+0100] {dag.py:3096} INFO - Sync 1 DAGs
[2024-07-16T11:47:50.272+0100] {logging_mixin.py:188} INFO - [2024-07-16T11:47:50.272+0100] {dag.py:3954} INFO - Setting next_dagrun for night to 2024-07-16 06:00:00+00:00, run_after=2024-07-17 06:00:00+00:00
[2024-07-16T11:47:50.302+0100] {processor.py:183} INFO - Processing /Users/mak/Desktop/Code_With_Me/Sentiment project/dags/dag2.py took 16.395 seconds
[2024-07-16T11:48:25.034+0100] {processor.py:161} INFO - Started process (PID=8878) to work on /Users/mak/Desktop/Code_With_Me/Sentiment project/dags/dag2.py
[2024-07-16T11:48:25.036+0100] {processor.py:830} INFO - Processing file /Users/mak/Desktop/Code_With_Me/Sentiment project/dags/dag2.py for tasks to queue
[2024-07-16T11:48:25.037+0100] {logging_mixin.py:188} INFO - [2024-07-16T11:48:25.036+0100] {dagbag.py:545} INFO - Filling up the DagBag from /Users/mak/Desktop/Code_With_Me/Sentiment project/dags/dag2.py
[2024-07-16T11:48:29.639+0100] {logging_mixin.py:188} INFO - [2024-07-16T11:48:29.638+0100] {config.py:58} INFO - PyTorch version 2.2.2 available.
[2024-07-16T11:48:29.641+0100] {logging_mixin.py:188} INFO - [2024-07-16T11:48:29.641+0100] {config.py:70} INFO - Polars version 1.1.0 available.
[2024-07-16T11:48:36.590+0100] {processor.py:840} INFO - DAG(s) 'night' retrieved from /Users/mak/Desktop/Code_With_Me/Sentiment project/dags/dag2.py
[2024-07-16T11:48:37.146+0100] {logging_mixin.py:188} INFO - [2024-07-16T11:48:37.145+0100] {dag.py:3096} INFO - Sync 1 DAGs
[2024-07-16T11:48:37.170+0100] {logging_mixin.py:188} INFO - [2024-07-16T11:48:37.169+0100] {dag.py:3954} INFO - Setting next_dagrun for night to 2024-07-16 06:00:00+00:00, run_after=2024-07-17 06:00:00+00:00
[2024-07-16T11:48:37.193+0100] {processor.py:183} INFO - Processing /Users/mak/Desktop/Code_With_Me/Sentiment project/dags/dag2.py took 12.161 seconds
[2024-07-16T11:49:15.335+0100] {processor.py:161} INFO - Started process (PID=8932) to work on /Users/mak/Desktop/Code_With_Me/Sentiment project/dags/dag2.py
[2024-07-16T11:49:15.337+0100] {processor.py:830} INFO - Processing file /Users/mak/Desktop/Code_With_Me/Sentiment project/dags/dag2.py for tasks to queue
[2024-07-16T11:49:15.338+0100] {logging_mixin.py:188} INFO - [2024-07-16T11:49:15.338+0100] {dagbag.py:545} INFO - Filling up the DagBag from /Users/mak/Desktop/Code_With_Me/Sentiment project/dags/dag2.py
[2024-07-16T11:49:19.936+0100] {logging_mixin.py:188} INFO - [2024-07-16T11:49:19.935+0100] {config.py:58} INFO - PyTorch version 2.2.2 available.
[2024-07-16T11:49:19.938+0100] {logging_mixin.py:188} INFO - [2024-07-16T11:49:19.938+0100] {config.py:70} INFO - Polars version 1.1.0 available.
[2024-07-16T11:49:28.129+0100] {processor.py:840} INFO - DAG(s) 'night' retrieved from /Users/mak/Desktop/Code_With_Me/Sentiment project/dags/dag2.py
[2024-07-16T11:49:29.149+0100] {logging_mixin.py:188} INFO - [2024-07-16T11:49:29.148+0100] {dag.py:3096} INFO - Sync 1 DAGs
[2024-07-16T11:49:29.185+0100] {logging_mixin.py:188} INFO - [2024-07-16T11:49:29.185+0100] {dag.py:3954} INFO - Setting next_dagrun for night to 2024-07-16 06:00:00+00:00, run_after=2024-07-17 06:00:00+00:00
[2024-07-16T11:49:29.211+0100] {processor.py:183} INFO - Processing /Users/mak/Desktop/Code_With_Me/Sentiment project/dags/dag2.py took 13.800 seconds
[2024-07-16T11:50:06.290+0100] {processor.py:161} INFO - Started process (PID=9031) to work on /Users/mak/Desktop/Code_With_Me/Sentiment project/dags/dag2.py
[2024-07-16T11:50:06.292+0100] {processor.py:830} INFO - Processing file /Users/mak/Desktop/Code_With_Me/Sentiment project/dags/dag2.py for tasks to queue
[2024-07-16T11:50:06.292+0100] {logging_mixin.py:188} INFO - [2024-07-16T11:50:06.292+0100] {dagbag.py:545} INFO - Filling up the DagBag from /Users/mak/Desktop/Code_With_Me/Sentiment project/dags/dag2.py
[2024-07-16T11:50:10.746+0100] {logging_mixin.py:188} INFO - [2024-07-16T11:50:10.746+0100] {config.py:58} INFO - PyTorch version 2.2.2 available.
[2024-07-16T11:50:10.748+0100] {logging_mixin.py:188} INFO - [2024-07-16T11:50:10.748+0100] {config.py:70} INFO - Polars version 1.1.0 available.
[2024-07-16T11:50:14.680+0100] {processor.py:840} INFO - DAG(s) 'night' retrieved from /Users/mak/Desktop/Code_With_Me/Sentiment project/dags/dag2.py
[2024-07-16T11:50:15.082+0100] {logging_mixin.py:188} INFO - [2024-07-16T11:50:15.082+0100] {dag.py:3096} INFO - Sync 1 DAGs
[2024-07-16T11:50:15.113+0100] {logging_mixin.py:188} INFO - [2024-07-16T11:50:15.113+0100] {dag.py:3954} INFO - Setting next_dagrun for night to 2024-07-16 06:00:00+00:00, run_after=2024-07-17 06:00:00+00:00
[2024-07-16T11:50:15.146+0100] {processor.py:183} INFO - Processing /Users/mak/Desktop/Code_With_Me/Sentiment project/dags/dag2.py took 8.859 seconds
[2024-07-16T11:50:56.029+0100] {processor.py:161} INFO - Started process (PID=9053) to work on /Users/mak/Desktop/Code_With_Me/Sentiment project/dags/dag2.py
[2024-07-16T11:50:56.031+0100] {processor.py:830} INFO - Processing file /Users/mak/Desktop/Code_With_Me/Sentiment project/dags/dag2.py for tasks to queue
[2024-07-16T11:50:56.031+0100] {logging_mixin.py:188} INFO - [2024-07-16T11:50:56.031+0100] {dagbag.py:545} INFO - Filling up the DagBag from /Users/mak/Desktop/Code_With_Me/Sentiment project/dags/dag2.py
[2024-07-16T11:51:00.897+0100] {logging_mixin.py:188} INFO - [2024-07-16T11:51:00.897+0100] {config.py:58} INFO - PyTorch version 2.2.2 available.
[2024-07-16T11:51:00.899+0100] {logging_mixin.py:188} INFO - [2024-07-16T11:51:00.899+0100] {config.py:70} INFO - Polars version 1.1.0 available.
[2024-07-16T11:51:04.658+0100] {processor.py:840} INFO - DAG(s) 'night' retrieved from /Users/mak/Desktop/Code_With_Me/Sentiment project/dags/dag2.py
[2024-07-16T11:51:04.988+0100] {logging_mixin.py:188} INFO - [2024-07-16T11:51:04.987+0100] {dag.py:3096} INFO - Sync 1 DAGs
[2024-07-16T11:51:05.010+0100] {logging_mixin.py:188} INFO - [2024-07-16T11:51:05.010+0100] {dag.py:3954} INFO - Setting next_dagrun for night to 2024-07-16 06:00:00+00:00, run_after=2024-07-17 06:00:00+00:00
[2024-07-16T11:51:05.031+0100] {processor.py:183} INFO - Processing /Users/mak/Desktop/Code_With_Me/Sentiment project/dags/dag2.py took 9.005 seconds
[2024-07-16T11:51:39.089+0100] {processor.py:161} INFO - Started process (PID=9094) to work on /Users/mak/Desktop/Code_With_Me/Sentiment project/dags/dag2.py
[2024-07-16T11:51:39.091+0100] {processor.py:830} INFO - Processing file /Users/mak/Desktop/Code_With_Me/Sentiment project/dags/dag2.py for tasks to queue
[2024-07-16T11:51:39.092+0100] {logging_mixin.py:188} INFO - [2024-07-16T11:51:39.092+0100] {dagbag.py:545} INFO - Filling up the DagBag from /Users/mak/Desktop/Code_With_Me/Sentiment project/dags/dag2.py
[2024-07-16T11:51:43.783+0100] {logging_mixin.py:188} INFO - [2024-07-16T11:51:43.783+0100] {config.py:58} INFO - PyTorch version 2.2.2 available.
[2024-07-16T11:51:43.785+0100] {logging_mixin.py:188} INFO - [2024-07-16T11:51:43.785+0100] {config.py:70} INFO - Polars version 1.1.0 available.
[2024-07-16T11:51:48.754+0100] {processor.py:840} INFO - DAG(s) 'night' retrieved from /Users/mak/Desktop/Code_With_Me/Sentiment project/dags/dag2.py
[2024-07-16T11:51:49.079+0100] {logging_mixin.py:188} INFO - [2024-07-16T11:51:49.078+0100] {dag.py:3096} INFO - Sync 1 DAGs
[2024-07-16T11:51:49.099+0100] {logging_mixin.py:188} INFO - [2024-07-16T11:51:49.099+0100] {dag.py:3954} INFO - Setting next_dagrun for night to 2024-07-16 06:00:00+00:00, run_after=2024-07-17 06:00:00+00:00
[2024-07-16T11:51:49.119+0100] {processor.py:183} INFO - Processing /Users/mak/Desktop/Code_With_Me/Sentiment project/dags/dag2.py took 10.032 seconds
[2024-07-16T11:52:31.945+0100] {processor.py:161} INFO - Started process (PID=9146) to work on /Users/mak/Desktop/Code_With_Me/Sentiment project/dags/dag2.py
[2024-07-16T11:52:31.953+0100] {processor.py:830} INFO - Processing file /Users/mak/Desktop/Code_With_Me/Sentiment project/dags/dag2.py for tasks to queue
[2024-07-16T11:52:31.954+0100] {logging_mixin.py:188} INFO - [2024-07-16T11:52:31.953+0100] {dagbag.py:545} INFO - Filling up the DagBag from /Users/mak/Desktop/Code_With_Me/Sentiment project/dags/dag2.py
[2024-07-16T11:52:41.010+0100] {logging_mixin.py:188} INFO - [2024-07-16T11:52:41.009+0100] {config.py:58} INFO - PyTorch version 2.2.2 available.
[2024-07-16T11:52:41.011+0100] {logging_mixin.py:188} INFO - [2024-07-16T11:52:41.011+0100] {config.py:70} INFO - Polars version 1.1.0 available.
[2024-07-16T11:52:45.574+0100] {processor.py:840} INFO - DAG(s) 'night' retrieved from /Users/mak/Desktop/Code_With_Me/Sentiment project/dags/dag2.py
[2024-07-16T11:52:45.917+0100] {logging_mixin.py:188} INFO - [2024-07-16T11:52:45.916+0100] {dag.py:3096} INFO - Sync 1 DAGs
[2024-07-16T11:52:45.938+0100] {logging_mixin.py:188} INFO - [2024-07-16T11:52:45.938+0100] {dag.py:3954} INFO - Setting next_dagrun for night to 2024-07-16 06:00:00+00:00, run_after=2024-07-17 06:00:00+00:00
[2024-07-16T11:52:45.960+0100] {processor.py:183} INFO - Processing /Users/mak/Desktop/Code_With_Me/Sentiment project/dags/dag2.py took 14.018 seconds
[2024-07-16T11:53:20.056+0100] {processor.py:161} INFO - Started process (PID=9204) to work on /Users/mak/Desktop/Code_With_Me/Sentiment project/dags/dag2.py
[2024-07-16T11:53:20.058+0100] {processor.py:830} INFO - Processing file /Users/mak/Desktop/Code_With_Me/Sentiment project/dags/dag2.py for tasks to queue
[2024-07-16T11:53:20.058+0100] {logging_mixin.py:188} INFO - [2024-07-16T11:53:20.058+0100] {dagbag.py:545} INFO - Filling up the DagBag from /Users/mak/Desktop/Code_With_Me/Sentiment project/dags/dag2.py
[2024-07-16T11:53:24.418+0100] {logging_mixin.py:188} INFO - [2024-07-16T11:53:24.418+0100] {config.py:58} INFO - PyTorch version 2.2.2 available.
[2024-07-16T11:53:24.420+0100] {logging_mixin.py:188} INFO - [2024-07-16T11:53:24.419+0100] {config.py:70} INFO - Polars version 1.1.0 available.
[2024-07-16T11:53:27.906+0100] {processor.py:840} INFO - DAG(s) 'night' retrieved from /Users/mak/Desktop/Code_With_Me/Sentiment project/dags/dag2.py
[2024-07-16T11:53:28.338+0100] {logging_mixin.py:188} INFO - [2024-07-16T11:53:28.337+0100] {dag.py:3096} INFO - Sync 1 DAGs
[2024-07-16T11:53:28.358+0100] {logging_mixin.py:188} INFO - [2024-07-16T11:53:28.357+0100] {dag.py:3954} INFO - Setting next_dagrun for night to 2024-07-16 06:00:00+00:00, run_after=2024-07-17 06:00:00+00:00
[2024-07-16T11:53:28.377+0100] {processor.py:183} INFO - Processing /Users/mak/Desktop/Code_With_Me/Sentiment project/dags/dag2.py took 8.323 seconds
[2024-07-16T11:54:02.574+0100] {processor.py:161} INFO - Started process (PID=9253) to work on /Users/mak/Desktop/Code_With_Me/Sentiment project/dags/dag2.py
[2024-07-16T11:54:02.575+0100] {processor.py:830} INFO - Processing file /Users/mak/Desktop/Code_With_Me/Sentiment project/dags/dag2.py for tasks to queue
[2024-07-16T11:54:02.576+0100] {logging_mixin.py:188} INFO - [2024-07-16T11:54:02.575+0100] {dagbag.py:545} INFO - Filling up the DagBag from /Users/mak/Desktop/Code_With_Me/Sentiment project/dags/dag2.py
[2024-07-16T11:54:06.931+0100] {logging_mixin.py:188} INFO - [2024-07-16T11:54:06.930+0100] {config.py:58} INFO - PyTorch version 2.2.2 available.
[2024-07-16T11:54:06.934+0100] {logging_mixin.py:188} INFO - [2024-07-16T11:54:06.933+0100] {config.py:70} INFO - Polars version 1.1.0 available.
[2024-07-16T11:54:11.393+0100] {processor.py:840} INFO - DAG(s) 'night' retrieved from /Users/mak/Desktop/Code_With_Me/Sentiment project/dags/dag2.py
[2024-07-16T11:54:12.014+0100] {logging_mixin.py:188} INFO - [2024-07-16T11:54:12.013+0100] {dag.py:3096} INFO - Sync 1 DAGs
[2024-07-16T11:54:12.033+0100] {logging_mixin.py:188} INFO - [2024-07-16T11:54:12.033+0100] {dag.py:3954} INFO - Setting next_dagrun for night to 2024-07-16 06:00:00+00:00, run_after=2024-07-17 06:00:00+00:00
[2024-07-16T11:54:12.056+0100] {processor.py:183} INFO - Processing /Users/mak/Desktop/Code_With_Me/Sentiment project/dags/dag2.py took 9.484 seconds
[2024-07-16T11:54:46.983+0100] {processor.py:161} INFO - Started process (PID=9293) to work on /Users/mak/Desktop/Code_With_Me/Sentiment project/dags/dag2.py
[2024-07-16T11:54:46.985+0100] {processor.py:830} INFO - Processing file /Users/mak/Desktop/Code_With_Me/Sentiment project/dags/dag2.py for tasks to queue
[2024-07-16T11:54:46.986+0100] {logging_mixin.py:188} INFO - [2024-07-16T11:54:46.986+0100] {dagbag.py:545} INFO - Filling up the DagBag from /Users/mak/Desktop/Code_With_Me/Sentiment project/dags/dag2.py
[2024-07-16T11:54:51.118+0100] {logging_mixin.py:188} INFO - [2024-07-16T11:54:51.117+0100] {config.py:58} INFO - PyTorch version 2.2.2 available.
[2024-07-16T11:54:51.119+0100] {logging_mixin.py:188} INFO - [2024-07-16T11:54:51.119+0100] {config.py:70} INFO - Polars version 1.1.0 available.
[2024-07-16T11:54:54.827+0100] {processor.py:840} INFO - DAG(s) 'night' retrieved from /Users/mak/Desktop/Code_With_Me/Sentiment project/dags/dag2.py
[2024-07-16T11:54:55.126+0100] {logging_mixin.py:188} INFO - [2024-07-16T11:54:55.125+0100] {dag.py:3096} INFO - Sync 1 DAGs
[2024-07-16T11:54:55.144+0100] {logging_mixin.py:188} INFO - [2024-07-16T11:54:55.144+0100] {dag.py:3954} INFO - Setting next_dagrun for night to 2024-07-16 06:00:00+00:00, run_after=2024-07-17 06:00:00+00:00
[2024-07-16T11:54:55.193+0100] {processor.py:183} INFO - Processing /Users/mak/Desktop/Code_With_Me/Sentiment project/dags/dag2.py took 8.212 seconds
[2024-07-16T11:55:34.967+0100] {processor.py:161} INFO - Started process (PID=9336) to work on /Users/mak/Desktop/Code_With_Me/Sentiment project/dags/dag2.py
[2024-07-16T11:55:34.968+0100] {processor.py:830} INFO - Processing file /Users/mak/Desktop/Code_With_Me/Sentiment project/dags/dag2.py for tasks to queue
[2024-07-16T11:55:34.969+0100] {logging_mixin.py:188} INFO - [2024-07-16T11:55:34.969+0100] {dagbag.py:545} INFO - Filling up the DagBag from /Users/mak/Desktop/Code_With_Me/Sentiment project/dags/dag2.py
[2024-07-16T11:55:41.165+0100] {logging_mixin.py:188} INFO - [2024-07-16T11:55:41.165+0100] {config.py:58} INFO - PyTorch version 2.2.2 available.
[2024-07-16T11:55:41.167+0100] {logging_mixin.py:188} INFO - [2024-07-16T11:55:41.166+0100] {config.py:70} INFO - Polars version 1.1.0 available.
[2024-07-16T11:55:46.713+0100] {processor.py:840} INFO - DAG(s) 'night' retrieved from /Users/mak/Desktop/Code_With_Me/Sentiment project/dags/dag2.py
[2024-07-16T11:55:47.692+0100] {logging_mixin.py:188} INFO - [2024-07-16T11:55:47.691+0100] {dag.py:3096} INFO - Sync 1 DAGs
[2024-07-16T11:55:47.714+0100] {logging_mixin.py:188} INFO - [2024-07-16T11:55:47.714+0100] {dag.py:3954} INFO - Setting next_dagrun for night to 2024-07-16 06:00:00+00:00, run_after=2024-07-17 06:00:00+00:00
[2024-07-16T11:55:47.739+0100] {processor.py:183} INFO - Processing /Users/mak/Desktop/Code_With_Me/Sentiment project/dags/dag2.py took 12.777 seconds
[2024-07-16T11:56:17.593+0100] {processor.py:161} INFO - Started process (PID=9402) to work on /Users/mak/Desktop/Code_With_Me/Sentiment project/dags/dag2.py
[2024-07-16T11:56:17.595+0100] {processor.py:830} INFO - Processing file /Users/mak/Desktop/Code_With_Me/Sentiment project/dags/dag2.py for tasks to queue
[2024-07-16T11:56:17.596+0100] {logging_mixin.py:188} INFO - [2024-07-16T11:56:17.596+0100] {dagbag.py:545} INFO - Filling up the DagBag from /Users/mak/Desktop/Code_With_Me/Sentiment project/dags/dag2.py
[2024-07-16T11:56:26.190+0100] {logging_mixin.py:188} INFO - [2024-07-16T11:56:26.190+0100] {config.py:58} INFO - PyTorch version 2.2.2 available.
[2024-07-16T11:56:26.196+0100] {logging_mixin.py:188} INFO - [2024-07-16T11:56:26.193+0100] {config.py:70} INFO - Polars version 1.1.0 available.
[2024-07-16T12:00:37.484+0100] {processor.py:161} INFO - Started process (PID=9755) to work on /Users/mak/Desktop/Code_With_Me/Sentiment project/dags/dag2.py
[2024-07-16T12:00:37.486+0100] {processor.py:830} INFO - Processing file /Users/mak/Desktop/Code_With_Me/Sentiment project/dags/dag2.py for tasks to queue
[2024-07-16T12:00:37.487+0100] {logging_mixin.py:188} INFO - [2024-07-16T12:00:37.487+0100] {dagbag.py:545} INFO - Filling up the DagBag from /Users/mak/Desktop/Code_With_Me/Sentiment project/dags/dag2.py
[2024-07-16T12:00:41.926+0100] {logging_mixin.py:188} INFO - [2024-07-16T12:00:41.926+0100] {config.py:58} INFO - PyTorch version 2.2.2 available.
[2024-07-16T12:00:41.928+0100] {logging_mixin.py:188} INFO - [2024-07-16T12:00:41.928+0100] {config.py:70} INFO - Polars version 1.1.0 available.
[2024-07-16T12:00:46.416+0100] {processor.py:840} INFO - DAG(s) 'night' retrieved from /Users/mak/Desktop/Code_With_Me/Sentiment project/dags/dag2.py
[2024-07-16T12:00:46.844+0100] {logging_mixin.py:188} INFO - [2024-07-16T12:00:46.843+0100] {dag.py:3096} INFO - Sync 1 DAGs
[2024-07-16T12:00:46.863+0100] {logging_mixin.py:188} INFO - [2024-07-16T12:00:46.862+0100] {dag.py:3954} INFO - Setting next_dagrun for night to 2024-07-15 00:00:00+00:00, run_after=2024-07-16 00:00:00+00:00
[2024-07-16T12:00:46.885+0100] {processor.py:183} INFO - Processing /Users/mak/Desktop/Code_With_Me/Sentiment project/dags/dag2.py took 9.403 seconds
[2024-07-16T12:01:26.986+0100] {processor.py:161} INFO - Started process (PID=9794) to work on /Users/mak/Desktop/Code_With_Me/Sentiment project/dags/dag2.py
[2024-07-16T12:01:26.988+0100] {processor.py:830} INFO - Processing file /Users/mak/Desktop/Code_With_Me/Sentiment project/dags/dag2.py for tasks to queue
[2024-07-16T12:01:26.989+0100] {logging_mixin.py:188} INFO - [2024-07-16T12:01:26.989+0100] {dagbag.py:545} INFO - Filling up the DagBag from /Users/mak/Desktop/Code_With_Me/Sentiment project/dags/dag2.py
[2024-07-16T12:01:31.314+0100] {logging_mixin.py:188} INFO - [2024-07-16T12:01:31.313+0100] {config.py:58} INFO - PyTorch version 2.2.2 available.
[2024-07-16T12:01:31.315+0100] {logging_mixin.py:188} INFO - [2024-07-16T12:01:31.315+0100] {config.py:70} INFO - Polars version 1.1.0 available.
[2024-07-16T12:01:35.045+0100] {processor.py:840} INFO - DAG(s) 'night' retrieved from /Users/mak/Desktop/Code_With_Me/Sentiment project/dags/dag2.py
[2024-07-16T12:01:35.513+0100] {logging_mixin.py:188} INFO - [2024-07-16T12:01:35.512+0100] {dag.py:3096} INFO - Sync 1 DAGs
[2024-07-16T12:01:35.533+0100] {logging_mixin.py:188} INFO - [2024-07-16T12:01:35.533+0100] {dag.py:3954} INFO - Setting next_dagrun for night to 2024-07-15 00:00:00+00:00, run_after=2024-07-16 00:00:00+00:00
[2024-07-16T12:01:35.552+0100] {processor.py:183} INFO - Processing /Users/mak/Desktop/Code_With_Me/Sentiment project/dags/dag2.py took 8.569 seconds
[2024-07-16T12:02:11.750+0100] {processor.py:161} INFO - Started process (PID=9822) to work on /Users/mak/Desktop/Code_With_Me/Sentiment project/dags/dag2.py
[2024-07-16T12:02:11.752+0100] {processor.py:830} INFO - Processing file /Users/mak/Desktop/Code_With_Me/Sentiment project/dags/dag2.py for tasks to queue
[2024-07-16T12:02:11.753+0100] {logging_mixin.py:188} INFO - [2024-07-16T12:02:11.753+0100] {dagbag.py:545} INFO - Filling up the DagBag from /Users/mak/Desktop/Code_With_Me/Sentiment project/dags/dag2.py
[2024-07-16T12:02:16.872+0100] {logging_mixin.py:188} INFO - [2024-07-16T12:02:16.871+0100] {config.py:58} INFO - PyTorch version 2.2.2 available.
[2024-07-16T12:02:16.873+0100] {logging_mixin.py:188} INFO - [2024-07-16T12:02:16.873+0100] {config.py:70} INFO - Polars version 1.1.0 available.
[2024-07-16T12:02:21.401+0100] {processor.py:840} INFO - DAG(s) 'night' retrieved from /Users/mak/Desktop/Code_With_Me/Sentiment project/dags/dag2.py
[2024-07-16T12:02:21.854+0100] {logging_mixin.py:188} INFO - [2024-07-16T12:02:21.853+0100] {dag.py:3096} INFO - Sync 1 DAGs
[2024-07-16T12:02:21.873+0100] {logging_mixin.py:188} INFO - [2024-07-16T12:02:21.872+0100] {dag.py:3954} INFO - Setting next_dagrun for night to 2024-07-15 00:00:00+00:00, run_after=2024-07-16 00:00:00+00:00
[2024-07-16T12:02:21.894+0100] {processor.py:183} INFO - Processing /Users/mak/Desktop/Code_With_Me/Sentiment project/dags/dag2.py took 10.146 seconds
[2024-07-16T12:02:55.739+0100] {processor.py:161} INFO - Started process (PID=9842) to work on /Users/mak/Desktop/Code_With_Me/Sentiment project/dags/dag2.py
[2024-07-16T12:02:55.741+0100] {processor.py:830} INFO - Processing file /Users/mak/Desktop/Code_With_Me/Sentiment project/dags/dag2.py for tasks to queue
[2024-07-16T12:02:55.741+0100] {logging_mixin.py:188} INFO - [2024-07-16T12:02:55.741+0100] {dagbag.py:545} INFO - Filling up the DagBag from /Users/mak/Desktop/Code_With_Me/Sentiment project/dags/dag2.py
[2024-07-16T12:02:59.593+0100] {logging_mixin.py:188} INFO - [2024-07-16T12:02:59.593+0100] {config.py:58} INFO - PyTorch version 2.2.2 available.
[2024-07-16T12:02:59.595+0100] {logging_mixin.py:188} INFO - [2024-07-16T12:02:59.595+0100] {config.py:70} INFO - Polars version 1.1.0 available.
[2024-07-16T12:03:03.160+0100] {processor.py:840} INFO - DAG(s) 'night' retrieved from /Users/mak/Desktop/Code_With_Me/Sentiment project/dags/dag2.py
[2024-07-16T12:03:03.466+0100] {logging_mixin.py:188} INFO - [2024-07-16T12:03:03.466+0100] {dag.py:3096} INFO - Sync 1 DAGs
[2024-07-16T12:03:03.484+0100] {logging_mixin.py:188} INFO - [2024-07-16T12:03:03.484+0100] {dag.py:3954} INFO - Setting next_dagrun for night to 2024-07-15 00:00:00+00:00, run_after=2024-07-16 00:00:00+00:00
[2024-07-16T12:03:03.504+0100] {processor.py:183} INFO - Processing /Users/mak/Desktop/Code_With_Me/Sentiment project/dags/dag2.py took 7.767 seconds
[2024-07-16T12:03:36.834+0100] {processor.py:161} INFO - Started process (PID=9862) to work on /Users/mak/Desktop/Code_With_Me/Sentiment project/dags/dag2.py
[2024-07-16T12:03:36.836+0100] {processor.py:830} INFO - Processing file /Users/mak/Desktop/Code_With_Me/Sentiment project/dags/dag2.py for tasks to queue
[2024-07-16T12:03:36.837+0100] {logging_mixin.py:188} INFO - [2024-07-16T12:03:36.836+0100] {dagbag.py:545} INFO - Filling up the DagBag from /Users/mak/Desktop/Code_With_Me/Sentiment project/dags/dag2.py
[2024-07-16T12:03:40.686+0100] {logging_mixin.py:188} INFO - [2024-07-16T12:03:40.685+0100] {config.py:58} INFO - PyTorch version 2.2.2 available.
[2024-07-16T12:03:40.687+0100] {logging_mixin.py:188} INFO - [2024-07-16T12:03:40.687+0100] {config.py:70} INFO - Polars version 1.1.0 available.
[2024-07-16T12:03:46.192+0100] {processor.py:840} INFO - DAG(s) 'night' retrieved from /Users/mak/Desktop/Code_With_Me/Sentiment project/dags/dag2.py
[2024-07-16T12:03:46.532+0100] {logging_mixin.py:188} INFO - [2024-07-16T12:03:46.532+0100] {dag.py:3096} INFO - Sync 1 DAGs
[2024-07-16T12:03:46.550+0100] {logging_mixin.py:188} INFO - [2024-07-16T12:03:46.550+0100] {dag.py:3954} INFO - Setting next_dagrun for night to 2024-07-15 00:00:00+00:00, run_after=2024-07-16 00:00:00+00:00
[2024-07-16T12:03:46.569+0100] {processor.py:183} INFO - Processing /Users/mak/Desktop/Code_With_Me/Sentiment project/dags/dag2.py took 9.737 seconds
[2024-07-16T12:04:21.871+0100] {processor.py:161} INFO - Started process (PID=9913) to work on /Users/mak/Desktop/Code_With_Me/Sentiment project/dags/dag2.py
[2024-07-16T12:04:21.873+0100] {processor.py:830} INFO - Processing file /Users/mak/Desktop/Code_With_Me/Sentiment project/dags/dag2.py for tasks to queue
[2024-07-16T12:04:21.874+0100] {logging_mixin.py:188} INFO - [2024-07-16T12:04:21.873+0100] {dagbag.py:545} INFO - Filling up the DagBag from /Users/mak/Desktop/Code_With_Me/Sentiment project/dags/dag2.py
[2024-07-16T12:04:27.113+0100] {logging_mixin.py:188} INFO - [2024-07-16T12:04:27.113+0100] {config.py:58} INFO - PyTorch version 2.2.2 available.
[2024-07-16T12:04:27.115+0100] {logging_mixin.py:188} INFO - [2024-07-16T12:04:27.115+0100] {config.py:70} INFO - Polars version 1.1.0 available.
[2024-07-16T12:04:33.991+0100] {processor.py:840} INFO - DAG(s) 'night' retrieved from /Users/mak/Desktop/Code_With_Me/Sentiment project/dags/dag2.py
[2024-07-16T12:04:34.949+0100] {logging_mixin.py:188} INFO - [2024-07-16T12:04:34.948+0100] {dag.py:3096} INFO - Sync 1 DAGs
[2024-07-16T12:04:34.976+0100] {logging_mixin.py:188} INFO - [2024-07-16T12:04:34.976+0100] {dag.py:3954} INFO - Setting next_dagrun for night to 2024-07-15 00:00:00+00:00, run_after=2024-07-16 00:00:00+00:00
[2024-07-16T12:04:35.012+0100] {processor.py:183} INFO - Processing /Users/mak/Desktop/Code_With_Me/Sentiment project/dags/dag2.py took 13.144 seconds
