[2024-07-13T20:26:59.343+0100] {local_task_job_runner.py:120} INFO - ::group::Pre task execution logs
[2024-07-13T20:26:59.564+0100] {taskinstance.py:2076} INFO - Dependencies all met for dep_context=non-requeueable deps ti=<TaskInstance: hhh.fit_prediction manual__2024-07-13T19:25:33.259805+00:00 [queued]>
[2024-07-13T20:26:59.571+0100] {taskinstance.py:2076} INFO - Dependencies all met for dep_context=requeueable deps ti=<TaskInstance: hhh.fit_prediction manual__2024-07-13T19:25:33.259805+00:00 [queued]>
[2024-07-13T20:26:59.571+0100] {taskinstance.py:2306} INFO - Starting attempt 1 of 1
[2024-07-13T20:26:59.582+0100] {taskinstance.py:2330} INFO - Executing <Task(_PythonDecoratedOperator): fit_prediction> on 2024-07-13 19:25:33.259805+00:00
[2024-07-13T20:26:59.598+0100] {logging_mixin.py:188} WARNING - /Library/Frameworks/Python.framework/Versions/3.12/lib/python3.12/site-packages/airflow/task/task_runner/standard_task_runner.py:61 DeprecationWarning: This process (pid=12023) is multi-threaded, use of fork() may lead to deadlocks in the child.
[2024-07-13T20:26:59.601+0100] {standard_task_runner.py:63} INFO - Started process 12036 to run task
[2024-07-13T20:26:59.600+0100] {standard_task_runner.py:90} INFO - Running: ['airflow', 'tasks', 'run', 'hhh', 'fit_prediction', 'manual__2024-07-13T19:25:33.259805+00:00', '--job-id', '8', '--raw', '--subdir', 'DAGS_FOLDER/dg1.py', '--cfg-path', '/var/folders/ml/zd6cs33j1gs1prd5lpns9pnc0000gn/T/tmp6u887hzw']
[2024-07-13T20:26:59.604+0100] {standard_task_runner.py:91} INFO - Job 8: Subtask fit_prediction
[2024-07-13T20:26:59.662+0100] {task_command.py:426} INFO - Running <TaskInstance: hhh.fit_prediction manual__2024-07-13T19:25:33.259805+00:00 [running]> on host MAKs-MacBook-Pro.local
[2024-07-13T20:26:59.822+0100] {taskinstance.py:2648} INFO - Exporting env vars: AIRFLOW_CTX_DAG_OWNER='airflow' AIRFLOW_CTX_DAG_ID='hhh' AIRFLOW_CTX_TASK_ID='fit_prediction' AIRFLOW_CTX_EXECUTION_DATE='2024-07-13T19:25:33.259805+00:00' AIRFLOW_CTX_TRY_NUMBER='1' AIRFLOW_CTX_DAG_RUN_ID='manual__2024-07-13T19:25:33.259805+00:00'
[2024-07-13T20:26:59.823+0100] {taskinstance.py:430} INFO - ::endgroup::
[2024-07-13T20:27:00.322+0100] {forecaster.py:961} INFO - Disabling daily seasonality. Run prophet with daily_seasonality=True to override this.
[2024-07-13T20:27:00.543+0100] {filesystem.py:118} DEBUG - input tempfile: /var/folders/ml/zd6cs33j1gs1prd5lpns9pnc0000gn/T/tmp4jqo2nnh/_ml8u1h7.json
[2024-07-13T20:27:02.894+0100] {filesystem.py:118} DEBUG - input tempfile: /var/folders/ml/zd6cs33j1gs1prd5lpns9pnc0000gn/T/tmp4jqo2nnh/2v2xdkoa.json
[2024-07-13T20:27:02.896+0100] {model.py:2042} DEBUG - idx 0
[2024-07-13T20:27:02.897+0100] {model.py:2043} DEBUG - running CmdStan, num_threads: None
[2024-07-13T20:27:02.897+0100] {model.py:2055} DEBUG - CmdStan args: ['/Library/Frameworks/Python.framework/Versions/3.12/lib/python3.12/site-packages/prophet/stan_model/prophet_model.bin', 'random', 'seed=6750', 'data', 'file=/var/folders/ml/zd6cs33j1gs1prd5lpns9pnc0000gn/T/tmp4jqo2nnh/_ml8u1h7.json', 'init=/var/folders/ml/zd6cs33j1gs1prd5lpns9pnc0000gn/T/tmp4jqo2nnh/2v2xdkoa.json', 'output', 'file=/var/folders/ml/zd6cs33j1gs1prd5lpns9pnc0000gn/T/tmp4jqo2nnh/prophet_model86i99j9a/prophet_model-20240713202702.csv', 'method=optimize', 'algorithm=lbfgs', 'iter=10000']
[2024-07-13T20:27:02.898+0100] {logging_mixin.py:188} WARNING - 20:27:02 - cmdstanpy - INFO - Chain [1] start processing
[2024-07-13T20:27:02.897+0100] {model.py:2058} INFO - Chain [1] start processing
[2024-07-13T20:27:51.597+0100] {local_task_job_runner.py:222} INFO - ::endgroup::
[2024-07-13T20:28:55.566+0100] {logging_mixin.py:188} WARNING - 20:28:55 - cmdstanpy - INFO - Chain [1] done processing
[2024-07-13T20:28:55.562+0100] {model.py:2115} INFO - Chain [1] done processing
[2024-07-13T20:28:56.096+0100] {python.py:237} INFO - Done. Returned value was: None
[2024-07-13T20:28:56.097+0100] {taskinstance.py:441} INFO - ::group::Post task execution logs
[2024-07-13T20:28:56.196+0100] {taskinstance.py:1206} INFO - Marking task as SUCCESS. dag_id=hhh, task_id=fit_prediction, run_id=manual__2024-07-13T19:25:33.259805+00:00, execution_date=20240713T192533, start_date=20240713T192659, end_date=20240713T192856
