[2024-07-13T20:15:58.418+0100] {local_task_job_runner.py:120} INFO - ::group::Pre task execution logs
[2024-07-13T20:15:58.447+0100] {taskinstance.py:2076} INFO - Dependencies all met for dep_context=non-requeueable deps ti=<TaskInstance: hhh.fit_prediction manual__2024-07-13T19:14:30.707958+00:00 [queued]>
[2024-07-13T20:15:58.648+0100] {taskinstance.py:2076} INFO - Dependencies all met for dep_context=requeueable deps ti=<TaskInstance: hhh.fit_prediction manual__2024-07-13T19:14:30.707958+00:00 [queued]>
[2024-07-13T20:15:58.649+0100] {taskinstance.py:2306} INFO - Starting attempt 1 of 1
[2024-07-13T20:15:58.836+0100] {taskinstance.py:2330} INFO - Executing <Task(_PythonDecoratedOperator): fit_prediction> on 2024-07-13 19:14:30.707958+00:00
[2024-07-13T20:15:58.863+0100] {standard_task_runner.py:90} INFO - Running: ['airflow', 'tasks', 'run', 'hhh', 'fit_prediction', 'manual__2024-07-13T19:14:30.707958+00:00', '--job-id', '5', '--raw', '--subdir', 'DAGS_FOLDER/dg1.py', '--cfg-path', '/var/folders/ml/zd6cs33j1gs1prd5lpns9pnc0000gn/T/tmpwc2rmonp']
[2024-07-13T20:15:58.866+0100] {standard_task_runner.py:91} INFO - Job 5: Subtask fit_prediction
[2024-07-13T20:15:58.944+0100] {logging_mixin.py:188} WARNING - /Library/Frameworks/Python.framework/Versions/3.12/lib/python3.12/site-packages/airflow/task/task_runner/standard_task_runner.py:61 DeprecationWarning: This process (pid=11622) is multi-threaded, use of fork() may lead to deadlocks in the child.
[2024-07-13T20:15:58.946+0100] {standard_task_runner.py:63} INFO - Started process 11633 to run task
[2024-07-13T20:15:58.961+0100] {task_command.py:426} INFO - Running <TaskInstance: hhh.fit_prediction manual__2024-07-13T19:14:30.707958+00:00 [running]> on host MAKs-MacBook-Pro.local
[2024-07-13T20:15:59.282+0100] {taskinstance.py:2648} INFO - Exporting env vars: AIRFLOW_CTX_DAG_OWNER='airflow' AIRFLOW_CTX_DAG_ID='hhh' AIRFLOW_CTX_TASK_ID='fit_prediction' AIRFLOW_CTX_EXECUTION_DATE='2024-07-13T19:14:30.707958+00:00' AIRFLOW_CTX_TRY_NUMBER='1' AIRFLOW_CTX_DAG_RUN_ID='manual__2024-07-13T19:14:30.707958+00:00'
[2024-07-13T20:15:59.292+0100] {taskinstance.py:430} INFO - ::endgroup::
[2024-07-13T20:15:59.862+0100] {forecaster.py:961} INFO - Disabling daily seasonality. Run prophet with daily_seasonality=True to override this.
[2024-07-13T20:16:00.092+0100] {filesystem.py:118} DEBUG - input tempfile: /var/folders/ml/zd6cs33j1gs1prd5lpns9pnc0000gn/T/tmpvojn7h49/lej5qey2.json
[2024-07-13T20:16:02.537+0100] {filesystem.py:118} DEBUG - input tempfile: /var/folders/ml/zd6cs33j1gs1prd5lpns9pnc0000gn/T/tmpvojn7h49/8_o7crnw.json
[2024-07-13T20:16:02.553+0100] {model.py:2042} DEBUG - idx 0
[2024-07-13T20:16:02.553+0100] {model.py:2043} DEBUG - running CmdStan, num_threads: None
[2024-07-13T20:16:02.554+0100] {model.py:2055} DEBUG - CmdStan args: ['/Library/Frameworks/Python.framework/Versions/3.12/lib/python3.12/site-packages/prophet/stan_model/prophet_model.bin', 'random', 'seed=62473', 'data', 'file=/var/folders/ml/zd6cs33j1gs1prd5lpns9pnc0000gn/T/tmpvojn7h49/lej5qey2.json', 'init=/var/folders/ml/zd6cs33j1gs1prd5lpns9pnc0000gn/T/tmpvojn7h49/8_o7crnw.json', 'output', 'file=/var/folders/ml/zd6cs33j1gs1prd5lpns9pnc0000gn/T/tmpvojn7h49/prophet_model683ybdwr/prophet_model-20240713201602.csv', 'method=optimize', 'algorithm=lbfgs', 'iter=10000']
[2024-07-13T20:16:02.555+0100] {logging_mixin.py:188} WARNING - 20:16:02 - cmdstanpy - INFO - Chain [1] start processing
[2024-07-13T20:16:02.554+0100] {model.py:2058} INFO - Chain [1] start processing
[2024-07-13T20:17:24.300+0100] {logging_mixin.py:188} WARNING - 20:17:24 - cmdstanpy - INFO - Chain [1] done processing
[2024-07-13T20:17:24.299+0100] {model.py:2115} INFO - Chain [1] done processing
[2024-07-13T20:17:24.504+0100] {python.py:237} INFO - Done. Returned value was: None
[2024-07-13T20:17:24.505+0100] {taskinstance.py:441} INFO - ::group::Post task execution logs
[2024-07-13T20:17:24.513+0100] {taskinstance.py:1206} INFO - Marking task as SUCCESS. dag_id=hhh, task_id=fit_prediction, run_id=manual__2024-07-13T19:14:30.707958+00:00, execution_date=20240713T191430, start_date=20240713T191558, end_date=20240713T191724
[2024-07-13T20:17:24.541+0100] {local_task_job_runner.py:240} INFO - Task exited with return code 0
[2024-07-13T20:17:24.560+0100] {taskinstance.py:3503} INFO - 0 downstream tasks scheduled from follow-on schedule check
[2024-07-13T20:17:24.560+0100] {local_task_job_runner.py:222} INFO - ::endgroup::
