[2024-07-14T21:52:23.316+0100] {local_task_job_runner.py:120} INFO - ::group::Pre task execution logs
[2024-07-14T21:52:23.361+0100] {taskinstance.py:2076} INFO - Dependencies all met for dep_context=non-requeueable deps ti=<TaskInstance: pleaserun.fit_prediction scheduled__2024-07-14T20:25:00+00:00 [queued]>
[2024-07-14T21:52:23.370+0100] {taskinstance.py:2076} INFO - Dependencies all met for dep_context=requeueable deps ti=<TaskInstance: pleaserun.fit_prediction scheduled__2024-07-14T20:25:00+00:00 [queued]>
[2024-07-14T21:52:23.370+0100] {taskinstance.py:2306} INFO - Starting attempt 1 of 1
[2024-07-14T21:52:23.383+0100] {taskinstance.py:2330} INFO - Executing <Task(_PythonDecoratedOperator): fit_prediction> on 2024-07-14 20:25:00+00:00
[2024-07-14T21:52:23.405+0100] {logging_mixin.py:188} WARNING - /Library/Frameworks/Python.framework/Versions/3.12/lib/python3.12/site-packages/airflow/task/task_runner/standard_task_runner.py:61 DeprecationWarning: This process (pid=12020) is multi-threaded, use of fork() may lead to deadlocks in the child.
[2024-07-14T21:52:23.406+0100] {standard_task_runner.py:63} INFO - Started process 12031 to run task
[2024-07-14T21:52:23.407+0100] {standard_task_runner.py:90} INFO - Running: ['airflow', 'tasks', 'run', 'pleaserun', 'fit_prediction', 'scheduled__2024-07-14T20:25:00+00:00', '--job-id', '14', '--raw', '--subdir', 'DAGS_FOLDER/dag1.py', '--cfg-path', '/var/folders/ml/zd6cs33j1gs1prd5lpns9pnc0000gn/T/tmpxbzlckcf']
[2024-07-14T21:52:23.412+0100] {standard_task_runner.py:91} INFO - Job 14: Subtask fit_prediction
[2024-07-14T21:52:23.486+0100] {task_command.py:426} INFO - Running <TaskInstance: pleaserun.fit_prediction scheduled__2024-07-14T20:25:00+00:00 [running]> on host MAKs-MacBook-Pro.local
[2024-07-14T21:52:23.724+0100] {taskinstance.py:2648} INFO - Exporting env vars: AIRFLOW_CTX_DAG_OWNER='airflow' AIRFLOW_CTX_DAG_ID='pleaserun' AIRFLOW_CTX_TASK_ID='fit_prediction' AIRFLOW_CTX_EXECUTION_DATE='2024-07-14T20:25:00+00:00' AIRFLOW_CTX_TRY_NUMBER='1' AIRFLOW_CTX_DAG_RUN_ID='scheduled__2024-07-14T20:25:00+00:00'
[2024-07-14T21:52:23.729+0100] {taskinstance.py:430} INFO - ::endgroup::
[2024-07-14T21:52:24.046+0100] {forecaster.py:961} INFO - Disabling daily seasonality. Run prophet with daily_seasonality=True to override this.
[2024-07-14T21:52:24.166+0100] {filesystem.py:118} DEBUG - input tempfile: /var/folders/ml/zd6cs33j1gs1prd5lpns9pnc0000gn/T/tmpmnsh_g1u/8rw8h3dq.json
[2024-07-14T21:52:24.663+0100] {filesystem.py:118} DEBUG - input tempfile: /var/folders/ml/zd6cs33j1gs1prd5lpns9pnc0000gn/T/tmpmnsh_g1u/qnbv38kd.json
[2024-07-14T21:52:24.681+0100] {model.py:2042} DEBUG - idx 0
[2024-07-14T21:52:24.681+0100] {model.py:2043} DEBUG - running CmdStan, num_threads: None
[2024-07-14T21:52:24.682+0100] {model.py:2055} DEBUG - CmdStan args: ['/Library/Frameworks/Python.framework/Versions/3.12/lib/python3.12/site-packages/prophet/stan_model/prophet_model.bin', 'random', 'seed=87089', 'data', 'file=/var/folders/ml/zd6cs33j1gs1prd5lpns9pnc0000gn/T/tmpmnsh_g1u/8rw8h3dq.json', 'init=/var/folders/ml/zd6cs33j1gs1prd5lpns9pnc0000gn/T/tmpmnsh_g1u/qnbv38kd.json', 'output', 'file=/var/folders/ml/zd6cs33j1gs1prd5lpns9pnc0000gn/T/tmpmnsh_g1u/prophet_modelmg_6dui7/prophet_model-20240714215224.csv', 'method=optimize', 'algorithm=lbfgs', 'iter=10000']
[2024-07-14T21:52:24.682+0100] {logging_mixin.py:188} WARNING - 21:52:24 - cmdstanpy - INFO - Chain [1] start processing
[2024-07-14T21:52:24.682+0100] {model.py:2058} INFO - Chain [1] start processing
[2024-07-14T21:52:30.284+0100] {logging_mixin.py:188} WARNING - 21:52:30 - cmdstanpy - INFO - Chain [1] done processing
[2024-07-14T21:52:30.283+0100] {model.py:2115} INFO - Chain [1] done processing
[2024-07-14T21:52:30.445+0100] {python.py:237} INFO - Done. Returned value was: None
[2024-07-14T21:52:30.447+0100] {taskinstance.py:441} INFO - ::group::Post task execution logs
[2024-07-14T21:52:30.457+0100] {taskinstance.py:1206} INFO - Marking task as SUCCESS. dag_id=pleaserun, task_id=fit_prediction, run_id=scheduled__2024-07-14T20:25:00+00:00, execution_date=20240714T202500, start_date=20240714T205223, end_date=20240714T205230
[2024-07-14T21:52:30.516+0100] {local_task_job_runner.py:240} INFO - Task exited with return code 0
[2024-07-14T21:52:30.535+0100] {taskinstance.py:3503} INFO - 0 downstream tasks scheduled from follow-on schedule check
[2024-07-14T21:52:30.536+0100] {local_task_job_runner.py:222} INFO - ::endgroup::
