[2024-07-14T15:35:40.039+0100] {local_task_job_runner.py:120} INFO - ::group::Pre task execution logs
[2024-07-14T15:35:40.114+0100] {taskinstance.py:2076} INFO - Dependencies all met for dep_context=non-requeueable deps ti=<TaskInstance: pleaserun.fit_prediction scheduled__2024-07-14T14:00:00+00:00 [queued]>
[2024-07-14T15:35:40.126+0100] {taskinstance.py:2076} INFO - Dependencies all met for dep_context=requeueable deps ti=<TaskInstance: pleaserun.fit_prediction scheduled__2024-07-14T14:00:00+00:00 [queued]>
[2024-07-14T15:35:40.127+0100] {taskinstance.py:2306} INFO - Starting attempt 1 of 1
[2024-07-14T15:35:40.148+0100] {taskinstance.py:2330} INFO - Executing <Task(_PythonDecoratedOperator): fit_prediction> on 2024-07-14 14:00:00+00:00
[2024-07-14T15:35:40.174+0100] {logging_mixin.py:188} WARNING - /Library/Frameworks/Python.framework/Versions/3.12/lib/python3.12/site-packages/airflow/task/task_runner/standard_task_runner.py:61 DeprecationWarning: This process (pid=1417) is multi-threaded, use of fork() may lead to deadlocks in the child.
[2024-07-14T15:35:40.175+0100] {standard_task_runner.py:63} INFO - Started process 1439 to run task
[2024-07-14T15:35:40.178+0100] {standard_task_runner.py:90} INFO - Running: ['airflow', 'tasks', 'run', 'pleaserun', 'fit_prediction', 'scheduled__2024-07-14T14:00:00+00:00', '--job-id', '11', '--raw', '--subdir', 'DAGS_FOLDER/dag1.py', '--cfg-path', '/var/folders/ml/zd6cs33j1gs1prd5lpns9pnc0000gn/T/tmpxrw9ltq0']
[2024-07-14T15:35:40.181+0100] {standard_task_runner.py:91} INFO - Job 11: Subtask fit_prediction
[2024-07-14T15:35:40.323+0100] {task_command.py:426} INFO - Running <TaskInstance: pleaserun.fit_prediction scheduled__2024-07-14T14:00:00+00:00 [running]> on host MAKs-MacBook-Pro.local
[2024-07-14T15:35:40.635+0100] {taskinstance.py:2648} INFO - Exporting env vars: AIRFLOW_CTX_DAG_OWNER='airflow' AIRFLOW_CTX_DAG_ID='pleaserun' AIRFLOW_CTX_TASK_ID='fit_prediction' AIRFLOW_CTX_EXECUTION_DATE='2024-07-14T14:00:00+00:00' AIRFLOW_CTX_TRY_NUMBER='1' AIRFLOW_CTX_DAG_RUN_ID='scheduled__2024-07-14T14:00:00+00:00'
[2024-07-14T15:35:40.638+0100] {taskinstance.py:430} INFO - ::endgroup::
[2024-07-14T15:35:41.431+0100] {forecaster.py:961} INFO - Disabling daily seasonality. Run prophet with daily_seasonality=True to override this.
[2024-07-14T15:35:41.722+0100] {filesystem.py:118} DEBUG - input tempfile: /var/folders/ml/zd6cs33j1gs1prd5lpns9pnc0000gn/T/tmpupxmmi94/zvkj3w_8.json
[2024-07-14T15:35:45.105+0100] {filesystem.py:118} DEBUG - input tempfile: /var/folders/ml/zd6cs33j1gs1prd5lpns9pnc0000gn/T/tmpupxmmi94/ydizlr9_.json
[2024-07-14T15:35:45.121+0100] {model.py:2042} DEBUG - idx 0
[2024-07-14T15:35:45.122+0100] {model.py:2043} DEBUG - running CmdStan, num_threads: None
[2024-07-14T15:35:45.122+0100] {model.py:2055} DEBUG - CmdStan args: ['/Library/Frameworks/Python.framework/Versions/3.12/lib/python3.12/site-packages/prophet/stan_model/prophet_model.bin', 'random', 'seed=87773', 'data', 'file=/var/folders/ml/zd6cs33j1gs1prd5lpns9pnc0000gn/T/tmpupxmmi94/zvkj3w_8.json', 'init=/var/folders/ml/zd6cs33j1gs1prd5lpns9pnc0000gn/T/tmpupxmmi94/ydizlr9_.json', 'output', 'file=/var/folders/ml/zd6cs33j1gs1prd5lpns9pnc0000gn/T/tmpupxmmi94/prophet_modelw7w8mtks/prophet_model-20240714153545.csv', 'method=optimize', 'algorithm=lbfgs', 'iter=10000']
[2024-07-14T15:35:45.123+0100] {logging_mixin.py:188} WARNING - 15:35:45 - cmdstanpy - INFO - Chain [1] start processing
[2024-07-14T15:35:45.123+0100] {model.py:2058} INFO - Chain [1] start processing
[2024-07-14T15:37:55.898+0100] {logging_mixin.py:188} WARNING - 15:37:55 - cmdstanpy - INFO - Chain [1] done processing
[2024-07-14T15:37:55.896+0100] {model.py:2115} INFO - Chain [1] done processing
[2024-07-14T15:37:56.365+0100] {python.py:237} INFO - Done. Returned value was: None
[2024-07-14T15:37:56.369+0100] {taskinstance.py:441} INFO - ::group::Post task execution logs
[2024-07-14T15:37:56.389+0100] {taskinstance.py:1206} INFO - Marking task as SUCCESS. dag_id=pleaserun, task_id=fit_prediction, run_id=scheduled__2024-07-14T14:00:00+00:00, execution_date=20240714T140000, start_date=20240714T143540, end_date=20240714T143756
[2024-07-14T15:37:56.453+0100] {local_task_job_runner.py:240} INFO - Task exited with return code 0
[2024-07-14T15:37:56.491+0100] {taskinstance.py:3503} INFO - 0 downstream tasks scheduled from follow-on schedule check
[2024-07-14T15:37:56.492+0100] {local_task_job_runner.py:222} INFO - ::endgroup::
