[2024-07-14T23:51:33.493+0100] {local_task_job_runner.py:120} INFO - ::group::Pre task execution logs
[2024-07-14T23:51:33.545+0100] {taskinstance.py:2076} INFO - Dependencies all met for dep_context=non-requeueable deps ti=<TaskInstance: morning.fit_prediction manual__2024-07-14T22:49:29.715856+00:00 [queued]>
[2024-07-14T23:51:33.558+0100] {taskinstance.py:2076} INFO - Dependencies all met for dep_context=requeueable deps ti=<TaskInstance: morning.fit_prediction manual__2024-07-14T22:49:29.715856+00:00 [queued]>
[2024-07-14T23:51:33.559+0100] {taskinstance.py:2306} INFO - Starting attempt 1 of 1
[2024-07-14T23:51:33.577+0100] {taskinstance.py:2330} INFO - Executing <Task(_PythonDecoratedOperator): fit_prediction> on 2024-07-14 22:49:29.715856+00:00
[2024-07-14T23:51:33.603+0100] {logging_mixin.py:188} WARNING - /Library/Frameworks/Python.framework/Versions/3.12/lib/python3.12/site-packages/airflow/task/task_runner/standard_task_runner.py:61 DeprecationWarning: This process (pid=15924) is multi-threaded, use of fork() may lead to deadlocks in the child.
[2024-07-14T23:51:33.605+0100] {standard_task_runner.py:63} INFO - Started process 15967 to run task
[2024-07-14T23:51:33.613+0100] {standard_task_runner.py:90} INFO - Running: ['airflow', 'tasks', 'run', 'morning', 'fit_prediction', 'manual__2024-07-14T22:49:29.715856+00:00', '--job-id', '6', '--raw', '--subdir', 'DAGS_FOLDER/dag1.py', '--cfg-path', '/var/folders/ml/zd6cs33j1gs1prd5lpns9pnc0000gn/T/tmp2okav5gp']
[2024-07-14T23:51:33.618+0100] {standard_task_runner.py:91} INFO - Job 6: Subtask fit_prediction
[2024-07-14T23:51:33.740+0100] {task_command.py:426} INFO - Running <TaskInstance: morning.fit_prediction manual__2024-07-14T22:49:29.715856+00:00 [running]> on host MAKs-MacBook-Pro.local
[2024-07-14T23:51:34.119+0100] {taskinstance.py:2648} INFO - Exporting env vars: AIRFLOW_CTX_DAG_OWNER='airflow' AIRFLOW_CTX_DAG_ID='morning' AIRFLOW_CTX_TASK_ID='fit_prediction' AIRFLOW_CTX_EXECUTION_DATE='2024-07-14T22:49:29.715856+00:00' AIRFLOW_CTX_TRY_NUMBER='1' AIRFLOW_CTX_DAG_RUN_ID='manual__2024-07-14T22:49:29.715856+00:00'
[2024-07-14T23:51:34.121+0100] {taskinstance.py:430} INFO - ::endgroup::
[2024-07-14T23:51:34.454+0100] {forecaster.py:961} INFO - Disabling daily seasonality. Run prophet with daily_seasonality=True to override this.
[2024-07-14T23:51:34.573+0100] {filesystem.py:118} DEBUG - input tempfile: /var/folders/ml/zd6cs33j1gs1prd5lpns9pnc0000gn/T/tmp3vrjj0hk/qfx1ao8j.json
[2024-07-14T23:51:34.989+0100] {filesystem.py:118} DEBUG - input tempfile: /var/folders/ml/zd6cs33j1gs1prd5lpns9pnc0000gn/T/tmp3vrjj0hk/cpolpxyz.json
[2024-07-14T23:51:34.998+0100] {model.py:2042} DEBUG - idx 0
[2024-07-14T23:51:34.998+0100] {model.py:2043} DEBUG - running CmdStan, num_threads: None
[2024-07-14T23:51:34.999+0100] {model.py:2055} DEBUG - CmdStan args: ['/Library/Frameworks/Python.framework/Versions/3.12/lib/python3.12/site-packages/prophet/stan_model/prophet_model.bin', 'random', 'seed=98935', 'data', 'file=/var/folders/ml/zd6cs33j1gs1prd5lpns9pnc0000gn/T/tmp3vrjj0hk/qfx1ao8j.json', 'init=/var/folders/ml/zd6cs33j1gs1prd5lpns9pnc0000gn/T/tmp3vrjj0hk/cpolpxyz.json', 'output', 'file=/var/folders/ml/zd6cs33j1gs1prd5lpns9pnc0000gn/T/tmp3vrjj0hk/prophet_modeltui164x2/prophet_model-20240714235134.csv', 'method=optimize', 'algorithm=lbfgs', 'iter=10000']
[2024-07-14T23:51:35.000+0100] {logging_mixin.py:188} WARNING - 23:51:34 - cmdstanpy - INFO - Chain [1] start processing
[2024-07-14T23:51:34.999+0100] {model.py:2058} INFO - Chain [1] start processing
[2024-07-14T23:51:43.331+0100] {logging_mixin.py:188} WARNING - 23:51:43 - cmdstanpy - INFO - Chain [1] done processing
[2024-07-14T23:51:43.329+0100] {model.py:2115} INFO - Chain [1] done processing
[2024-07-14T23:51:43.755+0100] {python.py:237} INFO - Done. Returned value was: None
[2024-07-14T23:51:43.756+0100] {taskinstance.py:441} INFO - ::group::Post task execution logs
[2024-07-14T23:51:43.770+0100] {taskinstance.py:1206} INFO - Marking task as SUCCESS. dag_id=morning, task_id=fit_prediction, run_id=manual__2024-07-14T22:49:29.715856+00:00, execution_date=20240714T224929, start_date=20240714T225133, end_date=20240714T225143
[2024-07-14T23:51:43.810+0100] {local_task_job_runner.py:240} INFO - Task exited with return code 0
[2024-07-14T23:51:43.834+0100] {taskinstance.py:3503} INFO - 0 downstream tasks scheduled from follow-on schedule check
[2024-07-14T23:51:43.835+0100] {local_task_job_runner.py:222} INFO - ::endgroup::
