[2024-07-14T18:21:42.537+0100] {local_task_job_runner.py:120} INFO - ::group::Pre task execution logs
[2024-07-14T18:21:42.575+0100] {taskinstance.py:2076} INFO - Dependencies all met for dep_context=non-requeueable deps ti=<TaskInstance: pleaserun.get_sentiments scheduled__2024-07-14T17:00:00+00:00 [queued]>
[2024-07-14T18:21:42.583+0100] {taskinstance.py:2076} INFO - Dependencies all met for dep_context=requeueable deps ti=<TaskInstance: pleaserun.get_sentiments scheduled__2024-07-14T17:00:00+00:00 [queued]>
[2024-07-14T18:21:42.583+0100] {taskinstance.py:2306} INFO - Starting attempt 1 of 1
[2024-07-14T18:21:42.594+0100] {taskinstance.py:2330} INFO - Executing <Task(_PythonDecoratedOperator): get_sentiments> on 2024-07-14 17:00:00+00:00
[2024-07-14T18:21:42.610+0100] {logging_mixin.py:188} WARNING - /Library/Frameworks/Python.framework/Versions/3.12/lib/python3.12/site-packages/airflow/task/task_runner/standard_task_runner.py:61 DeprecationWarning: This process (pid=4631) is multi-threaded, use of fork() may lead to deadlocks in the child.
[2024-07-14T18:21:42.611+0100] {standard_task_runner.py:63} INFO - Started process 4665 to run task
[2024-07-14T18:21:42.613+0100] {standard_task_runner.py:90} INFO - Running: ['airflow', 'tasks', 'run', 'pleaserun', 'get_sentiments', 'scheduled__2024-07-14T17:00:00+00:00', '--job-id', '10', '--raw', '--subdir', 'DAGS_FOLDER/dag1.py', '--cfg-path', '/var/folders/ml/zd6cs33j1gs1prd5lpns9pnc0000gn/T/tmp8ojidkl5']
[2024-07-14T18:21:42.615+0100] {standard_task_runner.py:91} INFO - Job 10: Subtask get_sentiments
[2024-07-14T18:21:42.674+0100] {task_command.py:426} INFO - Running <TaskInstance: pleaserun.get_sentiments scheduled__2024-07-14T17:00:00+00:00 [running]> on host MAKs-MacBook-Pro.local
[2024-07-14T18:21:42.911+0100] {taskinstance.py:2648} INFO - Exporting env vars: AIRFLOW_CTX_DAG_OWNER='airflow' AIRFLOW_CTX_DAG_ID='pleaserun' AIRFLOW_CTX_TASK_ID='get_sentiments' AIRFLOW_CTX_EXECUTION_DATE='2024-07-14T17:00:00+00:00' AIRFLOW_CTX_TRY_NUMBER='1' AIRFLOW_CTX_DAG_RUN_ID='scheduled__2024-07-14T17:00:00+00:00'
[2024-07-14T18:21:42.914+0100] {taskinstance.py:430} INFO - ::endgroup::
[2024-07-14T18:21:47.023+0100] {python.py:237} INFO - Done. Returned value was:            ds  negative  positive  ...   sadness  surprise    others
0  2024-07-14  0.132998  0.102308  ...  0.000831  0.003496  0.977262

[1 rows x 11 columns]
[2024-07-14T18:21:47.043+0100] {taskinstance.py:441} INFO - ::group::Post task execution logs
[2024-07-14T18:21:47.066+0100] {taskinstance.py:1206} INFO - Marking task as SUCCESS. dag_id=pleaserun, task_id=get_sentiments, run_id=scheduled__2024-07-14T17:00:00+00:00, execution_date=20240714T170000, start_date=20240714T172142, end_date=20240714T172147
[2024-07-14T18:21:47.152+0100] {local_task_job_runner.py:240} INFO - Task exited with return code 0
[2024-07-14T18:21:47.175+0100] {taskinstance.py:3503} INFO - 1 downstream tasks scheduled from follow-on schedule check
[2024-07-14T18:21:47.178+0100] {local_task_job_runner.py:222} INFO - ::endgroup::
[2024-07-14T18:29:01.256+0100] {local_task_job_runner.py:120} INFO - ::group::Pre task execution logs
[2024-07-14T18:29:01.335+0100] {taskinstance.py:2076} INFO - Dependencies all met for dep_context=non-requeueable deps ti=<TaskInstance: pleaserun.get_sentiments scheduled__2024-07-14T17:00:00+00:00 [queued]>
[2024-07-14T18:29:01.354+0100] {taskinstance.py:2076} INFO - Dependencies all met for dep_context=requeueable deps ti=<TaskInstance: pleaserun.get_sentiments scheduled__2024-07-14T17:00:00+00:00 [queued]>
[2024-07-14T18:29:01.354+0100] {taskinstance.py:2306} INFO - Starting attempt 1 of 1
[2024-07-14T18:29:01.409+0100] {taskinstance.py:2330} INFO - Executing <Task(_PythonDecoratedOperator): get_sentiments> on 2024-07-14 17:00:00+00:00
[2024-07-14T18:29:01.454+0100] {logging_mixin.py:188} WARNING - /Library/Frameworks/Python.framework/Versions/3.12/lib/python3.12/site-packages/airflow/task/task_runner/standard_task_runner.py:61 DeprecationWarning: This process (pid=5150) is multi-threaded, use of fork() may lead to deadlocks in the child.
[2024-07-14T18:29:01.453+0100] {standard_task_runner.py:90} INFO - Running: ['airflow', 'tasks', 'run', 'pleaserun', 'get_sentiments', 'scheduled__2024-07-14T17:00:00+00:00', '--job-id', '5', '--raw', '--subdir', 'DAGS_FOLDER/dag1.py', '--cfg-path', '/var/folders/ml/zd6cs33j1gs1prd5lpns9pnc0000gn/T/tmp7r6055b3']
[2024-07-14T18:29:01.457+0100] {standard_task_runner.py:63} INFO - Started process 5173 to run task
[2024-07-14T18:29:01.457+0100] {standard_task_runner.py:91} INFO - Job 5: Subtask get_sentiments
[2024-07-14T18:29:01.585+0100] {task_command.py:426} INFO - Running <TaskInstance: pleaserun.get_sentiments scheduled__2024-07-14T17:00:00+00:00 [running]> on host MAKs-MacBook-Pro.local
[2024-07-14T18:29:01.986+0100] {taskinstance.py:2648} INFO - Exporting env vars: AIRFLOW_CTX_DAG_OWNER='airflow' AIRFLOW_CTX_DAG_ID='pleaserun' AIRFLOW_CTX_TASK_ID='get_sentiments' AIRFLOW_CTX_EXECUTION_DATE='2024-07-14T17:00:00+00:00' AIRFLOW_CTX_TRY_NUMBER='1' AIRFLOW_CTX_DAG_RUN_ID='scheduled__2024-07-14T17:00:00+00:00'
[2024-07-14T18:29:01.991+0100] {taskinstance.py:430} INFO - ::endgroup::
[2024-07-14T18:29:08.968+0100] {python.py:237} INFO - Done. Returned value was:            ds  negative  positive  ...   sadness  surprise    others
0  2024-07-14  0.132998  0.102308  ...  0.000831  0.003496  0.977262

[1 rows x 11 columns]
[2024-07-14T18:29:09.020+0100] {taskinstance.py:441} INFO - ::group::Post task execution logs
[2024-07-14T18:29:09.122+0100] {taskinstance.py:1206} INFO - Marking task as SUCCESS. dag_id=pleaserun, task_id=get_sentiments, run_id=scheduled__2024-07-14T17:00:00+00:00, execution_date=20240714T170000, start_date=20240714T172901, end_date=20240714T172909
[2024-07-14T18:29:09.240+0100] {local_task_job_runner.py:240} INFO - Task exited with return code 0
[2024-07-14T18:29:09.285+0100] {taskinstance.py:3503} INFO - 1 downstream tasks scheduled from follow-on schedule check
[2024-07-14T18:29:09.287+0100] {local_task_job_runner.py:222} INFO - ::endgroup::
[2024-07-14T18:32:18.240+0100] {local_task_job_runner.py:120} INFO - ::group::Pre task execution logs
[2024-07-14T18:32:18.322+0100] {taskinstance.py:2076} INFO - Dependencies all met for dep_context=non-requeueable deps ti=<TaskInstance: pleaserun.get_sentiments scheduled__2024-07-14T17:00:00+00:00 [queued]>
[2024-07-14T18:32:18.332+0100] {taskinstance.py:2076} INFO - Dependencies all met for dep_context=requeueable deps ti=<TaskInstance: pleaserun.get_sentiments scheduled__2024-07-14T17:00:00+00:00 [queued]>
[2024-07-14T18:32:18.332+0100] {taskinstance.py:2306} INFO - Starting attempt 1 of 1
[2024-07-14T18:32:18.346+0100] {taskinstance.py:2330} INFO - Executing <Task(_PythonDecoratedOperator): get_sentiments> on 2024-07-14 17:00:00+00:00
[2024-07-14T18:32:18.362+0100] {logging_mixin.py:188} WARNING - /Library/Frameworks/Python.framework/Versions/3.12/lib/python3.12/site-packages/airflow/task/task_runner/standard_task_runner.py:61 DeprecationWarning: This process (pid=5445) is multi-threaded, use of fork() may lead to deadlocks in the child.
[2024-07-14T18:32:18.364+0100] {standard_task_runner.py:63} INFO - Started process 5463 to run task
[2024-07-14T18:32:18.366+0100] {standard_task_runner.py:90} INFO - Running: ['airflow', 'tasks', 'run', 'pleaserun', 'get_sentiments', 'scheduled__2024-07-14T17:00:00+00:00', '--job-id', '5', '--raw', '--subdir', 'DAGS_FOLDER/dag1.py', '--cfg-path', '/var/folders/ml/zd6cs33j1gs1prd5lpns9pnc0000gn/T/tmppdmzsqas']
[2024-07-14T18:32:18.368+0100] {standard_task_runner.py:91} INFO - Job 5: Subtask get_sentiments
[2024-07-14T18:32:18.448+0100] {task_command.py:426} INFO - Running <TaskInstance: pleaserun.get_sentiments scheduled__2024-07-14T17:00:00+00:00 [running]> on host MAKs-MacBook-Pro.local
[2024-07-14T18:32:18.677+0100] {taskinstance.py:2648} INFO - Exporting env vars: AIRFLOW_CTX_DAG_OWNER='airflow' AIRFLOW_CTX_DAG_ID='pleaserun' AIRFLOW_CTX_TASK_ID='get_sentiments' AIRFLOW_CTX_EXECUTION_DATE='2024-07-14T17:00:00+00:00' AIRFLOW_CTX_TRY_NUMBER='1' AIRFLOW_CTX_DAG_RUN_ID='scheduled__2024-07-14T17:00:00+00:00'
[2024-07-14T18:32:18.679+0100] {taskinstance.py:430} INFO - ::endgroup::
[2024-07-14T18:32:23.957+0100] {python.py:237} INFO - Done. Returned value was:            ds  negative  positive  ...   sadness  surprise    others
0  2024-07-14  0.132998  0.102308  ...  0.000831  0.003496  0.977262

[1 rows x 11 columns]
[2024-07-14T18:32:23.979+0100] {taskinstance.py:441} INFO - ::group::Post task execution logs
[2024-07-14T18:32:24.008+0100] {taskinstance.py:1206} INFO - Marking task as SUCCESS. dag_id=pleaserun, task_id=get_sentiments, run_id=scheduled__2024-07-14T17:00:00+00:00, execution_date=20240714T170000, start_date=20240714T173218, end_date=20240714T173224
[2024-07-14T18:32:24.090+0100] {local_task_job_runner.py:240} INFO - Task exited with return code 0
[2024-07-14T18:32:24.109+0100] {taskinstance.py:3503} INFO - 1 downstream tasks scheduled from follow-on schedule check
[2024-07-14T18:32:24.111+0100] {local_task_job_runner.py:222} INFO - ::endgroup::
