[2024-07-14T23:56:45.918+0100] {local_task_job_runner.py:120} INFO - ::group::Pre task execution logs
[2024-07-14T23:56:45.975+0100] {taskinstance.py:2076} INFO - Dependencies all met for dep_context=non-requeueable deps ti=<TaskInstance: morning.fit_prediction manual__2024-07-14T22:54:48.851629+00:00 [queued]>
[2024-07-14T23:56:45.985+0100] {taskinstance.py:2076} INFO - Dependencies all met for dep_context=requeueable deps ti=<TaskInstance: morning.fit_prediction manual__2024-07-14T22:54:48.851629+00:00 [queued]>
[2024-07-14T23:56:45.986+0100] {taskinstance.py:2306} INFO - Starting attempt 1 of 1
[2024-07-14T23:56:46.008+0100] {taskinstance.py:2330} INFO - Executing <Task(_PythonDecoratedOperator): fit_prediction> on 2024-07-14 22:54:48.851629+00:00
[2024-07-14T23:56:46.038+0100] {standard_task_runner.py:90} INFO - Running: ['airflow', 'tasks', 'run', 'morning', 'fit_prediction', 'manual__2024-07-14T22:54:48.851629+00:00', '--job-id', '11', '--raw', '--subdir', 'DAGS_FOLDER/dag1.py', '--cfg-path', '/var/folders/ml/zd6cs33j1gs1prd5lpns9pnc0000gn/T/tmp1eywvl1d']
[2024-07-14T23:56:46.046+0100] {standard_task_runner.py:91} INFO - Job 11: Subtask fit_prediction
[2024-07-14T23:56:46.046+0100] {logging_mixin.py:188} WARNING - /Library/Frameworks/Python.framework/Versions/3.12/lib/python3.12/site-packages/airflow/task/task_runner/standard_task_runner.py:61 DeprecationWarning: This process (pid=16387) is multi-threaded, use of fork() may lead to deadlocks in the child.
[2024-07-14T23:56:46.051+0100] {standard_task_runner.py:63} INFO - Started process 16410 to run task
[2024-07-14T23:56:46.247+0100] {task_command.py:426} INFO - Running <TaskInstance: morning.fit_prediction manual__2024-07-14T22:54:48.851629+00:00 [running]> on host MAKs-MacBook-Pro.local
[2024-07-14T23:56:46.831+0100] {taskinstance.py:2648} INFO - Exporting env vars: AIRFLOW_CTX_DAG_OWNER='airflow' AIRFLOW_CTX_DAG_ID='morning' AIRFLOW_CTX_TASK_ID='fit_prediction' AIRFLOW_CTX_EXECUTION_DATE='2024-07-14T22:54:48.851629+00:00' AIRFLOW_CTX_TRY_NUMBER='1' AIRFLOW_CTX_DAG_RUN_ID='manual__2024-07-14T22:54:48.851629+00:00'
[2024-07-14T23:56:47.105+0100] {taskinstance.py:430} INFO - ::endgroup::
[2024-07-14T23:56:48.117+0100] {forecaster.py:961} INFO - Disabling daily seasonality. Run prophet with daily_seasonality=True to override this.
[2024-07-14T23:56:48.343+0100] {filesystem.py:118} DEBUG - input tempfile: /var/folders/ml/zd6cs33j1gs1prd5lpns9pnc0000gn/T/tmpwo_mjmid/yi63snm8.json
[2024-07-14T23:56:49.105+0100] {filesystem.py:118} DEBUG - input tempfile: /var/folders/ml/zd6cs33j1gs1prd5lpns9pnc0000gn/T/tmpwo_mjmid/annxn5hp.json
[2024-07-14T23:56:49.122+0100] {model.py:2042} DEBUG - idx 0
[2024-07-14T23:56:49.123+0100] {model.py:2043} DEBUG - running CmdStan, num_threads: None
[2024-07-14T23:56:49.124+0100] {model.py:2055} DEBUG - CmdStan args: ['/Library/Frameworks/Python.framework/Versions/3.12/lib/python3.12/site-packages/prophet/stan_model/prophet_model.bin', 'random', 'seed=32046', 'data', 'file=/var/folders/ml/zd6cs33j1gs1prd5lpns9pnc0000gn/T/tmpwo_mjmid/yi63snm8.json', 'init=/var/folders/ml/zd6cs33j1gs1prd5lpns9pnc0000gn/T/tmpwo_mjmid/annxn5hp.json', 'output', 'file=/var/folders/ml/zd6cs33j1gs1prd5lpns9pnc0000gn/T/tmpwo_mjmid/prophet_modelxj3ssrea/prophet_model-20240714235649.csv', 'method=optimize', 'algorithm=lbfgs', 'iter=10000']
[2024-07-14T23:56:49.125+0100] {logging_mixin.py:188} WARNING - 23:56:49 - cmdstanpy - INFO - Chain [1] start processing
[2024-07-14T23:56:49.125+0100] {model.py:2058} INFO - Chain [1] start processing
[2024-07-14T23:56:54.964+0100] {logging_mixin.py:188} WARNING - 23:56:54 - cmdstanpy - INFO - Chain [1] done processing
[2024-07-14T23:56:54.963+0100] {model.py:2115} INFO - Chain [1] done processing
[2024-07-14T23:56:55.243+0100] {python.py:237} INFO - Done. Returned value was: None
[2024-07-14T23:56:55.243+0100] {taskinstance.py:441} INFO - ::group::Post task execution logs
[2024-07-14T23:56:55.258+0100] {taskinstance.py:1206} INFO - Marking task as SUCCESS. dag_id=morning, task_id=fit_prediction, run_id=manual__2024-07-14T22:54:48.851629+00:00, execution_date=20240714T225448, start_date=20240714T225645, end_date=20240714T225655
[2024-07-14T23:56:55.289+0100] {local_task_job_runner.py:240} INFO - Task exited with return code 0
[2024-07-14T23:56:55.304+0100] {taskinstance.py:3503} INFO - 0 downstream tasks scheduled from follow-on schedule check
[2024-07-14T23:56:55.305+0100] {local_task_job_runner.py:222} INFO - ::endgroup::
