[2024-07-16T12:01:03.119+0100] {local_task_job_runner.py:120} INFO - ::group::Pre task execution logs
[2024-07-16T12:01:03.158+0100] {taskinstance.py:2076} INFO - Dependencies all met for dep_context=non-requeueable deps ti=<TaskInstance: morning.fit_prediction scheduled__2024-07-15T05:00:00+00:00 [queued]>
[2024-07-16T12:01:03.165+0100] {taskinstance.py:2076} INFO - Dependencies all met for dep_context=requeueable deps ti=<TaskInstance: morning.fit_prediction scheduled__2024-07-15T05:00:00+00:00 [queued]>
[2024-07-16T12:01:03.165+0100] {taskinstance.py:2306} INFO - Starting attempt 1 of 1
[2024-07-16T12:01:03.176+0100] {taskinstance.py:2330} INFO - Executing <Task(_PythonDecoratedOperator): fit_prediction> on 2024-07-15 05:00:00+00:00
[2024-07-16T12:01:03.194+0100] {logging_mixin.py:188} WARNING - /Library/Frameworks/Python.framework/Versions/3.12/lib/python3.12/site-packages/airflow/task/task_runner/standard_task_runner.py:61 DeprecationWarning: This process (pid=9762) is multi-threaded, use of fork() may lead to deadlocks in the child.
[2024-07-16T12:01:03.195+0100] {standard_task_runner.py:63} INFO - Started process 9774 to run task
[2024-07-16T12:01:03.199+0100] {standard_task_runner.py:90} INFO - Running: ['airflow', 'tasks', 'run', 'morning', 'fit_prediction', 'scheduled__2024-07-15T05:00:00+00:00', '--job-id', '6', '--raw', '--subdir', 'DAGS_FOLDER/dag1.py', '--cfg-path', '/var/folders/ml/zd6cs33j1gs1prd5lpns9pnc0000gn/T/tmpjkzg0qha']
[2024-07-16T12:01:03.201+0100] {standard_task_runner.py:91} INFO - Job 6: Subtask fit_prediction
[2024-07-16T12:01:03.268+0100] {task_command.py:426} INFO - Running <TaskInstance: morning.fit_prediction scheduled__2024-07-15T05:00:00+00:00 [running]> on host MAKs-MacBook-Pro.local
[2024-07-16T12:01:03.450+0100] {taskinstance.py:2648} INFO - Exporting env vars: AIRFLOW_CTX_DAG_OWNER='airflow' AIRFLOW_CTX_DAG_ID='morning' AIRFLOW_CTX_TASK_ID='fit_prediction' AIRFLOW_CTX_EXECUTION_DATE='2024-07-15T05:00:00+00:00' AIRFLOW_CTX_TRY_NUMBER='1' AIRFLOW_CTX_DAG_RUN_ID='scheduled__2024-07-15T05:00:00+00:00'
[2024-07-16T12:01:03.452+0100] {taskinstance.py:430} INFO - ::endgroup::
[2024-07-16T12:01:03.708+0100] {forecaster.py:961} INFO - Disabling daily seasonality. Run prophet with daily_seasonality=True to override this.
[2024-07-16T12:01:03.909+0100] {filesystem.py:118} DEBUG - input tempfile: /var/folders/ml/zd6cs33j1gs1prd5lpns9pnc0000gn/T/tmp7odj859u/v80cnvgy.json
[2024-07-16T12:01:04.312+0100] {filesystem.py:118} DEBUG - input tempfile: /var/folders/ml/zd6cs33j1gs1prd5lpns9pnc0000gn/T/tmp7odj859u/0uhsensg.json
[2024-07-16T12:01:04.318+0100] {model.py:2042} DEBUG - idx 0
[2024-07-16T12:01:04.319+0100] {model.py:2043} DEBUG - running CmdStan, num_threads: None
[2024-07-16T12:01:04.319+0100] {model.py:2055} DEBUG - CmdStan args: ['/Library/Frameworks/Python.framework/Versions/3.12/lib/python3.12/site-packages/prophet/stan_model/prophet_model.bin', 'random', 'seed=69274', 'data', 'file=/var/folders/ml/zd6cs33j1gs1prd5lpns9pnc0000gn/T/tmp7odj859u/v80cnvgy.json', 'init=/var/folders/ml/zd6cs33j1gs1prd5lpns9pnc0000gn/T/tmp7odj859u/0uhsensg.json', 'output', 'file=/var/folders/ml/zd6cs33j1gs1prd5lpns9pnc0000gn/T/tmp7odj859u/prophet_modelqhgxgmdz/prophet_model-20240716120104.csv', 'method=optimize', 'algorithm=lbfgs', 'iter=10000']
[2024-07-16T12:01:04.320+0100] {logging_mixin.py:188} WARNING - 12:01:04 - cmdstanpy - INFO - Chain [1] start processing
[2024-07-16T12:01:04.320+0100] {model.py:2058} INFO - Chain [1] start processing
[2024-07-16T12:01:08.490+0100] {logging_mixin.py:188} WARNING - 12:01:08 - cmdstanpy - INFO - Chain [1] done processing
[2024-07-16T12:01:08.490+0100] {model.py:2115} INFO - Chain [1] done processing
[2024-07-16T12:01:08.615+0100] {python.py:237} INFO - Done. Returned value was: None
[2024-07-16T12:01:08.616+0100] {taskinstance.py:441} INFO - ::group::Post task execution logs
[2024-07-16T12:01:08.623+0100] {taskinstance.py:1206} INFO - Marking task as SUCCESS. dag_id=morning, task_id=fit_prediction, run_id=scheduled__2024-07-15T05:00:00+00:00, execution_date=20240715T050000, start_date=20240716T110103, end_date=20240716T110108
[2024-07-16T12:01:08.660+0100] {local_task_job_runner.py:240} INFO - Task exited with return code 0
[2024-07-16T12:01:08.676+0100] {taskinstance.py:3503} INFO - 0 downstream tasks scheduled from follow-on schedule check
[2024-07-16T12:01:08.676+0100] {local_task_job_runner.py:222} INFO - ::endgroup::
