[2024-07-16T11:39:57.860+0100] {local_task_job_runner.py:120} INFO - ::group::Pre task execution logs
[2024-07-16T11:39:57.902+0100] {taskinstance.py:2076} INFO - Dependencies all met for dep_context=non-requeueable deps ti=<TaskInstance: morning.fit_prediction scheduled__2024-07-15T06:00:00+00:00 [queued]>
[2024-07-16T11:39:57.912+0100] {taskinstance.py:2076} INFO - Dependencies all met for dep_context=requeueable deps ti=<TaskInstance: morning.fit_prediction scheduled__2024-07-15T06:00:00+00:00 [queued]>
[2024-07-16T11:39:57.912+0100] {taskinstance.py:2306} INFO - Starting attempt 1 of 1
[2024-07-16T11:39:57.927+0100] {taskinstance.py:2330} INFO - Executing <Task(_PythonDecoratedOperator): fit_prediction> on 2024-07-15 06:00:00+00:00
[2024-07-16T11:39:57.946+0100] {logging_mixin.py:188} WARNING - /Library/Frameworks/Python.framework/Versions/3.12/lib/python3.12/site-packages/airflow/task/task_runner/standard_task_runner.py:61 DeprecationWarning: This process (pid=8330) is multi-threaded, use of fork() may lead to deadlocks in the child.
[2024-07-16T11:39:57.947+0100] {standard_task_runner.py:63} INFO - Started process 8342 to run task
[2024-07-16T11:39:57.948+0100] {standard_task_runner.py:90} INFO - Running: ['airflow', 'tasks', 'run', 'morning', 'fit_prediction', 'scheduled__2024-07-15T06:00:00+00:00', '--job-id', '6', '--raw', '--subdir', 'DAGS_FOLDER/dag1.py', '--cfg-path', '/var/folders/ml/zd6cs33j1gs1prd5lpns9pnc0000gn/T/tmpy5smkne6']
[2024-07-16T11:39:57.951+0100] {standard_task_runner.py:91} INFO - Job 6: Subtask fit_prediction
[2024-07-16T11:39:58.018+0100] {task_command.py:426} INFO - Running <TaskInstance: morning.fit_prediction scheduled__2024-07-15T06:00:00+00:00 [running]> on host MAKs-MacBook-Pro.local
[2024-07-16T11:39:58.218+0100] {taskinstance.py:2648} INFO - Exporting env vars: AIRFLOW_CTX_DAG_OWNER='airflow' AIRFLOW_CTX_DAG_ID='morning' AIRFLOW_CTX_TASK_ID='fit_prediction' AIRFLOW_CTX_EXECUTION_DATE='2024-07-15T06:00:00+00:00' AIRFLOW_CTX_TRY_NUMBER='1' AIRFLOW_CTX_DAG_RUN_ID='scheduled__2024-07-15T06:00:00+00:00'
[2024-07-16T11:39:58.220+0100] {taskinstance.py:430} INFO - ::endgroup::
[2024-07-16T11:39:58.569+0100] {forecaster.py:961} INFO - Disabling daily seasonality. Run prophet with daily_seasonality=True to override this.
[2024-07-16T11:39:58.679+0100] {filesystem.py:118} DEBUG - input tempfile: /var/folders/ml/zd6cs33j1gs1prd5lpns9pnc0000gn/T/tmp3dnp_qj9/yujek92r.json
[2024-07-16T11:39:59.071+0100] {filesystem.py:118} DEBUG - input tempfile: /var/folders/ml/zd6cs33j1gs1prd5lpns9pnc0000gn/T/tmp3dnp_qj9/c9j68zi3.json
[2024-07-16T11:39:59.084+0100] {model.py:2042} DEBUG - idx 0
[2024-07-16T11:39:59.085+0100] {model.py:2043} DEBUG - running CmdStan, num_threads: None
[2024-07-16T11:39:59.086+0100] {model.py:2055} DEBUG - CmdStan args: ['/Library/Frameworks/Python.framework/Versions/3.12/lib/python3.12/site-packages/prophet/stan_model/prophet_model.bin', 'random', 'seed=77016', 'data', 'file=/var/folders/ml/zd6cs33j1gs1prd5lpns9pnc0000gn/T/tmp3dnp_qj9/yujek92r.json', 'init=/var/folders/ml/zd6cs33j1gs1prd5lpns9pnc0000gn/T/tmp3dnp_qj9/c9j68zi3.json', 'output', 'file=/var/folders/ml/zd6cs33j1gs1prd5lpns9pnc0000gn/T/tmp3dnp_qj9/prophet_model3biv4qh_/prophet_model-20240716113959.csv', 'method=optimize', 'algorithm=lbfgs', 'iter=10000']
[2024-07-16T11:39:59.087+0100] {logging_mixin.py:188} WARNING - 11:39:59 - cmdstanpy - INFO - Chain [1] start processing
[2024-07-16T11:39:59.087+0100] {model.py:2058} INFO - Chain [1] start processing
[2024-07-16T11:40:03.303+0100] {logging_mixin.py:188} WARNING - 11:40:03 - cmdstanpy - INFO - Chain [1] done processing
[2024-07-16T11:40:03.302+0100] {model.py:2115} INFO - Chain [1] done processing
[2024-07-16T11:40:03.487+0100] {python.py:237} INFO - Done. Returned value was: None
[2024-07-16T11:40:03.487+0100] {taskinstance.py:441} INFO - ::group::Post task execution logs
[2024-07-16T11:40:03.495+0100] {taskinstance.py:1206} INFO - Marking task as SUCCESS. dag_id=morning, task_id=fit_prediction, run_id=scheduled__2024-07-15T06:00:00+00:00, execution_date=20240715T060000, start_date=20240716T103957, end_date=20240716T104003
[2024-07-16T11:40:03.559+0100] {local_task_job_runner.py:240} INFO - Task exited with return code 0
[2024-07-16T11:40:03.577+0100] {taskinstance.py:3503} INFO - 0 downstream tasks scheduled from follow-on schedule check
[2024-07-16T11:40:03.578+0100] {local_task_job_runner.py:222} INFO - ::endgroup::
