[2024-07-14T18:22:06.379+0100] {local_task_job_runner.py:120} INFO - ::group::Pre task execution logs
[2024-07-14T18:22:06.421+0100] {taskinstance.py:2076} INFO - Dependencies all met for dep_context=non-requeueable deps ti=<TaskInstance: pleaserun.fit_prediction scheduled__2024-07-14T17:00:00+00:00 [queued]>
[2024-07-14T18:22:06.428+0100] {taskinstance.py:2076} INFO - Dependencies all met for dep_context=requeueable deps ti=<TaskInstance: pleaserun.fit_prediction scheduled__2024-07-14T17:00:00+00:00 [queued]>
[2024-07-14T18:22:06.429+0100] {taskinstance.py:2306} INFO - Starting attempt 1 of 1
[2024-07-14T18:22:06.442+0100] {taskinstance.py:2330} INFO - Executing <Task(_PythonDecoratedOperator): fit_prediction> on 2024-07-14 17:00:00+00:00
[2024-07-14T18:22:06.458+0100] {logging_mixin.py:188} WARNING - /Library/Frameworks/Python.framework/Versions/3.12/lib/python3.12/site-packages/airflow/task/task_runner/standard_task_runner.py:61 DeprecationWarning: This process (pid=4675) is multi-threaded, use of fork() may lead to deadlocks in the child.
[2024-07-14T18:22:06.459+0100] {standard_task_runner.py:63} INFO - Started process 4698 to run task
[2024-07-14T18:22:06.462+0100] {standard_task_runner.py:90} INFO - Running: ['airflow', 'tasks', 'run', 'pleaserun', 'fit_prediction', 'scheduled__2024-07-14T17:00:00+00:00', '--job-id', '11', '--raw', '--subdir', 'DAGS_FOLDER/dag1.py', '--cfg-path', '/var/folders/ml/zd6cs33j1gs1prd5lpns9pnc0000gn/T/tmpqwlnr1uq']
[2024-07-14T18:22:06.465+0100] {standard_task_runner.py:91} INFO - Job 11: Subtask fit_prediction
[2024-07-14T18:22:06.532+0100] {task_command.py:426} INFO - Running <TaskInstance: pleaserun.fit_prediction scheduled__2024-07-14T17:00:00+00:00 [running]> on host MAKs-MacBook-Pro.local
[2024-07-14T18:22:06.746+0100] {taskinstance.py:2648} INFO - Exporting env vars: AIRFLOW_CTX_DAG_OWNER='airflow' AIRFLOW_CTX_DAG_ID='pleaserun' AIRFLOW_CTX_TASK_ID='fit_prediction' AIRFLOW_CTX_EXECUTION_DATE='2024-07-14T17:00:00+00:00' AIRFLOW_CTX_TRY_NUMBER='1' AIRFLOW_CTX_DAG_RUN_ID='scheduled__2024-07-14T17:00:00+00:00'
[2024-07-14T18:22:06.748+0100] {taskinstance.py:430} INFO - ::endgroup::
[2024-07-14T18:22:07.324+0100] {forecaster.py:961} INFO - Disabling daily seasonality. Run prophet with daily_seasonality=True to override this.
[2024-07-14T18:22:07.737+0100] {filesystem.py:118} DEBUG - input tempfile: /var/folders/ml/zd6cs33j1gs1prd5lpns9pnc0000gn/T/tmplit9jxf4/tqx9_pln.json
[2024-07-14T18:22:12.303+0100] {filesystem.py:118} DEBUG - input tempfile: /var/folders/ml/zd6cs33j1gs1prd5lpns9pnc0000gn/T/tmplit9jxf4/q9t58y52.json
[2024-07-14T18:22:12.329+0100] {model.py:2042} DEBUG - idx 0
[2024-07-14T18:22:12.329+0100] {model.py:2043} DEBUG - running CmdStan, num_threads: None
[2024-07-14T18:22:12.330+0100] {model.py:2055} DEBUG - CmdStan args: ['/Library/Frameworks/Python.framework/Versions/3.12/lib/python3.12/site-packages/prophet/stan_model/prophet_model.bin', 'random', 'seed=60997', 'data', 'file=/var/folders/ml/zd6cs33j1gs1prd5lpns9pnc0000gn/T/tmplit9jxf4/tqx9_pln.json', 'init=/var/folders/ml/zd6cs33j1gs1prd5lpns9pnc0000gn/T/tmplit9jxf4/q9t58y52.json', 'output', 'file=/var/folders/ml/zd6cs33j1gs1prd5lpns9pnc0000gn/T/tmplit9jxf4/prophet_modell89jl8yq/prophet_model-20240714182212.csv', 'method=optimize', 'algorithm=lbfgs', 'iter=10000']
[2024-07-14T18:22:12.331+0100] {logging_mixin.py:188} WARNING - 18:22:12 - cmdstanpy - INFO - Chain [1] start processing
[2024-07-14T18:22:12.330+0100] {model.py:2058} INFO - Chain [1] start processing
[2024-07-14T18:23:47.194+0100] {logging_mixin.py:188} WARNING - 18:23:47 - cmdstanpy - INFO - Chain [1] done processing
[2024-07-14T18:23:47.193+0100] {model.py:2115} INFO - Chain [1] done processing
[2024-07-14T18:23:47.527+0100] {python.py:237} INFO - Done. Returned value was: None
[2024-07-14T18:23:47.529+0100] {taskinstance.py:441} INFO - ::group::Post task execution logs
[2024-07-14T18:23:47.550+0100] {taskinstance.py:1206} INFO - Marking task as SUCCESS. dag_id=pleaserun, task_id=fit_prediction, run_id=scheduled__2024-07-14T17:00:00+00:00, execution_date=20240714T170000, start_date=20240714T172206, end_date=20240714T172347
[2024-07-14T18:23:47.626+0100] {local_task_job_runner.py:240} INFO - Task exited with return code 0
[2024-07-14T18:23:47.658+0100] {taskinstance.py:3503} INFO - 0 downstream tasks scheduled from follow-on schedule check
[2024-07-14T18:23:47.659+0100] {local_task_job_runner.py:222} INFO - ::endgroup::
[2024-07-14T18:32:47.142+0100] {local_task_job_runner.py:120} INFO - ::group::Pre task execution logs
[2024-07-14T18:32:47.185+0100] {taskinstance.py:2076} INFO - Dependencies all met for dep_context=non-requeueable deps ti=<TaskInstance: pleaserun.fit_prediction scheduled__2024-07-14T17:00:00+00:00 [queued]>
[2024-07-14T18:32:47.191+0100] {taskinstance.py:2076} INFO - Dependencies all met for dep_context=requeueable deps ti=<TaskInstance: pleaserun.fit_prediction scheduled__2024-07-14T17:00:00+00:00 [queued]>
[2024-07-14T18:32:47.191+0100] {taskinstance.py:2306} INFO - Starting attempt 1 of 1
[2024-07-14T18:32:47.205+0100] {taskinstance.py:2330} INFO - Executing <Task(_PythonDecoratedOperator): fit_prediction> on 2024-07-14 17:00:00+00:00
[2024-07-14T18:32:47.219+0100] {logging_mixin.py:188} WARNING - /Library/Frameworks/Python.framework/Versions/3.12/lib/python3.12/site-packages/airflow/task/task_runner/standard_task_runner.py:61 DeprecationWarning: This process (pid=5470) is multi-threaded, use of fork() may lead to deadlocks in the child.
[2024-07-14T18:32:47.220+0100] {standard_task_runner.py:63} INFO - Started process 5507 to run task
[2024-07-14T18:32:47.221+0100] {standard_task_runner.py:90} INFO - Running: ['airflow', 'tasks', 'run', 'pleaserun', 'fit_prediction', 'scheduled__2024-07-14T17:00:00+00:00', '--job-id', '6', '--raw', '--subdir', 'DAGS_FOLDER/dag1.py', '--cfg-path', '/var/folders/ml/zd6cs33j1gs1prd5lpns9pnc0000gn/T/tmp8kfhging']
[2024-07-14T18:32:47.223+0100] {standard_task_runner.py:91} INFO - Job 6: Subtask fit_prediction
[2024-07-14T18:32:47.308+0100] {task_command.py:426} INFO - Running <TaskInstance: pleaserun.fit_prediction scheduled__2024-07-14T17:00:00+00:00 [running]> on host MAKs-MacBook-Pro.local
[2024-07-14T18:32:47.586+0100] {taskinstance.py:2648} INFO - Exporting env vars: AIRFLOW_CTX_DAG_OWNER='airflow' AIRFLOW_CTX_DAG_ID='pleaserun' AIRFLOW_CTX_TASK_ID='fit_prediction' AIRFLOW_CTX_EXECUTION_DATE='2024-07-14T17:00:00+00:00' AIRFLOW_CTX_TRY_NUMBER='1' AIRFLOW_CTX_DAG_RUN_ID='scheduled__2024-07-14T17:00:00+00:00'
[2024-07-14T18:32:47.588+0100] {taskinstance.py:430} INFO - ::endgroup::
[2024-07-14T18:32:48.192+0100] {forecaster.py:961} INFO - Disabling daily seasonality. Run prophet with daily_seasonality=True to override this.
[2024-07-14T18:32:48.427+0100] {filesystem.py:118} DEBUG - input tempfile: /var/folders/ml/zd6cs33j1gs1prd5lpns9pnc0000gn/T/tmpuh6_qm4y/rmrvez6y.json
[2024-07-14T18:32:50.827+0100] {filesystem.py:118} DEBUG - input tempfile: /var/folders/ml/zd6cs33j1gs1prd5lpns9pnc0000gn/T/tmpuh6_qm4y/ljvhx24c.json
[2024-07-14T18:32:50.843+0100] {model.py:2042} DEBUG - idx 0
[2024-07-14T18:32:50.844+0100] {model.py:2043} DEBUG - running CmdStan, num_threads: None
[2024-07-14T18:32:50.844+0100] {model.py:2055} DEBUG - CmdStan args: ['/Library/Frameworks/Python.framework/Versions/3.12/lib/python3.12/site-packages/prophet/stan_model/prophet_model.bin', 'random', 'seed=69813', 'data', 'file=/var/folders/ml/zd6cs33j1gs1prd5lpns9pnc0000gn/T/tmpuh6_qm4y/rmrvez6y.json', 'init=/var/folders/ml/zd6cs33j1gs1prd5lpns9pnc0000gn/T/tmpuh6_qm4y/ljvhx24c.json', 'output', 'file=/var/folders/ml/zd6cs33j1gs1prd5lpns9pnc0000gn/T/tmpuh6_qm4y/prophet_model868pag1v/prophet_model-20240714183250.csv', 'method=optimize', 'algorithm=lbfgs', 'iter=10000']
[2024-07-14T18:32:50.845+0100] {logging_mixin.py:188} WARNING - 18:32:50 - cmdstanpy - INFO - Chain [1] start processing
[2024-07-14T18:32:50.844+0100] {model.py:2058} INFO - Chain [1] start processing
[2024-07-14T18:34:53.738+0100] {logging_mixin.py:188} WARNING - 18:34:53 - cmdstanpy - INFO - Chain [1] done processing
[2024-07-14T18:34:53.731+0100] {model.py:2115} INFO - Chain [1] done processing
[2024-07-14T18:34:54.281+0100] {python.py:237} INFO - Done. Returned value was: None
[2024-07-14T18:34:54.282+0100] {taskinstance.py:441} INFO - ::group::Post task execution logs
[2024-07-14T18:34:54.312+0100] {taskinstance.py:1206} INFO - Marking task as SUCCESS. dag_id=pleaserun, task_id=fit_prediction, run_id=scheduled__2024-07-14T17:00:00+00:00, execution_date=20240714T170000, start_date=20240714T173247, end_date=20240714T173454
[2024-07-14T18:34:54.405+0100] {local_task_job_runner.py:240} INFO - Task exited with return code 0
[2024-07-14T18:34:54.442+0100] {taskinstance.py:3503} INFO - 0 downstream tasks scheduled from follow-on schedule check
[2024-07-14T18:34:54.443+0100] {local_task_job_runner.py:222} INFO - ::endgroup::
