[2024-07-15T20:36:54.722+0100] {local_task_job_runner.py:120} INFO - ::group::Pre task execution logs
[2024-07-15T20:36:54.761+0100] {taskinstance.py:2076} INFO - Dependencies all met for dep_context=non-requeueable deps ti=<TaskInstance: morning.get_sentiments scheduled__2024-07-12T06:00:00+00:00 [queued]>
[2024-07-15T20:36:54.769+0100] {taskinstance.py:2076} INFO - Dependencies all met for dep_context=requeueable deps ti=<TaskInstance: morning.get_sentiments scheduled__2024-07-12T06:00:00+00:00 [queued]>
[2024-07-15T20:36:54.769+0100] {taskinstance.py:2306} INFO - Starting attempt 1 of 1
[2024-07-15T20:36:54.783+0100] {taskinstance.py:2330} INFO - Executing <Task(_PythonDecoratedOperator): get_sentiments> on 2024-07-12 06:00:00+00:00
[2024-07-15T20:36:54.798+0100] {logging_mixin.py:188} WARNING - /Library/Frameworks/Python.framework/Versions/3.12/lib/python3.12/site-packages/airflow/task/task_runner/standard_task_runner.py:61 DeprecationWarning: This process (pid=2465) is multi-threaded, use of fork() may lead to deadlocks in the child.
[2024-07-15T20:36:54.799+0100] {standard_task_runner.py:63} INFO - Started process 2488 to run task
[2024-07-15T20:36:54.801+0100] {standard_task_runner.py:90} INFO - Running: ['airflow', 'tasks', 'run', 'morning', 'get_sentiments', 'scheduled__2024-07-12T06:00:00+00:00', '--job-id', '8', '--raw', '--subdir', 'DAGS_FOLDER/dag1.py', '--cfg-path', '/var/folders/ml/zd6cs33j1gs1prd5lpns9pnc0000gn/T/tmpq8p8zh_0']
[2024-07-15T20:36:54.803+0100] {standard_task_runner.py:91} INFO - Job 8: Subtask get_sentiments
[2024-07-15T20:36:54.870+0100] {task_command.py:426} INFO - Running <TaskInstance: morning.get_sentiments scheduled__2024-07-12T06:00:00+00:00 [running]> on host MAKs-MacBook-Pro.local
[2024-07-15T20:36:55.096+0100] {taskinstance.py:2648} INFO - Exporting env vars: AIRFLOW_CTX_DAG_OWNER='airflow' AIRFLOW_CTX_DAG_ID='morning' AIRFLOW_CTX_TASK_ID='get_sentiments' AIRFLOW_CTX_EXECUTION_DATE='2024-07-12T06:00:00+00:00' AIRFLOW_CTX_TRY_NUMBER='1' AIRFLOW_CTX_DAG_RUN_ID='scheduled__2024-07-12T06:00:00+00:00'
[2024-07-15T20:36:55.098+0100] {taskinstance.py:430} INFO - ::endgroup::
[2024-07-15T20:37:00.309+0100] {python.py:237} INFO - Done. Returned value was:            ds  negative  positive  ...   sadness  surprise    others
0  2024-07-15  0.004657  0.149396  ...  0.000788  0.003027  0.979555

[1 rows x 11 columns]
[2024-07-15T20:37:00.330+0100] {taskinstance.py:441} INFO - ::group::Post task execution logs
[2024-07-15T20:37:00.357+0100] {taskinstance.py:1206} INFO - Marking task as SUCCESS. dag_id=morning, task_id=get_sentiments, run_id=scheduled__2024-07-12T06:00:00+00:00, execution_date=20240712T060000, start_date=20240715T193654, end_date=20240715T193700
[2024-07-15T20:37:00.442+0100] {local_task_job_runner.py:240} INFO - Task exited with return code 0
[2024-07-15T20:37:00.467+0100] {taskinstance.py:3503} INFO - 1 downstream tasks scheduled from follow-on schedule check
[2024-07-15T20:37:00.468+0100] {local_task_job_runner.py:222} INFO - ::endgroup::
