[2024-07-13T19:23:36.385+0100] {local_task_job_runner.py:120} INFO - ::group::Pre task execution logs
[2024-07-13T19:23:37.541+0100] {taskinstance.py:2076} INFO - Dependencies all met for dep_context=non-requeueable deps ti=<TaskInstance: hhh.fit_prediction manual__2024-07-13T18:18:21.985875+00:00 [queued]>
[2024-07-13T19:23:37.606+0100] {taskinstance.py:2076} INFO - Dependencies all met for dep_context=requeueable deps ti=<TaskInstance: hhh.fit_prediction manual__2024-07-13T18:18:21.985875+00:00 [queued]>
[2024-07-13T19:23:37.607+0100] {taskinstance.py:2306} INFO - Starting attempt 1 of 1
[2024-07-13T19:23:37.631+0100] {taskinstance.py:2330} INFO - Executing <Task(_PythonDecoratedOperator): fit_prediction> on 2024-07-13 18:18:21.985875+00:00
[2024-07-13T19:23:37.657+0100] {standard_task_runner.py:90} INFO - Running: ['airflow', 'tasks', 'run', 'hhh', 'fit_prediction', 'manual__2024-07-13T18:18:21.985875+00:00', '--job-id', '38', '--raw', '--subdir', 'DAGS_FOLDER/dg1.py', '--cfg-path', '/var/folders/ml/zd6cs33j1gs1prd5lpns9pnc0000gn/T/tmpurgtgz3a']
[2024-07-13T19:23:37.660+0100] {standard_task_runner.py:91} INFO - Job 38: Subtask fit_prediction
[2024-07-13T19:23:37.658+0100] {logging_mixin.py:188} WARNING - /Library/Frameworks/Python.framework/Versions/3.12/lib/python3.12/site-packages/airflow/task/task_runner/standard_task_runner.py:61 DeprecationWarning: This process (pid=9262) is multi-threaded, use of fork() may lead to deadlocks in the child.
[2024-07-13T19:23:37.668+0100] {standard_task_runner.py:63} INFO - Started process 9285 to run task
[2024-07-13T19:23:37.742+0100] {task_command.py:426} INFO - Running <TaskInstance: hhh.fit_prediction manual__2024-07-13T18:18:21.985875+00:00 [running]> on host MAKs-MacBook-Pro.local
[2024-07-13T19:23:38.545+0100] {taskinstance.py:2648} INFO - Exporting env vars: AIRFLOW_CTX_DAG_OWNER='airflow' AIRFLOW_CTX_DAG_ID='hhh' AIRFLOW_CTX_TASK_ID='fit_prediction' AIRFLOW_CTX_EXECUTION_DATE='2024-07-13T18:18:21.985875+00:00' AIRFLOW_CTX_TRY_NUMBER='1' AIRFLOW_CTX_DAG_RUN_ID='manual__2024-07-13T18:18:21.985875+00:00'
[2024-07-13T19:23:38.550+0100] {taskinstance.py:430} INFO - ::endgroup::
[2024-07-13T19:23:39.790+0100] {forecaster.py:961} INFO - Disabling daily seasonality. Run prophet with daily_seasonality=True to override this.
[2024-07-13T19:23:40.158+0100] {filesystem.py:118} DEBUG - input tempfile: /var/folders/ml/zd6cs33j1gs1prd5lpns9pnc0000gn/T/tmpu_5pptrb/zez9gz9l.json
[2024-07-13T19:23:45.574+0100] {filesystem.py:118} DEBUG - input tempfile: /var/folders/ml/zd6cs33j1gs1prd5lpns9pnc0000gn/T/tmpu_5pptrb/h4oa9me5.json
[2024-07-13T19:23:45.578+0100] {model.py:2042} DEBUG - idx 0
[2024-07-13T19:23:45.579+0100] {model.py:2043} DEBUG - running CmdStan, num_threads: None
[2024-07-13T19:23:45.581+0100] {model.py:2055} DEBUG - CmdStan args: ['/Library/Frameworks/Python.framework/Versions/3.12/lib/python3.12/site-packages/prophet/stan_model/prophet_model.bin', 'random', 'seed=74898', 'data', 'file=/var/folders/ml/zd6cs33j1gs1prd5lpns9pnc0000gn/T/tmpu_5pptrb/zez9gz9l.json', 'init=/var/folders/ml/zd6cs33j1gs1prd5lpns9pnc0000gn/T/tmpu_5pptrb/h4oa9me5.json', 'output', 'file=/var/folders/ml/zd6cs33j1gs1prd5lpns9pnc0000gn/T/tmpu_5pptrb/prophet_modelu3dwhnk3/prophet_model-20240713192345.csv', 'method=optimize', 'algorithm=lbfgs', 'iter=10000']
[2024-07-13T19:23:45.582+0100] {logging_mixin.py:188} WARNING - 19:23:45 - cmdstanpy - INFO - Chain [1] start processing
[2024-07-13T19:23:45.582+0100] {model.py:2058} INFO - Chain [1] start processing
[2024-07-13T19:26:23.465+0100] {logging_mixin.py:188} WARNING - 19:26:23 - cmdstanpy - INFO - Chain [1] done processing
[2024-07-13T19:26:23.462+0100] {model.py:2115} INFO - Chain [1] done processing
[2024-07-13T19:26:24.077+0100] {python.py:237} INFO - Done. Returned value was: None
[2024-07-13T19:26:24.080+0100] {taskinstance.py:441} INFO - ::group::Post task execution logs
[2024-07-13T19:26:24.099+0100] {taskinstance.py:1206} INFO - Marking task as SUCCESS. dag_id=hhh, task_id=fit_prediction, run_id=manual__2024-07-13T18:18:21.985875+00:00, execution_date=20240713T181821, start_date=20240713T182337, end_date=20240713T182624
[2024-07-13T19:26:24.185+0100] {local_task_job_runner.py:240} INFO - Task exited with return code 0
[2024-07-13T19:26:24.219+0100] {taskinstance.py:3503} INFO - 0 downstream tasks scheduled from follow-on schedule check
[2024-07-13T19:26:24.220+0100] {local_task_job_runner.py:222} INFO - ::endgroup::
