[2024-07-13T19:07:36.764+0100] {local_task_job_runner.py:120} INFO - ::group::Pre task execution logs
[2024-07-13T19:07:36.818+0100] {taskinstance.py:2076} INFO - Dependencies all met for dep_context=non-requeueable deps ti=<TaskInstance: hhh.fit_prediction manual__2024-07-13T17:46:57.754991+00:00 [queued]>
[2024-07-13T19:07:37.041+0100] {taskinstance.py:2076} INFO - Dependencies all met for dep_context=requeueable deps ti=<TaskInstance: hhh.fit_prediction manual__2024-07-13T17:46:57.754991+00:00 [queued]>
[2024-07-13T19:07:37.041+0100] {taskinstance.py:2306} INFO - Starting attempt 3 of 3
[2024-07-13T19:07:37.053+0100] {taskinstance.py:2330} INFO - Executing <Task(_PythonDecoratedOperator): fit_prediction> on 2024-07-13 17:46:57.754991+00:00
[2024-07-13T19:07:37.077+0100] {logging_mixin.py:188} WARNING - /Library/Frameworks/Python.framework/Versions/3.12/lib/python3.12/site-packages/airflow/task/task_runner/standard_task_runner.py:61 DeprecationWarning: This process (pid=8408) is multi-threaded, use of fork() may lead to deadlocks in the child.
[2024-07-13T19:07:37.080+0100] {standard_task_runner.py:63} INFO - Started process 8424 to run task
[2024-07-13T19:07:37.084+0100] {standard_task_runner.py:90} INFO - Running: ['airflow', 'tasks', 'run', 'hhh', 'fit_prediction', 'manual__2024-07-13T17:46:57.754991+00:00', '--job-id', '24', '--raw', '--subdir', 'DAGS_FOLDER/dg1.py', '--cfg-path', '/var/folders/ml/zd6cs33j1gs1prd5lpns9pnc0000gn/T/tmpo2n2h047']
[2024-07-13T19:07:37.088+0100] {standard_task_runner.py:91} INFO - Job 24: Subtask fit_prediction
[2024-07-13T19:07:37.162+0100] {task_command.py:426} INFO - Running <TaskInstance: hhh.fit_prediction manual__2024-07-13T17:46:57.754991+00:00 [running]> on host MAKs-MacBook-Pro.local
[2024-07-13T19:07:37.362+0100] {taskinstance.py:2648} INFO - Exporting env vars: AIRFLOW_CTX_DAG_OWNER='airflow' AIRFLOW_CTX_DAG_ID='hhh' AIRFLOW_CTX_TASK_ID='fit_prediction' AIRFLOW_CTX_EXECUTION_DATE='2024-07-13T17:46:57.754991+00:00' AIRFLOW_CTX_TRY_NUMBER='3' AIRFLOW_CTX_DAG_RUN_ID='manual__2024-07-13T17:46:57.754991+00:00'
[2024-07-13T19:07:37.364+0100] {taskinstance.py:430} INFO - ::endgroup::
[2024-07-13T19:07:37.973+0100] {forecaster.py:961} INFO - Disabling daily seasonality. Run prophet with daily_seasonality=True to override this.
[2024-07-13T19:07:38.272+0100] {filesystem.py:118} DEBUG - input tempfile: /var/folders/ml/zd6cs33j1gs1prd5lpns9pnc0000gn/T/tmpss38cyhj/fn8q4in1.json
[2024-07-13T19:07:40.868+0100] {filesystem.py:118} DEBUG - input tempfile: /var/folders/ml/zd6cs33j1gs1prd5lpns9pnc0000gn/T/tmpss38cyhj/0if7wkb5.json
[2024-07-13T19:07:40.870+0100] {model.py:2042} DEBUG - idx 0
[2024-07-13T19:07:40.871+0100] {model.py:2043} DEBUG - running CmdStan, num_threads: None
[2024-07-13T19:07:40.872+0100] {model.py:2055} DEBUG - CmdStan args: ['/Library/Frameworks/Python.framework/Versions/3.12/lib/python3.12/site-packages/prophet/stan_model/prophet_model.bin', 'random', 'seed=48500', 'data', 'file=/var/folders/ml/zd6cs33j1gs1prd5lpns9pnc0000gn/T/tmpss38cyhj/fn8q4in1.json', 'init=/var/folders/ml/zd6cs33j1gs1prd5lpns9pnc0000gn/T/tmpss38cyhj/0if7wkb5.json', 'output', 'file=/var/folders/ml/zd6cs33j1gs1prd5lpns9pnc0000gn/T/tmpss38cyhj/prophet_modelbqg9i3_5/prophet_model-20240713190740.csv', 'method=optimize', 'algorithm=lbfgs', 'iter=10000']
[2024-07-13T19:07:40.873+0100] {logging_mixin.py:188} WARNING - 19:07:40 - cmdstanpy - INFO - Chain [1] start processing
[2024-07-13T19:07:40.873+0100] {model.py:2058} INFO - Chain [1] start processing
[2024-07-13T19:09:24.577+0100] {logging_mixin.py:188} WARNING - 19:09:24 - cmdstanpy - INFO - Chain [1] done processing
[2024-07-13T19:09:24.575+0100] {model.py:2115} INFO - Chain [1] done processing
[2024-07-13T19:09:24.797+0100] {python.py:237} INFO - Done. Returned value was: None
[2024-07-13T19:09:24.798+0100] {taskinstance.py:441} INFO - ::group::Post task execution logs
[2024-07-13T19:09:24.807+0100] {taskinstance.py:1206} INFO - Marking task as SUCCESS. dag_id=hhh, task_id=fit_prediction, run_id=manual__2024-07-13T17:46:57.754991+00:00, execution_date=20240713T174657, start_date=20240713T180736, end_date=20240713T180924
[2024-07-13T19:09:24.874+0100] {local_task_job_runner.py:240} INFO - Task exited with return code 0
[2024-07-13T19:09:24.903+0100] {taskinstance.py:3503} INFO - 0 downstream tasks scheduled from follow-on schedule check
[2024-07-13T19:09:24.904+0100] {local_task_job_runner.py:222} INFO - ::endgroup::
