[2024-07-13T19:15:39.136+0100] {local_task_job_runner.py:120} INFO - ::group::Pre task execution logs
[2024-07-13T19:15:39.205+0100] {taskinstance.py:2066} INFO - Dependencies not met for <TaskInstance: hhh.fit_prediction manual__2024-07-13T17:46:57.754991+00:00 [success]>, dependency 'Task Instance State' FAILED: Task is in the 'success' state.
[2024-07-13T19:15:39.206+0100] {local_task_job_runner.py:163} INFO - Task is not able to be run
[2024-07-13T19:21:02.117+0100] {local_task_job_runner.py:120} INFO - ::group::Pre task execution logs
[2024-07-13T19:21:02.150+0100] {taskinstance.py:2076} INFO - Dependencies all met for dep_context=non-requeueable deps ti=<TaskInstance: hhh.fit_prediction manual__2024-07-13T17:46:57.754991+00:00 [queued]>
[2024-07-13T19:21:02.342+0100] {taskinstance.py:2076} INFO - Dependencies all met for dep_context=requeueable deps ti=<TaskInstance: hhh.fit_prediction manual__2024-07-13T17:46:57.754991+00:00 [queued]>
[2024-07-13T19:21:02.342+0100] {taskinstance.py:2306} INFO - Starting attempt 4 of 4
[2024-07-13T19:21:02.354+0100] {taskinstance.py:2330} INFO - Executing <Task(_PythonDecoratedOperator): fit_prediction> on 2024-07-13 17:46:57.754991+00:00
[2024-07-13T19:21:02.374+0100] {logging_mixin.py:188} WARNING - /Library/Frameworks/Python.framework/Versions/3.12/lib/python3.12/site-packages/airflow/task/task_runner/standard_task_runner.py:61 DeprecationWarning: This process (pid=9156) is multi-threaded, use of fork() may lead to deadlocks in the child.
[2024-07-13T19:21:02.375+0100] {standard_task_runner.py:63} INFO - Started process 9169 to run task
[2024-07-13T19:21:02.376+0100] {standard_task_runner.py:90} INFO - Running: ['airflow', 'tasks', 'run', 'hhh', 'fit_prediction', 'manual__2024-07-13T17:46:57.754991+00:00', '--job-id', '37', '--raw', '--subdir', 'DAGS_FOLDER/dg1.py', '--cfg-path', '/var/folders/ml/zd6cs33j1gs1prd5lpns9pnc0000gn/T/tmpzgpzkvsm']
[2024-07-13T19:21:02.380+0100] {standard_task_runner.py:91} INFO - Job 37: Subtask fit_prediction
[2024-07-13T19:21:02.451+0100] {task_command.py:426} INFO - Running <TaskInstance: hhh.fit_prediction manual__2024-07-13T17:46:57.754991+00:00 [running]> on host MAKs-MacBook-Pro.local
[2024-07-13T19:21:02.623+0100] {taskinstance.py:2648} INFO - Exporting env vars: AIRFLOW_CTX_DAG_OWNER='airflow' AIRFLOW_CTX_DAG_ID='hhh' AIRFLOW_CTX_TASK_ID='fit_prediction' AIRFLOW_CTX_EXECUTION_DATE='2024-07-13T17:46:57.754991+00:00' AIRFLOW_CTX_TRY_NUMBER='4' AIRFLOW_CTX_DAG_RUN_ID='manual__2024-07-13T17:46:57.754991+00:00'
[2024-07-13T19:21:02.624+0100] {taskinstance.py:430} INFO - ::endgroup::
[2024-07-13T19:21:03.191+0100] {forecaster.py:961} INFO - Disabling daily seasonality. Run prophet with daily_seasonality=True to override this.
[2024-07-13T19:21:03.478+0100] {filesystem.py:118} DEBUG - input tempfile: /var/folders/ml/zd6cs33j1gs1prd5lpns9pnc0000gn/T/tmpwut3037k/msvbou33.json
[2024-07-13T19:21:06.104+0100] {filesystem.py:118} DEBUG - input tempfile: /var/folders/ml/zd6cs33j1gs1prd5lpns9pnc0000gn/T/tmpwut3037k/qzsecpd3.json
[2024-07-13T19:21:06.107+0100] {model.py:2042} DEBUG - idx 0
[2024-07-13T19:21:06.107+0100] {model.py:2043} DEBUG - running CmdStan, num_threads: None
[2024-07-13T19:21:06.108+0100] {model.py:2055} DEBUG - CmdStan args: ['/Library/Frameworks/Python.framework/Versions/3.12/lib/python3.12/site-packages/prophet/stan_model/prophet_model.bin', 'random', 'seed=7708', 'data', 'file=/var/folders/ml/zd6cs33j1gs1prd5lpns9pnc0000gn/T/tmpwut3037k/msvbou33.json', 'init=/var/folders/ml/zd6cs33j1gs1prd5lpns9pnc0000gn/T/tmpwut3037k/qzsecpd3.json', 'output', 'file=/var/folders/ml/zd6cs33j1gs1prd5lpns9pnc0000gn/T/tmpwut3037k/prophet_modelyaink76p/prophet_model-20240713192106.csv', 'method=optimize', 'algorithm=lbfgs', 'iter=10000']
[2024-07-13T19:21:06.108+0100] {logging_mixin.py:188} WARNING - 19:21:06 - cmdstanpy - INFO - Chain [1] start processing
[2024-07-13T19:21:06.108+0100] {model.py:2058} INFO - Chain [1] start processing
[2024-07-13T19:22:32.572+0100] {logging_mixin.py:188} WARNING - 19:22:32 - cmdstanpy - INFO - Chain [1] done processing
[2024-07-13T19:22:32.571+0100] {model.py:2115} INFO - Chain [1] done processing
[2024-07-13T19:22:32.819+0100] {python.py:237} INFO - Done. Returned value was: None
[2024-07-13T19:22:32.820+0100] {taskinstance.py:441} INFO - ::group::Post task execution logs
[2024-07-13T19:22:32.829+0100] {taskinstance.py:1206} INFO - Marking task as SUCCESS. dag_id=hhh, task_id=fit_prediction, run_id=manual__2024-07-13T17:46:57.754991+00:00, execution_date=20240713T174657, start_date=20240713T182102, end_date=20240713T182232
[2024-07-13T19:22:32.891+0100] {local_task_job_runner.py:240} INFO - Task exited with return code 0
[2024-07-13T19:22:32.911+0100] {taskinstance.py:3503} INFO - 0 downstream tasks scheduled from follow-on schedule check
[2024-07-13T19:22:32.911+0100] {local_task_job_runner.py:222} INFO - ::endgroup::
