[2024-07-14T18:20:25.432+0100] {local_task_job_runner.py:120} INFO - ::group::Pre task execution logs
[2024-07-14T18:20:25.530+0100] {taskinstance.py:2076} INFO - Dependencies all met for dep_context=non-requeueable deps ti=<TaskInstance: pleaserun.get_news scheduled__2024-07-14T17:00:00+00:00 [queued]>
[2024-07-14T18:20:25.564+0100] {taskinstance.py:2076} INFO - Dependencies all met for dep_context=requeueable deps ti=<TaskInstance: pleaserun.get_news scheduled__2024-07-14T17:00:00+00:00 [queued]>
[2024-07-14T18:20:25.565+0100] {taskinstance.py:2306} INFO - Starting attempt 1 of 1
[2024-07-14T18:20:25.604+0100] {taskinstance.py:2330} INFO - Executing <Task(_PythonDecoratedOperator): get_news> on 2024-07-14 17:00:00+00:00
[2024-07-14T18:20:25.657+0100] {logging_mixin.py:188} WARNING - /Library/Frameworks/Python.framework/Versions/3.12/lib/python3.12/site-packages/airflow/task/task_runner/standard_task_runner.py:61 DeprecationWarning: This process (pid=4543) is multi-threaded, use of fork() may lead to deadlocks in the child.
[2024-07-14T18:20:25.661+0100] {standard_task_runner.py:63} INFO - Started process 4579 to run task
[2024-07-14T18:20:25.661+0100] {standard_task_runner.py:90} INFO - Running: ['airflow', 'tasks', 'run', 'pleaserun', 'get_news', 'scheduled__2024-07-14T17:00:00+00:00', '--job-id', '8', '--raw', '--subdir', 'DAGS_FOLDER/dag1.py', '--cfg-path', '/var/folders/ml/zd6cs33j1gs1prd5lpns9pnc0000gn/T/tmpdjyps278']
[2024-07-14T18:20:25.668+0100] {standard_task_runner.py:91} INFO - Job 8: Subtask get_news
[2024-07-14T18:20:25.774+0100] {task_command.py:426} INFO - Running <TaskInstance: pleaserun.get_news scheduled__2024-07-14T17:00:00+00:00 [running]> on host MAKs-MacBook-Pro.local
[2024-07-14T18:20:26.024+0100] {taskinstance.py:2648} INFO - Exporting env vars: AIRFLOW_CTX_DAG_OWNER='airflow' AIRFLOW_CTX_DAG_ID='pleaserun' AIRFLOW_CTX_TASK_ID='get_news' AIRFLOW_CTX_EXECUTION_DATE='2024-07-14T17:00:00+00:00' AIRFLOW_CTX_TRY_NUMBER='1' AIRFLOW_CTX_DAG_RUN_ID='scheduled__2024-07-14T17:00:00+00:00'
[2024-07-14T18:20:26.029+0100] {taskinstance.py:430} INFO - ::endgroup::
[2024-07-14T18:20:27.238+0100] {python.py:237} INFO - Done. Returned value was:            ds                                              title
0  2024-07-14  Notable analyst calls this week: Apple, Tesla ...
[2024-07-14T18:20:27.247+0100] {taskinstance.py:441} INFO - ::group::Post task execution logs
[2024-07-14T18:20:27.282+0100] {taskinstance.py:1206} INFO - Marking task as SUCCESS. dag_id=pleaserun, task_id=get_news, run_id=scheduled__2024-07-14T17:00:00+00:00, execution_date=20240714T170000, start_date=20240714T172025, end_date=20240714T172027
[2024-07-14T18:20:27.340+0100] {local_task_job_runner.py:240} INFO - Task exited with return code 0
[2024-07-14T18:20:27.576+0100] {taskinstance.py:3503} INFO - 1 downstream tasks scheduled from follow-on schedule check
[2024-07-14T18:20:27.579+0100] {local_task_job_runner.py:222} INFO - ::endgroup::
[2024-07-14T18:27:47.040+0100] {local_task_job_runner.py:120} INFO - ::group::Pre task execution logs
[2024-07-14T18:27:47.087+0100] {taskinstance.py:2076} INFO - Dependencies all met for dep_context=non-requeueable deps ti=<TaskInstance: pleaserun.get_news scheduled__2024-07-14T17:00:00+00:00 [queued]>
[2024-07-14T18:27:47.097+0100] {taskinstance.py:2076} INFO - Dependencies all met for dep_context=requeueable deps ti=<TaskInstance: pleaserun.get_news scheduled__2024-07-14T17:00:00+00:00 [queued]>
[2024-07-14T18:27:47.097+0100] {taskinstance.py:2306} INFO - Starting attempt 1 of 1
[2024-07-14T18:27:47.111+0100] {taskinstance.py:2330} INFO - Executing <Task(_PythonDecoratedOperator): get_news> on 2024-07-14 17:00:00+00:00
[2024-07-14T18:27:47.131+0100] {logging_mixin.py:188} WARNING - /Library/Frameworks/Python.framework/Versions/3.12/lib/python3.12/site-packages/airflow/task/task_runner/standard_task_runner.py:61 DeprecationWarning: This process (pid=5029) is multi-threaded, use of fork() may lead to deadlocks in the child.
[2024-07-14T18:27:47.132+0100] {standard_task_runner.py:63} INFO - Started process 5095 to run task
[2024-07-14T18:27:47.130+0100] {standard_task_runner.py:90} INFO - Running: ['airflow', 'tasks', 'run', 'pleaserun', 'get_news', 'scheduled__2024-07-14T17:00:00+00:00', '--job-id', '3', '--raw', '--subdir', 'DAGS_FOLDER/dag1.py', '--cfg-path', '/var/folders/ml/zd6cs33j1gs1prd5lpns9pnc0000gn/T/tmpw6n0j0be']
[2024-07-14T18:27:47.133+0100] {standard_task_runner.py:91} INFO - Job 3: Subtask get_news
[2024-07-14T18:27:47.223+0100] {task_command.py:426} INFO - Running <TaskInstance: pleaserun.get_news scheduled__2024-07-14T17:00:00+00:00 [running]> on host MAKs-MacBook-Pro.local
[2024-07-14T18:27:47.303+0100] {taskinstance.py:2648} INFO - Exporting env vars: AIRFLOW_CTX_DAG_OWNER='airflow' AIRFLOW_CTX_DAG_ID='pleaserun' AIRFLOW_CTX_TASK_ID='get_news' AIRFLOW_CTX_EXECUTION_DATE='2024-07-14T17:00:00+00:00' AIRFLOW_CTX_TRY_NUMBER='1' AIRFLOW_CTX_DAG_RUN_ID='scheduled__2024-07-14T17:00:00+00:00'
[2024-07-14T18:27:47.307+0100] {taskinstance.py:430} INFO - ::endgroup::
[2024-07-14T18:27:48.076+0100] {python.py:237} INFO - Done. Returned value was:            ds                                              title
0  2024-07-14  Notable analyst calls this week: Apple, Tesla ...
[2024-07-14T18:27:48.083+0100] {taskinstance.py:441} INFO - ::group::Post task execution logs
[2024-07-14T18:27:48.125+0100] {taskinstance.py:1206} INFO - Marking task as SUCCESS. dag_id=pleaserun, task_id=get_news, run_id=scheduled__2024-07-14T17:00:00+00:00, execution_date=20240714T170000, start_date=20240714T172747, end_date=20240714T172748
[2024-07-14T18:27:48.180+0100] {local_task_job_runner.py:240} INFO - Task exited with return code 0
[2024-07-14T18:27:48.206+0100] {taskinstance.py:3503} INFO - 1 downstream tasks scheduled from follow-on schedule check
[2024-07-14T18:27:48.208+0100] {local_task_job_runner.py:222} INFO - ::endgroup::
[2024-07-14T18:31:23.066+0100] {local_task_job_runner.py:120} INFO - ::group::Pre task execution logs
[2024-07-14T18:31:23.109+0100] {taskinstance.py:2076} INFO - Dependencies all met for dep_context=non-requeueable deps ti=<TaskInstance: pleaserun.get_news scheduled__2024-07-14T17:00:00+00:00 [queued]>
[2024-07-14T18:31:23.116+0100] {taskinstance.py:2076} INFO - Dependencies all met for dep_context=requeueable deps ti=<TaskInstance: pleaserun.get_news scheduled__2024-07-14T17:00:00+00:00 [queued]>
[2024-07-14T18:31:23.116+0100] {taskinstance.py:2306} INFO - Starting attempt 1 of 1
[2024-07-14T18:31:23.130+0100] {taskinstance.py:2330} INFO - Executing <Task(_PythonDecoratedOperator): get_news> on 2024-07-14 17:00:00+00:00
[2024-07-14T18:31:23.148+0100] {logging_mixin.py:188} WARNING - /Library/Frameworks/Python.framework/Versions/3.12/lib/python3.12/site-packages/airflow/task/task_runner/standard_task_runner.py:61 DeprecationWarning: This process (pid=5368) is multi-threaded, use of fork() may lead to deadlocks in the child.
[2024-07-14T18:31:23.149+0100] {standard_task_runner.py:63} INFO - Started process 5397 to run task
[2024-07-14T18:31:23.151+0100] {standard_task_runner.py:90} INFO - Running: ['airflow', 'tasks', 'run', 'pleaserun', 'get_news', 'scheduled__2024-07-14T17:00:00+00:00', '--job-id', '3', '--raw', '--subdir', 'DAGS_FOLDER/dag1.py', '--cfg-path', '/var/folders/ml/zd6cs33j1gs1prd5lpns9pnc0000gn/T/tmp2a7nzhcn']
[2024-07-14T18:31:23.153+0100] {standard_task_runner.py:91} INFO - Job 3: Subtask get_news
[2024-07-14T18:31:23.217+0100] {task_command.py:426} INFO - Running <TaskInstance: pleaserun.get_news scheduled__2024-07-14T17:00:00+00:00 [running]> on host MAKs-MacBook-Pro.local
[2024-07-14T18:31:23.291+0100] {taskinstance.py:2648} INFO - Exporting env vars: AIRFLOW_CTX_DAG_OWNER='airflow' AIRFLOW_CTX_DAG_ID='pleaserun' AIRFLOW_CTX_TASK_ID='get_news' AIRFLOW_CTX_EXECUTION_DATE='2024-07-14T17:00:00+00:00' AIRFLOW_CTX_TRY_NUMBER='1' AIRFLOW_CTX_DAG_RUN_ID='scheduled__2024-07-14T17:00:00+00:00'
[2024-07-14T18:31:23.295+0100] {taskinstance.py:430} INFO - ::endgroup::
[2024-07-14T18:31:24.045+0100] {python.py:237} INFO - Done. Returned value was:            ds                                              title
0  2024-07-14  Notable analyst calls this week: Apple, Tesla ...
[2024-07-14T18:31:24.057+0100] {taskinstance.py:441} INFO - ::group::Post task execution logs
[2024-07-14T18:31:24.090+0100] {taskinstance.py:1206} INFO - Marking task as SUCCESS. dag_id=pleaserun, task_id=get_news, run_id=scheduled__2024-07-14T17:00:00+00:00, execution_date=20240714T170000, start_date=20240714T173123, end_date=20240714T173124
[2024-07-14T18:31:24.133+0100] {local_task_job_runner.py:240} INFO - Task exited with return code 0
[2024-07-14T18:31:24.183+0100] {taskinstance.py:3503} INFO - 1 downstream tasks scheduled from follow-on schedule check
[2024-07-14T18:31:24.187+0100] {local_task_job_runner.py:222} INFO - ::endgroup::
