[2024-07-15T00:11:26.419+0100] {local_task_job_runner.py:120} INFO - ::group::Pre task execution logs
[2024-07-15T00:11:26.457+0100] {taskinstance.py:2076} INFO - Dependencies all met for dep_context=non-requeueable deps ti=<TaskInstance: morning.fit_prediction manual__2024-07-14T23:08:35.572640+00:00 [queued]>
[2024-07-15T00:11:26.464+0100] {taskinstance.py:2076} INFO - Dependencies all met for dep_context=requeueable deps ti=<TaskInstance: morning.fit_prediction manual__2024-07-14T23:08:35.572640+00:00 [queued]>
[2024-07-15T00:11:26.464+0100] {taskinstance.py:2306} INFO - Starting attempt 1 of 1
[2024-07-15T00:11:26.475+0100] {taskinstance.py:2330} INFO - Executing <Task(_PythonDecoratedOperator): fit_prediction> on 2024-07-14 23:08:35.572640+00:00
[2024-07-15T00:11:26.490+0100] {logging_mixin.py:188} WARNING - /Library/Frameworks/Python.framework/Versions/3.12/lib/python3.12/site-packages/airflow/task/task_runner/standard_task_runner.py:61 DeprecationWarning: This process (pid=17279) is multi-threaded, use of fork() may lead to deadlocks in the child.
[2024-07-15T00:11:26.491+0100] {standard_task_runner.py:63} INFO - Started process 17329 to run task
[2024-07-15T00:11:26.493+0100] {standard_task_runner.py:90} INFO - Running: ['airflow', 'tasks', 'run', 'morning', 'fit_prediction', 'manual__2024-07-14T23:08:35.572640+00:00', '--job-id', '6', '--raw', '--subdir', 'DAGS_FOLDER/dag1.py', '--cfg-path', '/var/folders/ml/zd6cs33j1gs1prd5lpns9pnc0000gn/T/tmpnvjfzqb0']
[2024-07-15T00:11:26.495+0100] {standard_task_runner.py:91} INFO - Job 6: Subtask fit_prediction
[2024-07-15T00:11:26.557+0100] {task_command.py:426} INFO - Running <TaskInstance: morning.fit_prediction manual__2024-07-14T23:08:35.572640+00:00 [running]> on host MAKs-MacBook-Pro.local
[2024-07-15T00:11:26.743+0100] {taskinstance.py:2648} INFO - Exporting env vars: AIRFLOW_CTX_DAG_OWNER='airflow' AIRFLOW_CTX_DAG_ID='morning' AIRFLOW_CTX_TASK_ID='fit_prediction' AIRFLOW_CTX_EXECUTION_DATE='2024-07-14T23:08:35.572640+00:00' AIRFLOW_CTX_TRY_NUMBER='1' AIRFLOW_CTX_DAG_RUN_ID='manual__2024-07-14T23:08:35.572640+00:00'
[2024-07-15T00:11:26.744+0100] {taskinstance.py:430} INFO - ::endgroup::
[2024-07-15T00:11:27.086+0100] {forecaster.py:961} INFO - Disabling daily seasonality. Run prophet with daily_seasonality=True to override this.
[2024-07-15T00:11:27.181+0100] {filesystem.py:118} DEBUG - input tempfile: /var/folders/ml/zd6cs33j1gs1prd5lpns9pnc0000gn/T/tmplgk1u_sh/2fc56jfh.json
[2024-07-15T00:11:27.583+0100] {filesystem.py:118} DEBUG - input tempfile: /var/folders/ml/zd6cs33j1gs1prd5lpns9pnc0000gn/T/tmplgk1u_sh/sfy4bb5i.json
[2024-07-15T00:11:27.585+0100] {model.py:2042} DEBUG - idx 0
[2024-07-15T00:11:27.586+0100] {model.py:2043} DEBUG - running CmdStan, num_threads: None
[2024-07-15T00:11:27.586+0100] {model.py:2055} DEBUG - CmdStan args: ['/Library/Frameworks/Python.framework/Versions/3.12/lib/python3.12/site-packages/prophet/stan_model/prophet_model.bin', 'random', 'seed=95325', 'data', 'file=/var/folders/ml/zd6cs33j1gs1prd5lpns9pnc0000gn/T/tmplgk1u_sh/2fc56jfh.json', 'init=/var/folders/ml/zd6cs33j1gs1prd5lpns9pnc0000gn/T/tmplgk1u_sh/sfy4bb5i.json', 'output', 'file=/var/folders/ml/zd6cs33j1gs1prd5lpns9pnc0000gn/T/tmplgk1u_sh/prophet_modelv2rvkhkf/prophet_model-20240715001127.csv', 'method=optimize', 'algorithm=lbfgs', 'iter=10000']
[2024-07-15T00:11:27.587+0100] {logging_mixin.py:188} WARNING - 00:11:27 - cmdstanpy - INFO - Chain [1] start processing
[2024-07-15T00:11:27.587+0100] {model.py:2058} INFO - Chain [1] start processing
[2024-07-15T00:11:32.308+0100] {logging_mixin.py:188} WARNING - 00:11:32 - cmdstanpy - INFO - Chain [1] done processing
[2024-07-15T00:11:32.307+0100] {model.py:2115} INFO - Chain [1] done processing
[2024-07-15T00:11:32.555+0100] {python.py:237} INFO - Done. Returned value was: None
[2024-07-15T00:11:32.556+0100] {taskinstance.py:441} INFO - ::group::Post task execution logs
[2024-07-15T00:11:32.567+0100] {taskinstance.py:1206} INFO - Marking task as SUCCESS. dag_id=morning, task_id=fit_prediction, run_id=manual__2024-07-14T23:08:35.572640+00:00, execution_date=20240714T230835, start_date=20240714T231126, end_date=20240714T231132
[2024-07-15T00:11:32.621+0100] {local_task_job_runner.py:240} INFO - Task exited with return code 0
[2024-07-15T00:11:32.642+0100] {taskinstance.py:3503} INFO - 0 downstream tasks scheduled from follow-on schedule check
[2024-07-15T00:11:32.642+0100] {local_task_job_runner.py:222} INFO - ::endgroup::
