[2024-07-13T20:40:03.481+0100] {local_task_job_runner.py:120} INFO - ::group::Pre task execution logs
[2024-07-13T20:40:03.521+0100] {taskinstance.py:2076} INFO - Dependencies all met for dep_context=non-requeueable deps ti=<TaskInstance: pleaserun.fit_prediction manual__2024-07-13T19:38:26.332100+00:00 [queued]>
[2024-07-13T20:40:03.705+0100] {taskinstance.py:2076} INFO - Dependencies all met for dep_context=requeueable deps ti=<TaskInstance: pleaserun.fit_prediction manual__2024-07-13T19:38:26.332100+00:00 [queued]>
[2024-07-13T20:40:03.705+0100] {taskinstance.py:2306} INFO - Starting attempt 1 of 1
[2024-07-13T20:40:03.716+0100] {taskinstance.py:2330} INFO - Executing <Task(_PythonDecoratedOperator): fit_prediction> on 2024-07-13 19:38:26.332100+00:00
[2024-07-13T20:40:03.735+0100] {logging_mixin.py:188} WARNING - /Library/Frameworks/Python.framework/Versions/3.12/lib/python3.12/site-packages/airflow/task/task_runner/standard_task_runner.py:61 DeprecationWarning: This process (pid=12808) is multi-threaded, use of fork() may lead to deadlocks in the child.
[2024-07-13T20:40:03.737+0100] {standard_task_runner.py:63} INFO - Started process 12820 to run task
[2024-07-13T20:40:03.738+0100] {standard_task_runner.py:90} INFO - Running: ['airflow', 'tasks', 'run', 'pleaserun', 'fit_prediction', 'manual__2024-07-13T19:38:26.332100+00:00', '--job-id', '7', '--raw', '--subdir', 'DAGS_FOLDER/dag2.py', '--cfg-path', '/var/folders/ml/zd6cs33j1gs1prd5lpns9pnc0000gn/T/tmp1oq6rqaf']
[2024-07-13T20:40:03.740+0100] {standard_task_runner.py:91} INFO - Job 7: Subtask fit_prediction
[2024-07-13T20:40:03.803+0100] {task_command.py:426} INFO - Running <TaskInstance: pleaserun.fit_prediction manual__2024-07-13T19:38:26.332100+00:00 [running]> on host MAKs-MacBook-Pro.local
[2024-07-13T20:40:03.977+0100] {taskinstance.py:2648} INFO - Exporting env vars: AIRFLOW_CTX_DAG_OWNER='airflow' AIRFLOW_CTX_DAG_ID='pleaserun' AIRFLOW_CTX_TASK_ID='fit_prediction' AIRFLOW_CTX_EXECUTION_DATE='2024-07-13T19:38:26.332100+00:00' AIRFLOW_CTX_TRY_NUMBER='1' AIRFLOW_CTX_DAG_RUN_ID='manual__2024-07-13T19:38:26.332100+00:00'
[2024-07-13T20:40:03.985+0100] {taskinstance.py:430} INFO - ::endgroup::
[2024-07-13T20:40:04.687+0100] {forecaster.py:961} INFO - Disabling daily seasonality. Run prophet with daily_seasonality=True to override this.
[2024-07-13T20:40:04.982+0100] {filesystem.py:118} DEBUG - input tempfile: /var/folders/ml/zd6cs33j1gs1prd5lpns9pnc0000gn/T/tmp78spil8l/elrwby7i.json
[2024-07-13T20:40:07.449+0100] {filesystem.py:118} DEBUG - input tempfile: /var/folders/ml/zd6cs33j1gs1prd5lpns9pnc0000gn/T/tmp78spil8l/6wrxecdr.json
[2024-07-13T20:40:07.471+0100] {model.py:2042} DEBUG - idx 0
[2024-07-13T20:40:07.472+0100] {model.py:2043} DEBUG - running CmdStan, num_threads: None
[2024-07-13T20:40:07.472+0100] {model.py:2055} DEBUG - CmdStan args: ['/Library/Frameworks/Python.framework/Versions/3.12/lib/python3.12/site-packages/prophet/stan_model/prophet_model.bin', 'random', 'seed=150', 'data', 'file=/var/folders/ml/zd6cs33j1gs1prd5lpns9pnc0000gn/T/tmp78spil8l/elrwby7i.json', 'init=/var/folders/ml/zd6cs33j1gs1prd5lpns9pnc0000gn/T/tmp78spil8l/6wrxecdr.json', 'output', 'file=/var/folders/ml/zd6cs33j1gs1prd5lpns9pnc0000gn/T/tmp78spil8l/prophet_modelloj8hb8j/prophet_model-20240713204007.csv', 'method=optimize', 'algorithm=lbfgs', 'iter=10000']
[2024-07-13T20:40:07.473+0100] {logging_mixin.py:188} WARNING - 20:40:07 - cmdstanpy - INFO - Chain [1] start processing
[2024-07-13T20:40:07.473+0100] {model.py:2058} INFO - Chain [1] start processing
[2024-07-13T20:41:50.961+0100] {logging_mixin.py:188} WARNING - 20:41:50 - cmdstanpy - INFO - Chain [1] done processing
[2024-07-13T20:41:50.959+0100] {model.py:2115} INFO - Chain [1] done processing
[2024-07-13T20:41:51.188+0100] {python.py:237} INFO - Done. Returned value was: None
[2024-07-13T20:41:51.189+0100] {taskinstance.py:441} INFO - ::group::Post task execution logs
[2024-07-13T20:41:51.199+0100] {taskinstance.py:1206} INFO - Marking task as SUCCESS. dag_id=pleaserun, task_id=fit_prediction, run_id=manual__2024-07-13T19:38:26.332100+00:00, execution_date=20240713T193826, start_date=20240713T194003, end_date=20240713T194151
[2024-07-13T20:41:51.264+0100] {local_task_job_runner.py:240} INFO - Task exited with return code 0
[2024-07-13T20:41:51.291+0100] {taskinstance.py:3503} INFO - 0 downstream tasks scheduled from follow-on schedule check
[2024-07-13T20:41:51.292+0100] {local_task_job_runner.py:222} INFO - ::endgroup::
