[2024-07-14T15:42:34.240+0100] {local_task_job_runner.py:120} INFO - ::group::Pre task execution logs
[2024-07-14T15:42:34.318+0100] {taskinstance.py:2076} INFO - Dependencies all met for dep_context=non-requeueable deps ti=<TaskInstance: pleaserun.fit_prediction scheduled__2024-07-14T14:20:00+00:00 [queued]>
[2024-07-14T15:42:34.332+0100] {taskinstance.py:2076} INFO - Dependencies all met for dep_context=requeueable deps ti=<TaskInstance: pleaserun.fit_prediction scheduled__2024-07-14T14:20:00+00:00 [queued]>
[2024-07-14T15:42:34.332+0100] {taskinstance.py:2306} INFO - Starting attempt 1 of 1
[2024-07-14T15:42:34.352+0100] {taskinstance.py:2330} INFO - Executing <Task(_PythonDecoratedOperator): fit_prediction> on 2024-07-14 14:20:00+00:00
[2024-07-14T15:42:34.420+0100] {logging_mixin.py:188} WARNING - /Library/Frameworks/Python.framework/Versions/3.12/lib/python3.12/site-packages/airflow/task/task_runner/standard_task_runner.py:61 DeprecationWarning: This process (pid=1788) is multi-threaded, use of fork() may lead to deadlocks in the child.
[2024-07-14T15:42:34.432+0100] {standard_task_runner.py:63} INFO - Started process 1803 to run task
[2024-07-14T15:42:34.431+0100] {standard_task_runner.py:90} INFO - Running: ['airflow', 'tasks', 'run', 'pleaserun', 'fit_prediction', 'scheduled__2024-07-14T14:20:00+00:00', '--job-id', '15', '--raw', '--subdir', 'DAGS_FOLDER/dag1.py', '--cfg-path', '/var/folders/ml/zd6cs33j1gs1prd5lpns9pnc0000gn/T/tmpj0xzvqai']
[2024-07-14T15:42:34.433+0100] {standard_task_runner.py:91} INFO - Job 15: Subtask fit_prediction
[2024-07-14T15:42:34.551+0100] {task_command.py:426} INFO - Running <TaskInstance: pleaserun.fit_prediction scheduled__2024-07-14T14:20:00+00:00 [running]> on host MAKs-MacBook-Pro.local
[2024-07-14T15:42:35.035+0100] {taskinstance.py:2648} INFO - Exporting env vars: AIRFLOW_CTX_DAG_OWNER='airflow' AIRFLOW_CTX_DAG_ID='pleaserun' AIRFLOW_CTX_TASK_ID='fit_prediction' AIRFLOW_CTX_EXECUTION_DATE='2024-07-14T14:20:00+00:00' AIRFLOW_CTX_TRY_NUMBER='1' AIRFLOW_CTX_DAG_RUN_ID='scheduled__2024-07-14T14:20:00+00:00'
[2024-07-14T15:42:35.040+0100] {taskinstance.py:430} INFO - ::endgroup::
[2024-07-14T15:42:36.458+0100] {forecaster.py:961} INFO - Disabling daily seasonality. Run prophet with daily_seasonality=True to override this.
[2024-07-14T15:42:37.004+0100] {filesystem.py:118} DEBUG - input tempfile: /var/folders/ml/zd6cs33j1gs1prd5lpns9pnc0000gn/T/tmpt2rah976/ueh91hov.json
[2024-07-14T15:42:41.241+0100] {filesystem.py:118} DEBUG - input tempfile: /var/folders/ml/zd6cs33j1gs1prd5lpns9pnc0000gn/T/tmpt2rah976/umju66i9.json
[2024-07-14T15:42:41.244+0100] {model.py:2042} DEBUG - idx 0
[2024-07-14T15:42:41.244+0100] {model.py:2043} DEBUG - running CmdStan, num_threads: None
[2024-07-14T15:42:41.244+0100] {model.py:2055} DEBUG - CmdStan args: ['/Library/Frameworks/Python.framework/Versions/3.12/lib/python3.12/site-packages/prophet/stan_model/prophet_model.bin', 'random', 'seed=53139', 'data', 'file=/var/folders/ml/zd6cs33j1gs1prd5lpns9pnc0000gn/T/tmpt2rah976/ueh91hov.json', 'init=/var/folders/ml/zd6cs33j1gs1prd5lpns9pnc0000gn/T/tmpt2rah976/umju66i9.json', 'output', 'file=/var/folders/ml/zd6cs33j1gs1prd5lpns9pnc0000gn/T/tmpt2rah976/prophet_modelfqgm6uur/prophet_model-20240714154241.csv', 'method=optimize', 'algorithm=lbfgs', 'iter=10000']
[2024-07-14T15:42:41.245+0100] {logging_mixin.py:188} WARNING - 15:42:41 - cmdstanpy - INFO - Chain [1] start processing
[2024-07-14T15:42:41.245+0100] {model.py:2058} INFO - Chain [1] start processing
[2024-07-14T15:44:37.714+0100] {logging_mixin.py:188} WARNING - 15:44:37 - cmdstanpy - INFO - Chain [1] done processing
[2024-07-14T15:44:37.712+0100] {model.py:2115} INFO - Chain [1] done processing
[2024-07-14T15:44:38.049+0100] {python.py:237} INFO - Done. Returned value was: None
[2024-07-14T15:44:38.050+0100] {taskinstance.py:441} INFO - ::group::Post task execution logs
[2024-07-14T15:44:38.063+0100] {taskinstance.py:1206} INFO - Marking task as SUCCESS. dag_id=pleaserun, task_id=fit_prediction, run_id=scheduled__2024-07-14T14:20:00+00:00, execution_date=20240714T142000, start_date=20240714T144234, end_date=20240714T144438
[2024-07-14T15:44:38.130+0100] {local_task_job_runner.py:240} INFO - Task exited with return code 0
[2024-07-14T15:44:38.179+0100] {taskinstance.py:3503} INFO - 0 downstream tasks scheduled from follow-on schedule check
[2024-07-14T15:44:38.180+0100] {local_task_job_runner.py:222} INFO - ::endgroup::
