[2024-07-15T20:38:13.168+0100] {local_task_job_runner.py:120} INFO - ::group::Pre task execution logs
[2024-07-15T20:38:13.206+0100] {taskinstance.py:2076} INFO - Dependencies all met for dep_context=non-requeueable deps ti=<TaskInstance: morning.fit_prediction scheduled__2024-07-12T06:00:00+00:00 [queued]>
[2024-07-15T20:38:13.213+0100] {taskinstance.py:2076} INFO - Dependencies all met for dep_context=requeueable deps ti=<TaskInstance: morning.fit_prediction scheduled__2024-07-12T06:00:00+00:00 [queued]>
[2024-07-15T20:38:13.213+0100] {taskinstance.py:2306} INFO - Starting attempt 1 of 1
[2024-07-15T20:38:13.224+0100] {taskinstance.py:2330} INFO - Executing <Task(_PythonDecoratedOperator): fit_prediction> on 2024-07-12 06:00:00+00:00
[2024-07-15T20:38:13.240+0100] {logging_mixin.py:188} WARNING - /Library/Frameworks/Python.framework/Versions/3.12/lib/python3.12/site-packages/airflow/task/task_runner/standard_task_runner.py:61 DeprecationWarning: This process (pid=2528) is multi-threaded, use of fork() may lead to deadlocks in the child.
[2024-07-15T20:38:13.241+0100] {standard_task_runner.py:63} INFO - Started process 2562 to run task
[2024-07-15T20:38:13.244+0100] {standard_task_runner.py:90} INFO - Running: ['airflow', 'tasks', 'run', 'morning', 'fit_prediction', 'scheduled__2024-07-12T06:00:00+00:00', '--job-id', '10', '--raw', '--subdir', 'DAGS_FOLDER/dag1.py', '--cfg-path', '/var/folders/ml/zd6cs33j1gs1prd5lpns9pnc0000gn/T/tmpf8a6u7ig']
[2024-07-15T20:38:13.247+0100] {standard_task_runner.py:91} INFO - Job 10: Subtask fit_prediction
[2024-07-15T20:38:13.314+0100] {task_command.py:426} INFO - Running <TaskInstance: morning.fit_prediction scheduled__2024-07-12T06:00:00+00:00 [running]> on host MAKs-MacBook-Pro.local
[2024-07-15T20:38:13.506+0100] {taskinstance.py:2648} INFO - Exporting env vars: AIRFLOW_CTX_DAG_OWNER='airflow' AIRFLOW_CTX_DAG_ID='morning' AIRFLOW_CTX_TASK_ID='fit_prediction' AIRFLOW_CTX_EXECUTION_DATE='2024-07-12T06:00:00+00:00' AIRFLOW_CTX_TRY_NUMBER='1' AIRFLOW_CTX_DAG_RUN_ID='scheduled__2024-07-12T06:00:00+00:00'
[2024-07-15T20:38:13.507+0100] {taskinstance.py:430} INFO - ::endgroup::
[2024-07-15T20:38:13.976+0100] {forecaster.py:961} INFO - Disabling daily seasonality. Run prophet with daily_seasonality=True to override this.
[2024-07-15T20:38:14.082+0100] {filesystem.py:118} DEBUG - input tempfile: /var/folders/ml/zd6cs33j1gs1prd5lpns9pnc0000gn/T/tmpea_audun/0fhnozgu.json
[2024-07-15T20:38:14.496+0100] {filesystem.py:118} DEBUG - input tempfile: /var/folders/ml/zd6cs33j1gs1prd5lpns9pnc0000gn/T/tmpea_audun/v26_zjlu.json
[2024-07-15T20:38:14.503+0100] {model.py:2042} DEBUG - idx 0
[2024-07-15T20:38:14.503+0100] {model.py:2043} DEBUG - running CmdStan, num_threads: None
[2024-07-15T20:38:14.504+0100] {model.py:2055} DEBUG - CmdStan args: ['/Library/Frameworks/Python.framework/Versions/3.12/lib/python3.12/site-packages/prophet/stan_model/prophet_model.bin', 'random', 'seed=4233', 'data', 'file=/var/folders/ml/zd6cs33j1gs1prd5lpns9pnc0000gn/T/tmpea_audun/0fhnozgu.json', 'init=/var/folders/ml/zd6cs33j1gs1prd5lpns9pnc0000gn/T/tmpea_audun/v26_zjlu.json', 'output', 'file=/var/folders/ml/zd6cs33j1gs1prd5lpns9pnc0000gn/T/tmpea_audun/prophet_model9ib5uw22/prophet_model-20240715203814.csv', 'method=optimize', 'algorithm=lbfgs', 'iter=10000']
[2024-07-15T20:38:14.504+0100] {logging_mixin.py:188} WARNING - 20:38:14 - cmdstanpy - INFO - Chain [1] start processing
[2024-07-15T20:38:14.504+0100] {model.py:2058} INFO - Chain [1] start processing
[2024-07-15T20:38:19.504+0100] {logging_mixin.py:188} WARNING - 20:38:19 - cmdstanpy - INFO - Chain [1] done processing
[2024-07-15T20:38:19.503+0100] {model.py:2115} INFO - Chain [1] done processing
[2024-07-15T20:38:19.642+0100] {python.py:237} INFO - Done. Returned value was: None
[2024-07-15T20:38:19.643+0100] {taskinstance.py:441} INFO - ::group::Post task execution logs
[2024-07-15T20:38:19.650+0100] {taskinstance.py:1206} INFO - Marking task as SUCCESS. dag_id=morning, task_id=fit_prediction, run_id=scheduled__2024-07-12T06:00:00+00:00, execution_date=20240712T060000, start_date=20240715T193813, end_date=20240715T193819
[2024-07-15T20:38:19.712+0100] {local_task_job_runner.py:240} INFO - Task exited with return code 0
[2024-07-15T20:38:19.727+0100] {taskinstance.py:3503} INFO - 0 downstream tasks scheduled from follow-on schedule check
[2024-07-15T20:38:19.728+0100] {local_task_job_runner.py:222} INFO - ::endgroup::
